// Using locale /usr/share/locale/
// en_US.UTF8
// /usr/share/locale/
// giac
// UTF-8
// Maximum number of parallel threads 1
// Giac share root-directory:/usr/share/giac/
// Giac share root-directory:/usr/share/giac/
Added 0 synonyms
// Giac share root-directory:/usr/share/giac/
// Warning: x,f, declared as global variable(s). If symbolic variables are required, declare them as local and run purge
// End defining g
// Success
// End defining f
// Warning: f, declared as global variable(s). If symbolic variables are required, declare them as local and run purge
// End defining df
// Warning: J, declared as global variable(s). If symbolic variables are required, declare them as local and run purge
// End defining f
// Warning: p, declared as global variable(s). If symbolic variables are required, declare them as local and run purge
// End defining f
// Warning: x,m,p,dp,u,s,t,d,invdp, declared as global variable(s). If symbolic variables are required, declare them as local and run purge
// End defining Dunford
============== restarted ===============
// Time 0
// Time 0
// Time 0
// Time 0
// Time 0
// Time 0
// Time 0
// Time 0
// Time 0
// Time 0
// Time 0
// Time 0
// Time 0
// Time 0
// Time 0
// Time 0
// Time 0
// Time 0
// Time 0
// Time 0
// Time 0
// Time 0
// Time 0
// Time 0
// Time 0.01
// Time 0
// Time 0
// Time 0.01
0.0857864376269
0.00245310429357
2.12390141741e-06
1.5916157281e-12
0.0
0.0
0.0
0.0
0.0
0.0
0.0
0.0
0.0
0.0
// Time 0.01
// Time 0
// Time 0
// Time 0
// Time 0
// Time 0
// Time 0.01
// Time 0
// Time 0.01
// Time 0
// Time 0.01
// Time 0
// Time 0.08
// Time 0
// Time 0
// Time 0
// Time 0
// Time 0
// Time 0
// Time 0
// Time 0
// Time 0
// Time 0
// Time 0
// Time 0
// Time 0
// Time 0
Warning, the test a==b is performed by checking
that the internal representation of regroup(a-b) is not 0.
Therefore a==b may return false even if a and b are mathematically equal,
if they have different internal representations.
You can explicitly call a simplification function like simplify(a-b)==0 to avoid this.
// Time 0.01
// Time 0
// Time 0
// Time 0.02
// Time 0
// Total time 0.17
PASS chk_fhan7 (exit status: 0)
