// Using locale /usr/share/locale/
// fr_FR.UTF-8
// /usr/share/locale/
// giac
// UTF-8
// Maximum number of parallel threads 1
// Giac share root-directory:/usr/share/giac/
// Giac share root-directory:/usr/share/giac/
Added 0 synonyms
// Giac share root-directory:/usr/share/giac/
// Time 0
// Time 0
// Time 0
// Time 0.01
// Time 0
// Time 0.01
// Time 0
// Time 0.06
// Time 0
// Time 0.03
// Time 0
// Time 0.02
// Time 0
// Time 0.02
// Time 0
// Time 0.01
// Time 0
// Time 0.01
// Time 0
// Time 0.01
// Time 0
// Time 0.01
// Time 0
// Time 0.02
// Time 0
// Time 0.02
// Time 0
// Time 0.01
// Time 0
// Time 0
// Time 0
// Time 0.01
// Time 0
// Time 0
// Time 0

Temps mis pour l'évaluation: 3.55
// Time 3.55
// Time 0
// Time 0
// Time 0
// Time 0.01
// Time 0
// Time 0
// Time 0
// Time 0.04
// Time 0
// Time 0
// Time 0
// Time 0.01
// Time 0

Temps mis pour l'évaluation: 1.88
// Time 1.88
// Time 0
// Time 0.04
// Total time 5.78
PASS chk_limit (exit status: 0)
