// Using locale /usr/share/locale/
// C
// /usr/share/locale/
// giac
// UTF-8
// Maximum number of parallel threads 1
// Unable to find keyword file doc/en/keywords
Added 0 synonyms
============== restarted ===============
// Time 0
// Time 0.01
// Time 0
// Time 0
// Time 0
// Time 0
// Time 0
// Time 0
// Time 0
// Time 0
// Time 0
// Time 0
// Time 0
// Time 0
// Time 0
// Time 0
// Time 0
// Time 0
// Time 0
// Time 0
// Time 0
Warning: non-square matrix!
// Time 0
// Time 0
Warning: non-square matrix!
// Time 0
// Time 0
// Time 0
Hyperbola of center (1201/284,-523/568)
// Time 0.01
// Time 0.06
// Time 0
// Time 0
// Time 0
// Time 0
// Time 0
// Time 0
// Time 0
// Time 0
// Time 0.02
// Time 0
// Time 0
// Time 0
// Time 0
// Time 0
// Time 0.01
// Time 0
// Time 0
// Time 0
Line A-5*B+1=0
Line A-3*B-6=0
Line A-2*B-3=0
Line A-2*B+2=0
Line A-B+1=0
// Time 0.01
// Total time 0.12
PASS chk_fhan20 (exit status: 0)
