// Using locale /usr/share/locale/
// fr_FR.UTF-8
// /usr/share/locale/
// giac
// UTF-8
// Maximum number of parallel threads 1
// Giac share root-directory:/usr/share/giac/
// Giac share root-directory:/usr/share/giac/
Added 0 synonyms
// Giac share root-directory:/usr/share/giac/
// Time 0.01
// Time 0.01
// Time 0.01
// Time 0
// Time 0
// Time 0
// Time 0
// Time 0
// Time 0.25
// Time 0
// Time 0
// Time 0
// Time 0
// Time 0

Temps mis pour l'évaluation: 3.37
// Time 3.38
// Total time 3.66
PASS chk_normalize (exit status: 0)
