// Using locale /usr/share/locale/
// C
// /usr/share/locale/
// giac
// UTF-8
// Maximum number of parallel threads 1
// Giac share root-directory:/usr/share/giac/
// Giac share root-directory:/usr/share/giac/
Added 0 synonyms
// Giac share root-directory:/usr/share/giac/
// Warning: a, declared as global variable(s). If symbolic variables are required, declare them as local and run purge
// Success
// Success
// Success
// Success
// Success
// Success
// Success
// Success
// End defining T
============== restarted ===============
// Time 0
// Time 0
// Time 0
// Time 0
// Time 0
// Time 0
// Time 0
// Time 0
// Time 0
0
0
0
0
0
0
0
0
0
0
0
0
0
0
0
0
// Time 0.02
// Time 0
// Time 0
// Time 0
// Time 0
0
0
0
0
0
0
0
0
0
// Time 0.04
// Time 0
// Time 0
// Time 0
// Time 0
// Time 0
0
0
0
0
// Time 0.07
// Time 0
// Time 0
// Time 0
// Time 0
0
// Time 0.08
// Time 0
// Time 0.01
// Time 0
// Time 0
// Time 0
// Time 0
// Time 0
// Time 0
// Time 0
// Time 0
// Time 0.01
// Time 0
// Time 0
// Time 0
// Time 0
// Time 0
// Time 0
// Time 0.01
// Time 0
// Time 0
// Time 0
// Time 0.02
  ***   Warning: increasing stack size to 2048000.
  *** _ZM_mul_worker: Warning: increasing stack size to 4096000.
// Time 0.17
// Time 0.14
// Time 0.14
// Time 0
// Time 0
// Time 0
// Time 0.01
// Time 0.15
// Time 0.21
// Time 0.2
// Time 0
// Time 0
// Time 0
// Time 0
// Time 0
// Time 0.4
// Time 0.16
// Time 0.17
// Time 0.11
// Time 0.01
// Time 0
// Time 0
// Time 0
// Time 0
// Time 0
// Time 0.31
// Time 0
// Time 0.01
// Time 0

Evaluation time: 0.97
// Time 0.97
// Time 0
// Time 0
// Time 0
// Time 0
// Time 0
// Time 0
// Time 0
// Time 0
// Time 0
// Time 0
// Time 0
// Time 0
// Time 0
// Time 0
// Time 0
// Time 0
// Time 0
// Time 0
// Time 0
// Time 0
// Time 0
// Time 0
// Time 0
// Time 0
// Total time 3.42
PASS chk_fhan4 (exit status: 0)
