// Using locale /usr/share/locale/
// en_US.UTF8
// /usr/share/locale/
// giac
// UTF-8
// Maximum number of parallel threads 1
// Giac share root-directory:/usr/share/giac/
// Giac share root-directory:/usr/share/giac/
Added 0 synonyms
// Giac share root-directory:/usr/share/giac/
// Time 0
// Time 0.01
// Time 0
// Time 0
// Time 0
// Time 0.01
// Time 0
// Time 0
// Time 0
// Time 0
// Time 0.06
// Time 0.01
// Time 0.05
// Time 0
// Time 0.01
// Time 0.02
// Time 0
// Time 0.01
// Time 0
// Time 0.03
// Time 0
// Time 0
// Time 0
// Time 0.01
// Time 0
// Time 0
// Time 0
// Time 0.02
// Time 0
// Time 0
// Time 0
// Time 0.02
// Time 0
// Time 0
// Time 0.01
// Time 0.02
// Time 0
// Time 0
// Time 0.01
// Time 0
// Time 0
// Time 0
// Time 0.01
// Time 0
No checks were made for singular points of antiderivative -1/ln(t) for definite integration in [2,x]
// Time 0
No checks were made for singular points of antiderivative ln(n+1)+2*ln(n+2)-3*ln(n+3)+n*ln(1+2/n/(n+3)) for definite integration in [1,+infinity]
// Time 0.01
No checks were made for singular points of antiderivative (t^2*n^2-t*pi*n^2-2)*n^3/(-n^3)^2*cos(n*t)-(2*t*n-pi*n)*n^3/(-n^3)^2*sin(n*t) for definite integration in [0,pi]
// Time 0.01
No checks were made for singular points of antiderivative exp(t)*(1/(1+n^2)*cos(n*t)+n/(1+n^2)*sin(n*t)) for definite integration in [-pi,pi]
// Time 0
No checks were made for singular points of antiderivative exp(-x)*(-1/2*cos(x)+1/2*sin(x)) for definite integration in [0,+infinity]
// Time 0.01
// Time 0.17
Warning, integration of abs or sign assumes constant sign by intervals (correct if the argument is real):
Check [abs(ln(x))]
Discontinuities at zeroes of ln(x) were not checked
No checks were made for singular points of antiderivative x^2*exp(sign(ln(x))*ln(x))/(sign(ln(x))+2) for definite integration in [2,t]
// Time 0.02
No checks were made for singular points of antiderivative 1/sqrt(2)*exp(-t^2/2)*2/t*sqrt(t*x) for definite integration in [a,b]
// Time 0.01
// Time 0
// Time 0.05
// Time 0.01
// Time 0
// Time 0
// Time 0
// Time 0
// Time 0
// Time 0.01
// Time 0
// Time 0
// Time 0
// Time 0
// Time 0.01
// Time 0
// Total time 0.62
PASS chk_integrate (exit status: 0)
