// Using locale /usr/share/locale/
// C
// /usr/share/locale/
// giac
// UTF-8
// Maximum number of parallel threads 1
// Unable to find keyword file doc/en/keywords
Added 0 synonyms
// Warning: x,y,z, declared as global variable(s). If symbolic variables are required, declare them as local and run purge
// End defining rl
// Warning: rl, declared as global variable(s). If symbolic variables are required, declare them as local and run purge
// End defining ql
============== restarted ===============
// Time 0
// Time 0
// Time 0
// Time 0
Near [2,1], 1/epsilon^2*f([2,1]+epsilon*[1,t])=-6+2*t+10*t^2 roots [-0.881024967591,0.681024967591]
Near [2,1], 1/epsilon^2*f([2,1]+epsilon*[1,t])=-6+2*t+10*t^2 roots [-0.881024967591,0.681024967591]
Singular points directions: [cell_i, cell_j, singularity, next solution] [[60,55,2.0+i,2.06666666667+0.939938800939*i],[60,55,2.0+i,1.93333333333+1.0574044987*i],[60,55,2.0+i,2.06666666667+1.04434273302*i],[60,55,2.0+i,1.93333333333+0.953437648204*i],[60,55,2.0+i,2.06666666667+0.939938800939*i],[60,55,2.0+i,1.93333333333+1.0574044987*i],[60,55,2.0+i,2.06666666667+1.04434273302*i],[60,55,2.0+i,1.93333333333+0.953437648204*i]]
Warning! Could not loop or reach boundaries 
Warning! Could not loop or reach boundaries 
Warning! Could not loop or reach boundaries 
Warning! Could not loop or reach boundaries 
Warning! Could not loop or reach boundaries 
// Time 0.06
// Time 0
// Time 0
// Time 0
// Time 0
// Time 0
c'est bon, le point trouve est bien sur la cubique
// Time 0
// Time 0
// Time 0
// Time 0
// Time 0
// Time 0
// Time 0
S est
 bien  lisse. on peut continuer!
// Time 0.01
// Time 0
// Time 0
// Time 0
// Time 0
// Time 0
// Time 0
// Time 0
c'est bon
// Time 0
// Time 0
// Time 0
// Time 0
// Time 0
// Time 0
// Time 0
// Time 0
// Time 0
// Time 0
// Time 0
// Time 0.02
// Time 0
// Time 0
// Time 0.08
// Time 0.01
// Time 0
// Time 0
// Time 0
// Time 0
// Time 0
// Time 0
Warning, argument is not an equation, solving (-4*a^6*u+10*a^6*v+57*a^6-18*a^5*u-13*a^5*v+13*a^5-4*a^4*u-15*a^4*v+92*a^4-10*a^3*u+67*a^3*v-458*a^3-66*a^2*u+91*a^2*v+523*a^2-62*a*u+36*a*v-885*a-16*u+4*v+298)/(a^6-2*a^5+9*a^4-16*a^3+24*a^2-32*a+16)=0
// Time 0
// Time 0.01
// Time 0.01
// Time 0
// Time 0
// Time 0
// Time 0
// Time 0
// Time 0
// Time 0
// Time 0.01
// Time 0
// Time 0
// Time 0
c'est bien de degre 27
// Time 0
// Total time 0.21
PASS chk_fhan17 (exit status: 0)
