// Using locale /usr/share/locale/
// C
// /usr/share/locale/
// giac
// UTF-8
// Maximum number of parallel threads 1
// Giac share root-directory:/usr/share/giac/
// Giac share root-directory:/usr/share/giac/
Added 0 synonyms
// Giac share root-directory:/usr/share/giac/
// Warning: x,g, declared as global variable(s). If symbolic variables are required, declare them as local and run purge
// Warning: x,tmp, declared as global variable(s). If symbolic variables are required, declare them as local and run purge
// End defining ST
// Warning: PU, declared as global variable(s). If symbolic variables are required, declare them as local and run purge
// Warning: x,j, declared as global variable(s). If symbolic variables are required, declare them as local and run purge
// End defining MU
// Warning: x,MU,U, declared as global variable(s). If symbolic variables are required, declare them as local and run purge
// End defining scalU
// Warning: scalU, declared as global variable(s). If symbolic variables are required, declare them as local and run purge
// Warning: scalU,GS, declared as global variable(s). If symbolic variables are required, declare them as local and run purge
// Warning: x, declared as global variable(s). If symbolic variables are required, declare them as local and run purge
// End defining recip
============== restarted ===============
// Time 0
// Time 0
// Time 0
// Time 0
// Time 0
// Time 0
// Time 0
// Time 0
// Time 0
// Time 0
// Time 0
// Time 0
// Time 0
// Time 0
// Time 0.02
// Time 0.02
// Time 0
// Time 0
// Time 0
// Time 0
// Time 0
// Time 0
// Time 0
// Time 0
// Time 0
// Time 0
// Time 0
// Time 0.04
// Time 0
// Time 0.01
// Time 0
// Time 0
// Time 0
// Time 0
ca doit etre nul,0
ca doit etre nul,0
ca doit etre nul,0
ca doit etre nul,0
// Time 0
// Time 0
// Time 0
// Time 0
// Time 0
// Time 0
// Time 0
// Time 0
// Time 0.08
// Time 0.1
// Time 0
// Time 0
// Time 0
// Total time 0.27
PASS chk_fhan21 (exit status: 0)
