// Using locale /usr/share/locale/
// C
// /usr/share/locale/
// giac
// UTF-8
// Maximum number of parallel threads 1
// Giac share root-directory:/usr/share/giac/
// Giac share root-directory:/usr/share/giac/
Added 0 synonyms
// Giac share root-directory:/usr/share/giac/
// Parsing find_equi
// Warning: Ptest,test, declared as global variable(s). If symbolic variables are required, declare them as local and run purge
// compiling find_equi
// Parsing find_equi
// Warning: Ptest,test, declared as global variable(s). If symbolic variables are required, declare them as local and run purge
// compiling find_equi
// Time 0
q:0
q:1
test equilateral,1,1,1
equilateral,1,1,1,confirme
test equilateral,1,3,13
Warning, the test a==b is performed by checking
that the internal representation of regroup(a-b) is not 0.
Therefore a==b may return false even if a and b are mathematically equal,
if they have different internal representations.
You can explicitly call a simplification function like simplify(a-b)==0 to avoid this.
equilateral,1,3,13,confirme
q:2
q:3
test equilateral,3,13,1
equilateral,3,13,1,confirme
test equilateral,3,17,25
equilateral,3,17,25,confirme
q:4
q:5
test equilateral,5,27,13
equilateral,5,27,13,confirme
test equilateral,5,29,25
equilateral,5,29,25,confirme
q:6
q:7
q:8
q:9
q:10
q:11
q:12
q:13
test equilateral,13,1,3
equilateral,13,1,3,confirme
test equilateral,13,5,27
equilateral,13,5,27,confirme
q:14
q:15
test equilateral,15,15,15
equilateral,15,15,15,confirme
test equilateral,15,17,27
equilateral,15,17,27,confirme
q:16
q:17
test equilateral,17,25,3
equilateral,17,25,3,confirme
test equilateral,17,27,15
equilateral,17,27,15,confirme
q:18
q:19
q:20
q:21
q:22
q:23
q:24
q:25
test equilateral,25,3,17
equilateral,25,3,17,confirme
test equilateral,25,5,29
equilateral,25,5,29,confirme
q:26
q:27
test equilateral,27,13,5
equilateral,27,13,5,confirme
test equilateral,27,15,17
equilateral,27,15,17,confirme
q:28
q:29
test equilateral,29,25,5
equilateral,29,25,5,confirme
test equilateral,29,29,29
equilateral,29,29,29,confirme
q:30
q:31
q:32
q:33
q:34
q:35

Evaluation time: 2.33
// Time 2.33
// Time 0
// Total time 2.33
PASS chk_morley_demo (exit status: 0)
