// Using locale /usr/share/locale/
// C
// /usr/share/locale/
// giac
// UTF-8
// Maximum number of parallel threads 1
// Giac share root-directory:/usr/share/giac/
// Giac share root-directory:/usr/share/giac/
Added 0 synonyms
// Giac share root-directory:/usr/share/giac/
// Warning: j, declared as global variable(s). If symbolic variables are required, declare them as local and run purge
// End defining extr
// Warning: a, declared as global variable(s). If symbolic variables are required, declare them as local and run purge
// Success
// End defining monpolyfaddeev
// Success
// Warning: P,x,k, declared as global variable(s). If symbolic variables are required, declare them as local and run purge
// Warning: x, declared as global variable(s). If symbolic variables are required, declare them as local and run purge
// End defining cf
// Warning: a, declared as global variable(s). If symbolic variables are required, declare them as local and run purge
============== restarted ===============
// Time 0.01
// Time 0
// Time 0
// Time 0
// Time 0
// Time 0
// Time 0
// Time 0
// Time 0
// Time 0
// Time 0
// Time 0
// Time 0
// Time 0
// Time 0
// Time 0.04
// Time 0.01
// Time 0
// Time 0
// Time 0.04
// Time 0
// Time 0
// Time 0
// Time 0.05
// Time 0
// Time 0
// Time 0.14
// GCD eval dimension 24 469362 Vector [1,1,1,1,1,1,1,1,1,1,1,1,1,1,1,1,1,1,1,1,1,1,1,1] 20 Vector [1,1,1,1,1,1,1,1,1,1,1,1,1,1,1,1,1,1,1,1,1,1,1,1]20 
Find_good_eval 469519 [0,0,0,0,0,0,0,0,0,0,0,0,0,0,0,0,0,0,0,0,0,0,0]
Fb= 469545 0
Gb= 469558 0
Find_good_eval 469572 [44,48,82,48,55,-65,-20,72,-86,-16,77,-46,-28,-28,23,-26,-46,-87,88,6,-16,14,69]
Fb= 469868 %%%{-48,[1]%%%}+%%%{106,[0]%%%}
Gb= 470883 %%%{-48,[1]%%%}+%%%{106,[0]%%%}
FOUND good eval470915 [44,48,82,48,55,-65,-20,72,-86,-16,77,-46,-28,-28,23,-26,-46,-87,88,6,-16,14,69]
// evaled GCD deg 1
Trying p/lgcd(p) as gcd 24 470974
lgcd(p) ok 24 471056
Success p/lgcd(p) as gcd 24 471198
// GCD eval dimension 24 472090 Vector [1,1,1,1,1,1,1,1,1,1,1,1,1,1,1,1,1,1,1,1,1,1,1,1] 60 Vector [1,1,1,1,1,1,1,1,1,1,1,1,1,1,1,1,1,1,1,1,1,1,1,1]60 
Find_good_eval 472329 [0,0,0,0,0,0,0,0,0,0,0,0,0,0,0,0,0,0,0,0,0,0,0]
Fb= 472513 0
Gb= 473067 0
Find_good_eval 473089 [71,-78,-74,81,-27,-87,81,-88,51,-8,68,48,-46,-59,-69,84,31,45,-28,99,84,56,-66]
Fb= 475053 %%%{9425,[1]%%%}+%%%{-1684,[0]%%%}
Gb= 475885 %%%{9425,[1]%%%}+%%%{-1684,[0]%%%}
FOUND good eval475896 [71,-78,-74,81,-27,-87,81,-88,51,-8,68,48,-46,-59,-69,84,31,45,-28,99,84,56,-66]
// evaled GCD deg 1
Trying p/lgcd(p) as gcd 24 475926
lgcd(p) ok 24 476073
Success p/lgcd(p) as gcd 24 476096
// GCD eval dimension 24 477293 Vector [1,1,1,1,1,1,1,1,1,1,1,1,1,1,1,1,1,1,1,1,1,1,1,1] 120 Vector [1,1,1,1,1,1,1,1,1,1,1,1,1,1,1,1,1,1,1,1,1,1,1,1]120 
Find_good_eval 477516 [0,0,0,0,0,0,0,0,0,0,0,0,0,0,0,0,0,0,0,0,0,0,0]
Fb= 477566 0
Gb= 477596 0
Find_good_eval 477607 [92,-31,-63,33,44,93,-37,-20,39,-4,-40,-48,10,-58,31,78,81,-22,10,-26,-97,37,-9]
Fb= 479118 %%%{12176,[1]%%%}+%%%{-12422,[0]%%%}
Gb= 480907 %%%{12176,[1]%%%}+%%%{-12422,[0]%%%}
FOUND good eval480924 [92,-31,-63,33,44,93,-37,-20,39,-4,-40,-48,10,-58,31,78,81,-22,10,-26,-97,37,-9]
// evaled GCD deg 1
Trying p/lgcd(p) as gcd 24 480955
lgcd(p) ok 24 481094
Success p/lgcd(p) as gcd 24 481119
// GCD eval dimension 24 482245 Vector [1,1,1,1,1,1,1,1,1,1,1,1,1,1,1,1,1,1,1,1,1,1,1,1] 120 Vector [1,1,1,1,1,1,1,1,1,1,1,1,1,1,1,1,1,1,1,1,1,1,1,1]120 
Find_good_eval 482392 [0,0,0,0,0,0,0,0,0,0,0,0,0,0,0,0,0,0,0,0,0,0,0]
Fb= 482430 0
Gb= 482459 0
Find_good_eval 482470 [-54,60,89,77,-85,76,84,-5,64,-56,74,98,18,26,0,3,86,32,53,-39,32,45,79]
Fb= 483697 %%%{-8899,[1]%%%}+%%%{-1640,[0]%%%}
Gb= 484904 %%%{-8899,[1]%%%}+%%%{-1640,[0]%%%}
FOUND good eval484913 [-54,60,89,77,-85,76,84,-5,64,-56,74,98,18,26,0,3,86,32,53,-39,32,45,79]
// evaled GCD deg 1
Trying p/lgcd(p) as gcd 24 484932
lgcd(p) ok 24 485138
Success p/lgcd(p) as gcd 24 485159
// GCD eval dimension 24 486178 Vector [1,1,1,1,1,1,1,1,1,1,1,1,1,1,1,1,1,1,1,1,1,1,1,1] 20 Vector [1,1,1,1,1,1,1,1,1,1,1,1,1,1,1,1,1,1,1,1,1,1,1,1]20 
Find_good_eval 486407 [0,0,0,0,0,0,0,0,0,0,0,0,0,0,0,0,0,0,0,0,0,0,0]
Fb= 486459 0
Gb= 486472 0
Find_good_eval 486483 [41,43,-31,42,-91,-77,-72,-7,6,-20,-40,81,-64,83,-68,-60,2,92,8,-70,-12,80,-96]
Fb= 486777 %%%{-42,[1]%%%}+%%%{2451,[0]%%%}
Gb= 487043 %%%{-42,[1]%%%}+%%%{2451,[0]%%%}
FOUND good eval487052 [41,43,-31,42,-91,-77,-72,-7,6,-20,-40,81,-64,83,-68,-60,2,92,8,-70,-12,80,-96]
// evaled GCD deg 1
Trying p/lgcd(p) as gcd 24 487073
lgcd(p) ok 24 487111
Success p/lgcd(p) as gcd 24 487125
// GCD eval dimension 24 489182 Vector [1,1,1,1,1,1,1,1,1,1,1,1,1,1,1,1,1,1,1,1,1,1,1,1] 60 Vector [1,1,1,1,1,1,1,1,1,1,1,1,1,1,1,1,1,1,1,1,1,1,1,1]60 
Find_good_eval 489537 [0,0,0,0,0,0,0,0,0,0,0,0,0,0,0,0,0,0,0,0,0,0,0]
Fb= 489610 0
Gb= 489632 0
Find_good_eval 489645 [-29,-95,-68,60,-66,8,34,-7,-21,-18,-46,11,70,-59,63,-86,67,0,-59,28,-36,-43,55]
Fb= 490532 %%%{6321,[1]%%%}+%%%{13148,[0]%%%}
Gb= 491546 %%%{6321,[1]%%%}+%%%{13148,[0]%%%}
FOUND good eval491566 [-29,-95,-68,60,-66,8,34,-7,-21,-18,-46,11,70,-59,63,-86,67,0,-59,28,-36,-43,55]
// evaled GCD deg 1
Trying p/lgcd(p) as gcd 24 491601
lgcd(p) ok 24 491732
Success p/lgcd(p) as gcd 24 491757
// GCD eval dimension 24 492912 Vector [1,1,1,1,1,1,1,1,1,1,1,1,1,1,1,1,1,1,1,1,1,1,1,1] 120 Vector [1,1,1,1,1,1,1,1,1,1,1,1,1,1,1,1,1,1,1,1,1,1,1,1]120 
Find_good_eval 493064 [0,0,0,0,0,0,0,0,0,0,0,0,0,0,0,0,0,0,0,0,0,0,0]
Fb= 493110 0
Gb= 493141 0
Find_good_eval 493151 [-12,-71,-13,-93,-85,-18,93,-22,-43,-7,-3,46,85,31,84,-86,82,76,-49,-25,-65,15,-33]
Fb= 494674 %%%{14286,[1]%%%}+%%%{-13734,[0]%%%}
Gb= 496400 %%%{14286,[1]%%%}+%%%{-13734,[0]%%%}
FOUND good eval496416 [-12,-71,-13,-93,-85,-18,93,-22,-43,-7,-3,46,85,31,84,-86,82,76,-49,-25,-65,15,-33]
// evaled GCD deg 1
Trying p/lgcd(p) as gcd 24 496447
lgcd(p) ok 24 496581
Success p/lgcd(p) as gcd 24 496608
// GCD eval dimension 24 498273 Vector [1,1,1,1,1,1,1,1,1,1,1,1,1,1,1,1,1,1,1,1,1,1,1,1] 120 Vector [1,1,1,1,1,1,1,1,1,1,1,1,1,1,1,1,1,1,1,1,1,1,1,1]120 
Find_good_eval 498422 [0,0,0,0,0,0,0,0,0,0,0,0,0,0,0,0,0,0,0,0,0,0,0]
Fb= 498469 0
Gb= 498498 0
Find_good_eval 498510 [-84,-49,-17,52,-13,-64,24,84,-65,8,-81,22,61,-16,-8,-16,-33,-6,-57,-32,63,73,13]
Fb= 500132 %%%{-13898,[1]%%%}+%%%{-11140,[0]%%%}
Gb= 502203 %%%{-13898,[1]%%%}+%%%{-11140,[0]%%%}
FOUND good eval502221 [-84,-49,-17,52,-13,-64,24,84,-65,8,-81,22,61,-16,-8,-16,-33,-6,-57,-32,63,73,13]
// evaled GCD deg 1
Trying p/lgcd(p) as gcd 24 502250
lgcd(p) ok 24 502502
Success p/lgcd(p) as gcd 24 502537
// GCD eval dimension 24 504223 Vector [1,1,1,1,1,1,1,1,1,1,1,1,1,1,1,1,1,1,1,1,1,1,1,1] 20 Vector [1,1,1,1,1,1,1,1,1,1,1,1,1,1,1,1,1,1,1,1,1,1,1,1]20 
Find_good_eval 504393 [0,0,0,0,0,0,0,0,0,0,0,0,0,0,0,0,0,0,0,0,0,0,0]
Fb= 504430 0
Gb= 504443 0
Find_good_eval 504456 [-3,-97,-13,89,-63,1,7,11,-47,-77,-14,87,-38,-37,13,-94,17,-70,45,77,-80,-85,75]
Fb= 504753 %%%{-89,[1]%%%}+%%%{-9760,[0]%%%}
Gb= 505049 %%%{-89,[1]%%%}+%%%{-9760,[0]%%%}
FOUND good eval505115 [-3,-97,-13,89,-63,1,7,11,-47,-77,-14,87,-38,-37,13,-94,17,-70,45,77,-80,-85,75]
// evaled GCD deg 1
Trying p/lgcd(p) as gcd 24 505253
lgcd(p) ok 24 505345
Success p/lgcd(p) as gcd 24 505366
// GCD eval dimension 24 506785 Vector [1,1,1,1,1,1,1,1,1,1,1,1,1,1,1,1,1,1,1,1,1,1,1,1] 60 Vector [1,1,1,1,1,1,1,1,1,1,1,1,1,1,1,1,1,1,1,1,1,1,1,1]60 
Find_good_eval 506932 [0,0,0,0,0,0,0,0,0,0,0,0,0,0,0,0,0,0,0,0,0,0,0]
Fb= 506984 0
Gb= 507006 0
Find_good_eval 507018 [-92,-8,-33,-35,42,62,91,-55,63,26,66,-29,89,69,-50,-56,89,-63,61,-4,-97,-89,55]
Fb= 507872 %%%{-14180,[1]%%%}+%%%{2663,[0]%%%}
Gb= 508630 %%%{-14180,[1]%%%}+%%%{2663,[0]%%%}
FOUND good eval508639 [-92,-8,-33,-35,42,62,91,-55,63,26,66,-29,89,69,-50,-56,89,-63,61,-4,-97,-89,55]
// evaled GCD deg 1
Trying p/lgcd(p) as gcd 24 508661
lgcd(p) ok 24 508762
Success p/lgcd(p) as gcd 24 508784
// GCD eval dimension 24 510049 Vector [1,1,1,1,1,1,1,1,1,1,1,1,1,1,1,1,1,1,1,1,1,1,1,1] 120 Vector [1,1,1,1,1,1,1,1,1,1,1,1,1,1,1,1,1,1,1,1,1,1,1,1]120 
Find_good_eval 510238 [0,0,0,0,0,0,0,0,0,0,0,0,0,0,0,0,0,0,0,0,0,0,0]
Fb= 510286 0
Gb= 510316 0
Find_good_eval 510326 [30,-21,-65,-82,-62,5,7,87,-69,71,-44,44,-43,85,53,42,-95,-25,59,-68,96,-78,60]
Fb= 511823 %%%{-8336,[1]%%%}+%%%{-2316,[0]%%%}
Gb= 513310 %%%{-8336,[1]%%%}+%%%{-2316,[0]%%%}
FOUND good eval513319 [30,-21,-65,-82,-62,5,7,87,-69,71,-44,44,-43,85,53,42,-95,-25,59,-68,96,-78,60]
// evaled GCD deg 1
Trying p/lgcd(p) as gcd 24 513339
lgcd(p) ok 24 513447
Success p/lgcd(p) as gcd 24 513538
// GCD eval dimension 24 514973 Vector [1,1,1,1,1,1,1,1,1,1,1,1,1,1,1,1,1,1,1,1,1,1,1,1] 120 Vector [1,1,1,1,1,1,1,1,1,1,1,1,1,1,1,1,1,1,1,1,1,1,1,1]120 
Find_good_eval 515120 [0,0,0,0,0,0,0,0,0,0,0,0,0,0,0,0,0,0,0,0,0,0,0]
Fb= 515166 0
Gb= 515195 0
Find_good_eval 515207 [-22,-84,-1,40,-42,98,79,32,2,-92,39,-20,50,72,91,-18,-31,46,18,29,3,-41,-97]
Fb= 516886 %%%{8943,[1]%%%}+%%%{3549,[0]%%%}
Gb= 518517 %%%{8943,[1]%%%}+%%%{3549,[0]%%%}
FOUND good eval518528 [-22,-84,-1,40,-42,98,79,32,2,-92,39,-20,50,72,91,-18,-31,46,18,29,3,-41,-97]
// evaled GCD deg 1
Trying p/lgcd(p) as gcd 24 518554
lgcd(p) ok 24 518737
Success p/lgcd(p) as gcd 24 518760
// GCD eval dimension 24 519430 Vector [1,1,1,1,1,1,1,1,1,1,1,1,1,1,1,1,1,1,1,1,1,1,1,1] 16 Vector [1,1,1,1,1,1,1,1,1,1,1,1,1,1,1,1,1,1,1,1,1,1,1,1]16 
Find_good_eval 519574 [0,0,0,0,0,0,0,0,0,0,0,0,0,0,0,0,0,0,0,0,0,0,0]
Fb= 519598 0
Gb= 519610 0
Find_good_eval 519620 [-38,2,-51,-98,69,-52,72,50,45,-24,-63,28,32,-66,-52,62,23,85,72,-2,-3,-88,-42]
Fb= 519900 %%%{98,[1]%%%}+%%%{8523,[0]%%%}
Gb= 520182 %%%{98,[1]%%%}+%%%{8523,[0]%%%}
FOUND good eval520192 [-38,2,-51,-98,69,-52,72,50,45,-24,-63,28,32,-66,-52,62,23,85,72,-2,-3,-88,-42]
// evaled GCD deg 1
Trying p/lgcd(p) as gcd 24 520213
lgcd(p) ok 24 520240
Success p/lgcd(p) as gcd 24 520252
// GCD eval dimension 24 521944 Vector [1,1,1,1,1,1,1,1,1,1,1,1,1,1,1,1,1,1,1,1,1,1,1,1] 48 Vector [1,1,1,1,1,1,1,1,1,1,1,1,1,1,1,1,1,1,1,1,1,1,1,1]48 
Find_good_eval 522090 [0,0,0,0,0,0,0,0,0,0,0,0,0,0,0,0,0,0,0,0,0,0,0]
Fb= 522131 0
Gb= 522149 0
Find_good_eval 522161 [-96,-55,-34,-9,-29,-86,-35,1,-36,25,99,60,97,-56,8,-38,11,77,3,39,49,-80,-8]
Fb= 523341 %%%{-5977,[1]%%%}+%%%{12640,[0]%%%}
Gb= 524071 %%%{-5977,[1]%%%}+%%%{12640,[0]%%%}
FOUND good eval524081 [-96,-55,-34,-9,-29,-86,-35,1,-36,25,99,60,97,-56,8,-38,11,77,3,39,49,-80,-8]
// evaled GCD deg 1
Trying p/lgcd(p) as gcd 24 524115
lgcd(p) ok 24 524220
Success p/lgcd(p) as gcd 24 524245
// GCD eval dimension 24 525143 Vector [1,1,1,1,1,1,1,1,1,1,1,1,1,1,1,1,1,1,1,1,1,1,1,1] 96 Vector [1,1,1,1,1,1,1,1,1,1,1,1,1,1,1,1,1,1,1,1,1,1,1,1]96 
Find_good_eval 525288 [0,0,0,0,0,0,0,0,0,0,0,0,0,0,0,0,0,0,0,0,0,0,0]
Fb= 525323 0
Gb= 525440 0
Find_good_eval 525451 [-96,87,35,14,-15,40,39,65,-63,-42,-12,14,51,-33,71,-83,-85,11,52,33,-80,76,14]
Fb= 526977 %%%{3414,[1]%%%}+%%%{-11024,[0]%%%}
Gb= 528634 %%%{3414,[1]%%%}+%%%{-11024,[0]%%%}
FOUND good eval528649 [-96,87,35,14,-15,40,39,65,-63,-42,-12,14,51,-33,71,-83,-85,11,52,33,-80,76,14]
// evaled GCD deg 1
Trying p/lgcd(p) as gcd 24 528678
lgcd(p) ok 24 528848
Success p/lgcd(p) as gcd 24 528870
// GCD eval dimension 24 529863 Vector [1,1,1,1,1,1,1,1,1,1,1,1,1,1,1,1,1,1,1,1,1,1,1,1] 96 Vector [1,1,1,1,1,1,1,1,1,1,1,1,1,1,1,1,1,1,1,1,1,1,1,1]96 
Find_good_eval 530011 [0,0,0,0,0,0,0,0,0,0,0,0,0,0,0,0,0,0,0,0,0,0,0]
Fb= 530051 0
Gb= 530077 0
Find_good_eval 530088 [-33,-32,-27,-64,-69,46,-38,97,-52,64,89,94,26,-27,20,-27,57,24,19,-14,-32,-82,79]
Fb= 536366 %%%{-7276,[1]%%%}+%%%{-10294,[0]%%%}
Gb= 550498 %%%{-7276,[1]%%%}+%%%{-10294,[0]%%%}
FOUND good eval550519 [-33,-32,-27,-64,-69,46,-38,97,-52,64,89,94,26,-27,20,-27,57,24,19,-14,-32,-82,79]
// evaled GCD deg 1
Trying p/lgcd(p) as gcd 24 550551
lgcd(p) ok 24 550954
Success p/lgcd(p) as gcd 24 550994
// GCD eval dimension 24 552446 Vector [1,1,1,1,1,1,1,1,1,1,1,1,1,1,1,1,1,1,1,1,1,1,1,1] 20 Vector [1,1,1,1,1,1,1,1,1,1,1,1,1,1,1,1,1,1,1,1,1,1,1,1]20 
Find_good_eval 552601 [0,0,0,0,0,0,0,0,0,0,0,0,0,0,0,0,0,0,0,0,0,0,0]
Fb= 552635 0
Gb= 552648 0
Find_good_eval 552659 [58,81,-88,-45,12,-32,-20,-40,-77,-21,2,-43,22,43,-79,-92,-3,-93,97,18,-21,73,-15]
Fb= 552991 %%%{45,[1]%%%}+%%%{11095,[0]%%%}
Gb= 553464 %%%{45,[1]%%%}+%%%{11095,[0]%%%}
FOUND good eval553476 [58,81,-88,-45,12,-32,-20,-40,-77,-21,2,-43,22,43,-79,-92,-3,-93,97,18,-21,73,-15]
// evaled GCD deg 1
Trying p/lgcd(p) as gcd 24 553514
lgcd(p) ok 24 553552
Success p/lgcd(p) as gcd 24 553565
// GCD eval dimension 24 554332 Vector [1,1,1,1,1,1,1,1,1,1,1,1,1,1,1,1,1,1,1,1,1,1,1,1] 60 Vector [1,1,1,1,1,1,1,1,1,1,1,1,1,1,1,1,1,1,1,1,1,1,1,1]60 
Find_good_eval 554474 [0,0,0,0,0,0,0,0,0,0,0,0,0,0,0,0,0,0,0,0,0,0,0]
Fb= 554547 0
Gb= 554567 0
Find_good_eval 554578 [-4,-46,-60,79,3,-82,-13,-64,65,-72,77,2,80,44,-33,18,97,71,41,20,-42,71,97]
Fb= 557477 %%%{-78,[1]%%%}+%%%{-10815,[0]%%%}
Gb= 560799 %%%{-78,[1]%%%}+%%%{-10815,[0]%%%}
FOUND good eval560818 [-4,-46,-60,79,3,-82,-13,-64,65,-72,77,2,80,44,-33,18,97,71,41,20,-42,71,97]
// evaled GCD deg 1
Trying p/lgcd(p) as gcd 24 560850
lgcd(p) ok 24 560979
Success p/lgcd(p) as gcd 24 561003
// GCD eval dimension 24 563158 Vector [1,1,1,1,1,1,1,1,1,1,1,1,1,1,1,1,1,1,1,1,1,1,1,1] 120 Vector [1,1,1,1,1,1,1,1,1,1,1,1,1,1,1,1,1,1,1,1,1,1,1,1]120 
Find_good_eval 563642 [0,0,0,0,0,0,0,0,0,0,0,0,0,0,0,0,0,0,0,0,0,0,0]
Fb= 563740 0
Gb= 563821 0
Find_good_eval 563842 [-65,22,-4,-8,-94,40,-94,51,37,69,48,59,-92,-84,-59,-80,72,21,32,2,-43,-99,-71]
Fb= 566378 %%%{-3999,[1]%%%}+%%%{263,[0]%%%}
Gb= 569117 %%%{-3999,[1]%%%}+%%%{263,[0]%%%}
FOUND good eval569140 [-65,22,-4,-8,-94,40,-94,51,37,69,48,59,-92,-84,-59,-80,72,21,32,2,-43,-99,-71]
// evaled GCD deg 1
Trying p/lgcd(p) as gcd 24 569251
lgcd(p) ok 24 569433
Success p/lgcd(p) as gcd 24 569459
// GCD eval dimension 24 571709 Vector [1,1,1,1,1,1,1,1,1,1,1,1,1,1,1,1,1,1,1,1,1,1,1,1] 120 Vector [1,1,1,1,1,1,1,1,1,1,1,1,1,1,1,1,1,1,1,1,1,1,1,1]120 
Find_good_eval 574095 [0,0,0,0,0,0,0,0,0,0,0,0,0,0,0,0,0,0,0,0,0,0,0]
Fb= 574228 0
Gb= 574281 0
Find_good_eval 574380 [16,19,34,-59,-77,-5,-94,80,-82,44,18,-19,-38,1,49,-57,-23,-97,68,-33,21,-43,-38]
Fb= 579518 %%%{-12447,[1]%%%}+%%%{8824,[0]%%%}
Gb= 582039 %%%{-12447,[1]%%%}+%%%{8824,[0]%%%}
FOUND good eval582058 [16,19,34,-59,-77,-5,-94,80,-82,44,18,-19,-38,1,49,-57,-23,-97,68,-33,21,-43,-38]
// evaled GCD deg 1
Trying p/lgcd(p) as gcd 24 582089
lgcd(p) ok 24 582316
Success p/lgcd(p) as gcd 24 582337
// GCD eval dimension 24 582926 Vector [1,1,1,1,1,1,1,1,1,1,1,1,1,1,1,1,1,1,1,1,1,1,1,1] 20 Vector [1,1,1,1,1,1,1,1,1,1,1,1,1,1,1,1,1,1,1,1,1,1,1,1]20 
Find_good_eval 583070 [0,0,0,0,0,0,0,0,0,0,0,0,0,0,0,0,0,0,0,0,0,0,0]
Fb= 583092 0
Gb= 583104 0
Find_good_eval 583114 [-3,-4,-83,-8,-38,29,40,-81,-28,-37,-94,39,18,24,-58,14,-99,-66,65,-98,-18,-81,22]
Fb= 583397 %%%{8,[1]%%%}+%%%{6434,[0]%%%}
Gb= 583817 %%%{8,[1]%%%}+%%%{6434,[0]%%%}
FOUND good eval583833 [-3,-4,-83,-8,-38,29,40,-81,-28,-37,-94,39,18,24,-58,14,-99,-66,65,-98,-18,-81,22]
// evaled GCD deg 1
Trying p/lgcd(p) as gcd 24 583865
lgcd(p) ok 24 583915
Success p/lgcd(p) as gcd 24 583932
// GCD eval dimension 24 584753 Vector [1,1,1,1,1,1,1,1,1,1,1,1,1,1,1,1,1,1,1,1,1,1,1,1] 60 Vector [1,1,1,1,1,1,1,1,1,1,1,1,1,1,1,1,1,1,1,1,1,1,1,1]60 
Find_good_eval 584963 [0,0,0,0,0,0,0,0,0,0,0,0,0,0,0,0,0,0,0,0,0,0,0]
Fb= 585005 0
Gb= 585035 0
Find_good_eval 585050 [73,9,30,75,38,-39,85,33,-4,-70,15,2,72,-32,97,-71,93,80,-3,-64,-13,-73,-15]
Fb= 586220 %%%{9638,[1]%%%}+%%%{-8268,[0]%%%}
Gb= 587480 %%%{9638,[1]%%%}+%%%{-8268,[0]%%%}
FOUND good eval587499 [73,9,30,75,38,-39,85,33,-4,-70,15,2,72,-32,97,-71,93,80,-3,-64,-13,-73,-15]
// evaled GCD deg 1
Trying p/lgcd(p) as gcd 24 587557
lgcd(p) ok 24 587675
Success p/lgcd(p) as gcd 24 587696
// GCD eval dimension 24 590169 Vector [1,1,1,1,1,1,1,1,1,1,1,1,1,1,1,1,1,1,1,1,1,1,1,1] 120 Vector [1,1,1,1,1,1,1,1,1,1,1,1,1,1,1,1,1,1,1,1,1,1,1,1]120 
Find_good_eval 590687 [0,0,0,0,0,0,0,0,0,0,0,0,0,0,0,0,0,0,0,0,0,0,0]
Fb= 590824 0
Gb= 590888 0
Find_good_eval 590911 [40,82,-30,57,-86,73,-42,-28,94,84,33,-8,21,-98,-4,36,4,19,92,-77,-22,63,75]
Fb= 594843 %%%{-2640,[1]%%%}+%%%{-11891,[0]%%%}
Gb= 596386 %%%{-2640,[1]%%%}+%%%{-11891,[0]%%%}
FOUND good eval596396 [40,82,-30,57,-86,73,-42,-28,94,84,33,-8,21,-98,-4,36,4,19,92,-77,-22,63,75]
// evaled GCD deg 1
Trying p/lgcd(p) as gcd 24 596426
lgcd(p) ok 24 596557
Success p/lgcd(p) as gcd 24 596581
// GCD eval dimension 24 597886 Vector [1,1,1,1,1,1,1,1,1,1,1,1,1,1,1,1,1,1,1,1,1,1,1,1] 120 Vector [1,1,1,1,1,1,1,1,1,1,1,1,1,1,1,1,1,1,1,1,1,1,1,1]120 
Find_good_eval 598032 [0,0,0,0,0,0,0,0,0,0,0,0,0,0,0,0,0,0,0,0,0,0,0]
Fb= 598079 0
Gb= 598364 0
Find_good_eval 598426 [91,90,38,-42,-11,-20,-27,64,92,60,-6,67,43,-20,14,-38,-55,51,-96,32,64,-90,-85]
Fb= 600030 %%%{-8088,[1]%%%}+%%%{-13268,[0]%%%}
Gb= 601552 %%%{-8088,[1]%%%}+%%%{-13268,[0]%%%}
FOUND good eval601561 [91,90,38,-42,-11,-20,-27,64,92,60,-6,67,43,-20,14,-38,-55,51,-96,32,64,-90,-85]
// evaled GCD deg 1
Trying p/lgcd(p) as gcd 24 601583
lgcd(p) ok 24 601796
Success p/lgcd(p) as gcd 24 601816
// Time 0.14
// Time 0
// Time 0
// Time 0
// Time 0.04
// Time 0.04
// Time 0.22
// Time 0.11
// Time 0
// Time 0
// Time 0
// Time 0
// Time 0
// Time 0
// Time 0.01
// Time 0
// Time 0
// Time 0
// Time 0
// Time 0
// Time 0
// Time 0
// Time 0.01
// Time 0
// Time 0.02
// Time 0.02
// Time 0
// Time 0.04
// Time 0.05
// Time 0
// Time 0.01
// Time 0.05
// Total time 1.05
PASS chk_fhan5 (exit status: 0)
