// Using locale /usr/share/locale/
// C
// /usr/share/locale/
// giac
// UTF-8
// Maximum number of parallel threads 1
// Giac share root-directory:/usr/share/giac/
// Giac share root-directory:/usr/share/giac/
Added 0 synonyms
// Giac share root-directory:/usr/share/giac/
// Warning: a, declared as global variable(s). If symbolic variables are required, declare them as local and run purge
// End defining f
// Success
// End defining f
// Success
// End defining f
// Warning: f, declared as global variable(s). If symbolic variables are required, declare them as local and run purge
// End defining T
// Warning: a,n, declared as global variable(s). If symbolic variables are required, declare them as local and run purge
// Warning: L,a, declared as global variable(s). If symbolic variables are required, declare them as local and run purge
(Comment) scanning line 91
(Comment) scanning line 92
(Comment) scanning line 93
(Comment) scanning line 94
(Comment) scanning line 95
(Comment) scanning line 96
============== restarted ===============
// Time 0
// Time 0
// Time 0.01
// Time 0
// Time 0
// Time 0
// Time 0
// Time 0
// Time 0
// Time 0
// Time 0
// Time 0
// Time 0
// Time 0
OK c'est un  carre
// Time 0
// Time 0
calcul du det 8x8 antisymetrique formel
// Time 0

Evaluation time: 2.71
// Time 2.71
// Time 0.04
OK c'est bien nul

Evaluation time: 1.59
// Time 1.59
// GCD eval dimension 27 4941052 Vector [2,2,2,2,2,2,2,2,2,2,2,2,2,2,2,2,2,2,2,2,2,2,2,2,2,2,2] 5250 Vector [1,2,2,2,2,2,2,2,2,2,2,2,2,2,2,2,1,1,1,1,1,1,1,1,1,1,1]1380 
Find_good_eval 4941714 [0,0,0,0,0,0,0,0,0,0,0,0,0,0,0,0,0,0,0,0,0,0,0,0,0,0]
Fb= 4942734 0
Gb= 4942966 0
Find_good_eval 4942979 [-28,-28,23,-26,-46,-87,88,6,-16,14,69,71,-78,-74,81,-27,-87,81,-88,51,-8,68,48,-46,-59,-69]
Fb= 5032177 %%%{13461,[2]%%%}+%%%{2905,[1]%%%}+%%%{12350,[0]%%%}
Gb= 5055624 %%%{13461,[1]%%%}+%%%{-13554,[0]%%%}
FOUND good eval5055643 [-28,-28,23,-26,-46,-87,88,6,-16,14,69,71,-78,-74,81,-27,-87,81,-88,51,-8,68,48,-46,-59,-69]
// evaled GCD deg 1
Trying q/lgcd(q) as gcd 27 5055683
lgcd(q) ok 27 5063063
Success q/lgcd(q) as gcd 27 5137796

Evaluation time: 0.58
// Time 0.59
OK pour le pfaffien 8x8
// Time 0
// Time 0
// Time 0
// Time 0
// Time 0
// Time 0
// Time 0
// Time 0
// Time 0
// Time 0
// Time 0
// Time 0
// Time 0
// Time 0
// Time 0
// Time 0
// Time 0
// Time 0
// Time 0
// Time 0
// Time 0
// Time 0
// Time 0
// Time 0.01
La jordanisation est bonne
// Time 0
// Time 0
// Time 0
// Time 0
// Time 0
// Time 0
// Time 0
// Time 0
// Time 0
// Time 0
// Time 0
// Time 0
// Time 0
// Time 0
// Time 0
// Time 0
// Time 0.01
// Time 0
// Time 0
// Time 0
// Time 0
// Time 0
// Time 0
// Time 0
// Time 0
// Time 0
// Time 0
// Time 0
// Time 0
// Time 0
// Time 0
// Time 0
// Time 0.01
// Total time 4.97
PASS chk_fhan1 (exit status: 0)
