// Using locale /usr/share/locale/
// C
// /usr/share/locale/
// giac
// UTF-8
// Maximum number of parallel threads 1
// Giac share root-directory:/usr/share/giac/
// Giac share root-directory:/usr/share/giac/
Added 0 synonyms
// Giac share root-directory:/usr/share/giac/
// Success
// End defining f
// Success
// End defining m1
// Success
// End defining m2
// Success
// End defining m3
// Success
// End defining m4
// Success
// End defining h1
// Time 0
// Time 0.04
// Time 0
// Time 0
// Time 0.01
// Time 0.03
// Time 0
// Time 0.02
// Time 0.04
// Time 0
// Time 0.01
// Time 0.03
// Time 0
// Time 0.01
// Time 0
// Time 0.37

Evaluation time: 0.94
// Time 0.94
Simplification assuming t near 0
Simplification assuming t near 0
Simplification assuming t near 0
Simplification assuming t near 0
// Time 0.28
Simplification assuming t near 0
Simplification assuming t near 0
Simplification assuming t near 0
Simplification assuming t near 0

Evaluation time: 0.55
// Time 0.55
// Total time 2.33
PASS chk_xavier (exit status: 0)
