// Using locale /usr/share/locale/
// C
// /usr/share/locale/
// giac
// UTF-8
// Maximum number of parallel threads 1
// Unable to find keyword file doc/en/keywords
Added 0 synonyms
// Success
// End defining puis
// Warning: x,p, declared as global variable(s). If symbolic variables are required, declare them as local and run purge
// End defining periode
============== restarted ===============
// Time 0
// Time 0
// Time 0

Evaluation time: 13.89
// Time 13.89
// Time 0
// Time 0
// Time 0
// Time 0
// Time 0
// Time 0
// Time 0
// Time 0
// Time 0
// Time 0
// Time 0
// Time 0
// Time 0
// Time 0
// Time 0
// Time 0
// Time 0
// Time 0
// Time 0
// Time 0
// Time 0
// Time 0
// Time 0
// Time 0
// Time 0
// Time 0.01
// Time 0
// Time 0
// Time 0
// Time 0
// Time 0
// Time 0
// Time 0
// Time 0
// Time 0
// Time 0
// Time 0
// Time 0.01
// Time 0
// Time 0
// Time 0
// Time 0
// Time 0
// Time 0
// Time 0
// Time 0
// Time 0
// Time 0
// Time 0
// Time 0
// Time 0
// Time 0
// Time 0
// Time 0
// Time 0
// Time 0
// Time 0
// Time 0
// Time 0
// Time 0
// Time 0.01
// Time 0
// Time 0
// Time 0
// Time 0
// Time 0
// Time 0
// Total time 13.92
PASS chk_fhan9 (exit status: 0)
