// Using locale /usr/share/locale/
// C
// /usr/share/locale/
// giac
// UTF-8
// Maximum number of parallel threads 1
// Giac share root-directory:/usr/share/giac/
// Giac share root-directory:/usr/share/giac/
Added 0 synonyms
// Giac share root-directory:/usr/share/giac/
// Warning: A,x,P, declared as global variable(s). If symbolic variables are required, declare them as local and run purge
============== restarted ===============
// Time 0
// Time 0
// Time 0
// Time 0
// Time 0.01
// Time 0
// Time 0
// Time 0
// Time 0
// Time 0
Near [1,0], 1/epsilon^2*f([1,0]+epsilon*[1,t])=7+8*t+t^2 roots [-7.0,-1.0]
Near [1,0], 1/epsilon^2*f([1,0]+epsilon*[1,t])=7+8*t+t^2 roots [-7.0,-1.0]
Near [2,1], 1/epsilon^2*f([2,1]+epsilon*[1,t])=-4+7*t+13*t^2 roots [-0.885816136226,0.347354597765]
Near [1,1], 1/epsilon^2*f([1,1]+epsilon*[1,t])=-4-2*t+t^2 roots [-1.2360679775,3.2360679775]
Near [2,1], 1/epsilon^2*f([2,1]+epsilon*[1,t])=-4+7*t+13*t^2 roots [-0.885816136226,0.347354597765]
Near [1,1], 1/epsilon^2*f([1,1]+epsilon*[1,t])=-4-2*t+t^2 roots [-1.2360679775,3.2360679775]
Near [2,1], 1/epsilon^2*f([2,1]+epsilon*[1,t])=-4+7*t+13*t^2 roots [-0.885816136226,0.347354597765]
Near [1,1], 1/epsilon^2*f([1,1]+epsilon*[1,t])=-4-2*t+t^2 roots [-1.2360679775,3.2360679775]
Near [2,1], 1/epsilon^2*f([2,1]+epsilon*[1,t])=-4+7*t+13*t^2 roots [-0.885816136226,0.347354597765]
Near [1,1], 1/epsilon^2*f([1,1]+epsilon*[1,t])=-4-2*t+t^2 roots [-1.2360679775,3.2360679775]
Singular points directions: [cell_i, cell_j, singularity, next solution] [[40,20,1.0,1.01750749956-0.116666666667*i],[40,20,1.0,0.984298297257+0.116666666667*i],[40,20,1.0,1.01623362425-0.0166666666667*i],[40,20,1.0,0.982835796847+0.0166666666667*i],[40,20,1.0,1.01750749956-0.116666666667*i],[40,20,1.0,0.984298297257+0.116666666667*i],[40,20,1.0,1.01623362425-0.0166666666667*i],[40,20,1.0,0.982835796847+0.0166666666667*i],[60,40,2.0+i,2.01666666667+0.985089269594*i],[60,40,2.0+i,1.98333333333+1.0146162523*i],[60,40,2.0+i,2.01666666667+1.00580773806*i],[60,40,2.0+i,1.98333333333+0.994229813537*i],[40,40,1.0+i,1.01742962193+0.979398867042*i],[40,40,1.0+i,0.983990659661+1.02060113296*i],[40,40,1.0+i,1.01892941475+1.05393446629*i],[40,40,1.0+i,0.985250778257+0.946065533708*i],[60,40,2.0+i,2.01666666667+0.985089269594*i],[60,40,2.0+i,1.98333333333+1.0146162523*i],[60,40,2.0+i,2.01666666667+1.00580773806*i],[60,40,2.0+i,1.98333333333+0.994229813537*i],[40,40,1.0+i,1.01742962193+0.979398867042*i],[40,40,1.0+i,0.983990659661+1.02060113296*i],[40,40,1.0+i,1.01892941475+1.05393446629*i],[40,40,1.0+i,0.985250778257+0.946065533708*i],[60,40,2.0+i,2.01666666667+0.985089269594*i],[60,40,2.0+i,1.98333333333+1.0146162523*i],[60,40,2.0+i,2.01666666667+1.00580773806*i],[60,40,2.0+i,1.98333333333+0.994229813537*i],[40,40,1.0+i,1.01742962193+0.979398867042*i],[40,40,1.0+i,0.983990659661+1.02060113296*i],[40,40,1.0+i,1.01892941475+1.05393446629*i],[40,40,1.0+i,0.985250778257+0.946065533708*i],[60,40,2.0+i,2.01666666667+0.985089269594*i],[60,40,2.0+i,1.98333333333+1.0146162523*i],[60,40,2.0+i,2.01666666667+1.00580773806*i],[60,40,2.0+i,1.98333333333+0.994229813537*i],[40,40,1.0+i,1.01742962193+0.979398867042*i],[40,40,1.0+i,0.983990659661+1.02060113296*i],[40,40,1.0+i,1.01892941475+1.05393446629*i],[40,40,1.0+i,0.985250778257+0.946065533708*i]]
Warning! Could not loop or reach boundaries 
Warning! Could not loop or reach boundaries 
Warning! Could not loop or reach boundaries 
Warning! Could not loop or reach boundaries 
Warning! Could not loop or reach boundaries 
Warning! Could not loop or reach boundaries 
Warning! Could not loop or reach boundaries 
Warning! Could not loop or reach boundaries 
Warning! Could not loop or reach boundaries 
Warning! Could not loop or reach boundaries 
Warning! Could not loop or reach boundaries 
Warning! Could not loop or reach boundaries 
Warning! Could not loop or reach boundaries 
Warning! Could not loop or reach boundaries 
Warning! Could not loop or reach boundaries 
Warning! Could not loop or reach boundaries 
Warning! Could not loop or reach boundaries 
Warning! Could not loop or reach boundaries 

Evaluation time: 0.48
// Time 0.48
// Time 0
// Time 0
// Time 0
// Time 0.01
// Time 0
// Time 0
Warning, argument is not an equation, solving -44*t^4-81*t^3-84*t^2-29*t-2+(16*t^4+15*t^3+41*t^2+23*t+2)*x=0
// Time 0
// Time 0
// Time 0
// Time 0
Warning, argument is not an equation, solving 77*t^3+73*t^2+6*t+(16*t^4+15*t^3+41*t^2+23*t+2)*y=0
// Time 0
// Time 0.22
// Time 0
// Time 0
// Time 0
// Time 0.01
// Time 0
// Time 0
// Time 0
// Time 0
// Time 0
// Time 0
// Time 0
// Time 0
// Time 0
// Time 0
// Time 0
// Time 0.01
// Time 0
// Total time 0.74
PASS chk_fhan19 (exit status: 0)
