// Using locale /usr/share/locale/
// en_US.UTF8
// /usr/share/locale/
// giac
// UTF-8
// Maximum number of parallel threads 1
// Giac share root-directory:/usr/share/giac/
// Giac share root-directory:/usr/share/giac/
Added 0 synonyms
// Giac share root-directory:/usr/share/giac/
// Time 0.01
// Time 0
medianes
// Time 0
// Time 0
// Time 0
// Time 0
// Time 0
// Time 0
// Time 0
// Time 0
// Time 0
// Time 0
// Time 0
// Time 0
// Time 0
// Time 0
// Time 0.01
// Time 0
// Time 0
mediatrices
// Time 0
// Time 0
// Time 0
// Time 0
// Time 0
// Time 0
// Time 0
bissectrices
// Time 0
// Time 0
// Time 0
// Time 0
// Time 0
// Time 0
// Time 0
// Time 0
// Time 0
// Time 0
// Time 0.02
// Time 0.02
// Time 0
// Time 0
Napoleon theorem
// Time 0
// Time 0
// Time 0
// Time 0
// Time 0
// Time 0
// Time 0
// Time 0
// Time 0
// Time 0
// Time 0
// Time 0.01
// Time 0
// Time 0
// Time 0
// Time 0
// Time 0
// Time 0.01
// Time 0
// Time 0
// Time 0
// Time 0.01
// Time 0
// Time 0
Feuerbach theorem
// Time 0
// Time 0
// Time 0
// Time 0
// Time 0
// Time 0
// Time 0
// Time 0
// Time 0
// Time 0
// Time 0
// Time 0
// Time 0.01
// Time 0
// Time 0
teste que le pied de la altitude est sur c de 2 facons, doit renvoyer 1 puis 0
// Time 0
// Time 0
// Time 0
// Time 0
// Time 0
// Time 0
circle incircle de A,B,C, center
// Time 0
// Time 0.01
// Time 0.01
// Time 0
// Time 0.02
// Time 0.01
Le prochain resultat doit etre 0
// Time 0
// Time 0.01
theoreme de Simson
// Time 0
// Time 0
// Time 0
// Time 0
// Time 0
// Time 0
// Time 0
// Time 0
// Time 0
// Time 0
// Time 0
// Time 0
// Time 0
// Time 0
// Time 0
// Time 0
// Time 0
// Time 0
// Time 0.01
// Time 0
Variable x should be purged
Variable y should be purged
// Time 0
// Time 0
// Time 0
Morley theorem
// Time 0
// Time 0
// Time 0
// Time 0
// Time 0
// Time 0.02
// Time 0
// Time 0.07
// Time 0.08
// Time 0
// Time 0.01
// Time 0
// Time 0
// Time 0
// Time 0
// Time 0.01
// Time 0.05
// Total time 0.41
PASS chk_geo (exit status: 0)
