// Using locale /usr/share/locale/
// C
// /usr/share/locale/
// giac
// UTF-8
// Maximum number of parallel threads 1
// Giac share root-directory:/usr/share/giac/
// Giac share root-directory:/usr/share/giac/
Added 0 synonyms
// Giac share root-directory:/usr/share/giac/
// Success
// Warning: q,x, declared as global variable(s). If symbolic variables are required, declare them as local and run purge
// Warning: S3h,x, declared as global variable(s). If symbolic variables are required, declare them as local and run purge
// Warning: S4h,x, declared as global variable(s). If symbolic variables are required, declare them as local and run purge
============== restarted ===============
// Time 0.01
// Time 0
// Time 0
// Time 0
// Time 0
// Time 0
// Time 0
// Time 0
Near [0,2], 1/epsilon^2*f([0,2]+epsilon*[1,t])=1 roots []
Near [0,2], 1/epsilon^2*f([0,2]+epsilon*[1,t])=1 roots []
Near [0,2], 1/epsilon^2*f([0,2]+epsilon*[1,t])=1 roots []
Singular points directions: [cell_i, cell_j, singularity, next solution] [[50,70,2.0*i,-0.00112947877252+2.03333333333*i],[50,70,2.0*i,0.00112947877252+2.03333333333*i],[50,70,2.0*i,-0.00109243590672+1.96666666667*i],[50,70,2.0*i,0.00109243590672+1.96666666667*i],[50,70,2.0*i,-0.00112947877252+2.03333333333*i],[50,70,2.0*i,0.00112947877252+2.03333333333*i],[50,70,2.0*i,-0.00109243590672+1.96666666667*i],[50,70,2.0*i,0.00109243590672+1.96666666667*i],[50,70,2.0*i,-0.00112947877252+2.03333333333*i],[50,70,2.0*i,0.00112947877252+2.03333333333*i],[50,70,2.0*i,-0.00109243590672+1.96666666667*i],[50,70,2.0*i,0.00109243590672+1.96666666667*i]]
Warning! Could not loop or reach boundaries 
Warning! Could not loop or reach boundaries 
Warning! Could not loop or reach boundaries 
Warning! Could not loop or reach boundaries 
Warning! Could not loop or reach boundaries 
Warning! Could not loop or reach boundaries 
Warning! Could not loop or reach boundaries 
// Time 0.13
// Time 0
// Time 0
// Time 0.03
// Time 0
// Time 0
// Time 0
Near [0,0], 1/epsilon^2*f([0,0]+epsilon*[1,t])=9*t^2 roots [0.0]
Near [0,0], 1/epsilon^2*f([0,0]+epsilon*[1,t])=9*t^2 roots [0.0]
Near [0,0], 1/epsilon^2*f([0,0]+epsilon*[1,t])=9*t^2 roots [0.0]
Singular points directions: [cell_i, cell_j, singularity, next solution] [[0,0,0.0,0.00666666666667-0.00171924829653*i],[0,0,0.0,0.00666666666667+0.00120989161359*i],[0,0,0.0,0.00666666666667-0.00171924829653*i],[0,0,0.0,0.00666666666667+0.00120989161359*i],[0,0,0.0,0.00666666666667-0.00171924829653*i],[0,0,0.0,0.00666666666667+0.00120989161359*i]]
Warning! Could not loop or reach boundaries 
Warning! Could not loop or reach boundaries 
Warning! Could not loop or reach boundaries 
Warning! Could not loop or reach boundaries 
// Time 0.4
// Time 0
// Time 0
// Time 0
// Time 0
// Time 0.1
// Time 0
// Time 0
// Time 0
// Time 0
// Time 0
// Time 0
// Time 0
// Time 0
// Time 0
// Time 0
// Time 0
Warning, argument is not an equation, solving -14699.0*t^6+25716.0*t^5+1779.0*t^4-15116.0*t^3-624.0*t^2+2496.0*t+448.0=0
// Time 0
// Time 0
// Time 0.01
// Time 0
// Time 0
// Time 0
// Time 0
// Time 0.07
// Time 0.01
// Time 0
// Time 0
// Time 0
// Time 0
// Time 0.01
Warning, argument is not an equation, solving x^3-2.0*x^2-20.0*x+48.0=0
// Time 0
// Time 0
Warning, argument is not an equation, solving x^3-2*x^2-20*x+48=0
// Time 0
// Time 0
Warning, argument is not an equation, solving 6*sqrt(13)+18+y^2=0
Warning, argument is not an equation, solving -6*sqrt(13)+18+y^2=0
Warning, argument is not an equation, solving y^2=0
// Time 0.01
// Time 0
// Time 0
// Time 0
// Time 0
// Time 0
// Time 0
// Time 0
// Time 0
// Time 0
// Time 0
Ellipsoid of center [0,0,0]
// Time 0
// Time 0
// Time 0
// Time 0
// Time 0.01
// Time 0.35
// Time 0
// Time 0
// Time 0
// Time 0
// Time 0
// Time 0
// Time 0.01
// Time 0
// Time 0
// Time 0
// Time 0
// Time 0
// Time 0
// Time 0
// Time 0
// Time 0
// Time 0
// Time 0
// Time 0
// Time 0
// Time 0
// Time 0.07
// Total time 1.22
PASS chk_fhan16 (exit status: 0)
