// Using locale /usr/share/locale/
// C
// /usr/share/locale/
// giac
// UTF-8
// Maximum number of parallel threads 1
// Giac share root-directory:/usr/share/giac/
// Giac share root-directory:/usr/share/giac/
Added 0 synonyms
// Giac share root-directory:/usr/share/giac/
// Success
// End defining orbites
// Warning: X, declared as global variable(s). If symbolic variables are required, declare them as local and run purge
// End defining phi
// Warning: P, declared as global variable(s). If symbolic variables are required, declare them as local and run purge
// End defining puiss
// Warning: P,x, declared as global variable(s). If symbolic variables are required, declare them as local and run purge
// End defining puiss
// Warning: puiss,q, declared as global variable(s). If symbolic variables are required, declare them as local and run purge
// End defining testcarre
// Warning: puiss,q, declared as global variable(s). If symbolic variables are required, declare them as local and run purge
// End defining inve
// Success
// End defining ordre
============== restarted ===============
// Time 0
// Time 0
// Time 0
Assigning variables a and K
Now e.g. a^200+1 will build an element of K
// Time 0.01
// Time 0
// Time 0
// Time 0
// Time 0
// Time 0.02
Assigning variables b and L
Now e.g. b^200+1 will build an element of L
// Time 0
// Time 0
// Time 0
// Time 0
// Time 0
// Time 0
// Time 0.01
// Time 0
// Time 0
// Time 0
1,2
2,4
2,8
4,16
8,32
16,64
32,128
64,256
// Time 0
(X-1)*(X+1),2
(X-1)*(X+1)*(X^2+1),4
(X-1)*(X+1)*(X^2+1)*(X^4+1),8
(X-1)*(X+1)*(X^2+1)*(X^4+1)*(X^8+1),16
(X-1)*(X+1)*(X^2+1)*(X^4+1)*(X^8+1)*(X^16+1),32
(X-1)*(X+1)*(X^2+1)*(X^4+1)*(X^8+1)*(X^16+1)*(X^32+1),64
(X-1)*(X+1)*(X^2+1)*(X^4+1)*(X^8+1)*(X^16+1)*(X^32+1)*(X^64+1),128
(X-1)*(X+1)*(X^2+1)*(X^4+1)*(X^8+1)*(X^16+1)*(X^32+1)*(X^64+1)*(X^128+1),256
// Time 0
// Time 0
1*X+1
1*X^2+1
(1*X^2+1*X-1)*(1*X^2-1*X-1)
(1*X^4+1*X^2-1)*(1*X^4-1*X^2-1)
(1*X^8+1*X^4-1)*(1*X^8-1*X^4-1)
(1*X^16+1*X^8-1)*(1*X^16-1*X^8-1)
(1*X^32+1*X^16-1)*(1*X^32-1*X^16-1)
(1*X^64+1*X^32-1)*(1*X^64-1*X^32-1)
// Time 0.02
i_i_:64
// Time 0
// Time 0.01
// Time 0
// Time 0
// Time 0
// Time 0
// Time 0.02
// Time 0
// Time 0
// Time 0
// Time 0.01
// Time 0
// Time 0
// Time 0
// Time 0
// Time 0
// Time 0
// Time 0
// Time 0
// Time 0.02
// Time 0
// Time 0
// Time 0.01
// Time 0
// Time 0
// Time 0
// Time 0
// Time 0
// Time 0
// Time 0
// Time 0
// Time 0
// Time 0
// Time 0
// Time 0.01
// Time 0
// Time 0
// Time 0
// Time 0
// Time 0
// Time 0
// Time 0
// Time 0
// Time 0
// Time 0
// Time 0
// Time 0
// Time 0
// Time 0
// Time 0
// Time 0
// Time 0.01
ca marche
// Time 0.01
// Total time 0.16
PASS chk_fhan12 (exit status: 0)
