[1,1/sqrt(1-a*x),-2/a*sqrt(-a*x+1),0]
[2,1/2*(ln(-1+a*x)-2*ln(-sqrt(-1+a*x)))/pi/sqrt(-1+a*x),1/2/pi/a*4*i*pi*sqrt(a*x-1),2*i/sqrt(a*x-1)]
[3,1/(2*x+sqrt(1+x^2))^2,-4*x/(3*(3*x^2-1))+1/(3*2*sqrt(3))*ln(abs((6*x-2*sqrt(3))/(6*x+2*sqrt(3))))+2*(2*(sqrt(x^2+1)-x+1/(sqrt(x^2+1)-x))/3/(3*(sqrt(x^2+1)-x+1/(sqrt(x^2+1)-x))^2-16)-1/12/sqrt(3)*ln(abs(6*(sqrt(x^2+1)-x+1/(sqrt(x^2+1)-x))-8*sqrt(3))/(6*(sqrt(x^2+1)-x+1/(sqrt(x^2+1)-x))+8*sqrt(3)))),0]
[4,1/(-4+3*x^2)^2/sqrt(-1+x^2),-8*(-5/256*ln(abs((sqrt(x^2-1)-x)^2-3))+5/256*ln(abs(3*(sqrt(x^2-1)-x)^2-1))+(-5*(sqrt(x^2-1)-x)^2+3)/32/(3*(sqrt(x^2-1)-x)^4-10*(sqrt(x^2-1)-x)^2+3)),0]
[5,1/(2*sqrt(x)+sqrt(1+x))^2,2*((-5*x-1)/6/(3*x-1)+5/18*ln(abs(3*x-1))+2*(2/9*ln(sqrt(x+1)-sqrt(x))+5/36*ln(abs((sqrt(x+1)-sqrt(x))^2-3))-5/36*ln(abs(3*(sqrt(x+1)-sqrt(x))^2-1))-(10*(sqrt(x+1)-sqrt(x))^2-6)/9/(3*(sqrt(x+1)-sqrt(x))^4-10*(sqrt(x+1)-sqrt(x))^2+3))),0]
[6,sqrt(-1+x^2)/(-i+x)^2,2*(-1/2*ln(-sqrt(-1+x^2)+x)+i/sqrt(2)*atan((sqrt(-1+x^2)-x+i)/sqrt(2))+((-i)*(sqrt(-1+x^2)-x)-1)/((sqrt(-1+x^2)-x)^2+2*i*(sqrt(-1+x^2)-x)+1)),0]
[7,1/(1+x^2)^2/sqrt(-1+x^2),-8*((3*(sqrt(x^2-1)-x)^2+1)/16/((sqrt(x^2-1)-x)^4+6*(sqrt(x^2-1)-x)^2+1)+3/64/sqrt(2)*ln((2*(sqrt(x^2-1)-x)^2+6-4*sqrt(2))/(2*(sqrt(x^2-1)-x)^2+6+4*sqrt(2)))),0]
[8,1/sqrt(-1+x)/(sqrt(-1+x)+sqrt(x))^2,2*(2/3*sqrt(x-1)*(x-1)+sqrt(x-1)+2*(-1/3-1/3*sqrt(x-1)*sqrt(x-1))*sqrt(x)),0]
[9,1/sqrt(-1+x^2)/(sqrt(x)+sqrt(-1+x^2))^2,2*(sqrt(10*(5*sqrt(5)+11))/100*ln(abs(sqrt(x)-sqrt(-(-5-5*sqrt(5))/2/5)))-sqrt(10*(5*sqrt(5)+11))/100*ln(sqrt(x)+sqrt(-(-5-5*sqrt(5))/2/5))+sqrt(10*(5*sqrt(5)-11))/50*atan(sqrt(x)/sqrt((-5+5*sqrt(5))/2/5))-(-2*sqrt(x)*x+sqrt(x))/5/(x^2-x-1))+integrate(2*(-sqrt(x)*x^2-sqrt(x)*x+sqrt(x))/(-x^4+2*x^3+x^2-2*x-1)/sqrt(x^2-1)/2*(sqrt(x))^-1,x),false]
[10,(sqrt(x)-sqrt(-1+x^2))^2/(1+x-x^2)^2/sqrt(-1+x^2),sqrt(10*(5*sqrt(5)+11))/50*ln(abs(sqrt(x)-sqrt(-(-5-5*sqrt(5))/2/5)))-sqrt(10*(5*sqrt(5)+11))/50*ln(sqrt(x)+sqrt(-(-5-5*sqrt(5))/2/5))+sqrt(10*(5*sqrt(5)-11))/25*atan(sqrt(x)/sqrt((-5+5*sqrt(5))/2/5))-(-4*sqrt(x)*x+2*sqrt(x))/5/(x^2-x-1)+integrate((-2*sqrt(x)*x^2-2*sqrt(x)*x+2*sqrt(x))/(-x^4+2*x^3+x^2-2*x-1)/sqrt(x^2-1)/2*(sqrt(x))^-1,x),false]
[11,1/(1+x)^2/sqrt(2)/sqrt(2*sqrt(x^4+1)+2*x^2)*2/(1+(-i)/(x^2+sqrt(x^4+1)))+1/(1+x)^2/sqrt(2)/sqrt(2*sqrt(x^4+1)+2*x^2)*2/(1+i/(x^2+sqrt(x^4+1))),integrate(2/sqrt(2)/(1+x)^2/sqrt(2*sqrt(x^4+1)+2*x^2)/(1+(-i)/(x^2+sqrt(x^4+1)))+2/sqrt(2)/(1+x)^2/sqrt(2*sqrt(x^4+1)+2*x^2)/(1+i/(x^2+sqrt(x^4+1))),x),false]
[12,sqrt(x^2+sqrt(1+x^4))/(1+x)^2/sqrt(1+x^4),integrate(sqrt(sqrt(x^4+1)+x^2)/(1+x)^2/sqrt(x^4+1),x),false]
[13,sqrt(x^2+sqrt(1+x^4))/(1+x)/sqrt(1+x^4),integrate(sqrt(sqrt(x^4+1)+x^2)/(1+x)/sqrt(x^4+1),x),false]
[14,sqrt(x^2+sqrt(1+x^4))/sqrt(1+x^4),integrate(sqrt(sqrt(x^4+1)+x^2)/sqrt(x^4+1),x),false]
[15,sqrt(-x^2+sqrt(1+x^4))/sqrt(1+x^4),integrate(sqrt(sqrt(x^4+1)-x^2)/sqrt(x^4+1),x),false]
[16,(sqrt(-1+x)*(-1+x)+sqrt(1+x)*(1+x))/sqrt(-1+x)/(-1+x)/sqrt(1+x)/(1+x),-2/sqrt(x-1)-2*sqrt(x+1)/(x+1),0]
[17,(x+sqrt(a+x^2))^b,integrate((sqrt(a+x^2)+x)^b,x),false]
[18,(x-sqrt(a+x^2))^b,integrate((-sqrt(a+x^2)+x)^b,x),false]
[19,(x+sqrt(a+x^2))^b/sqrt(a+x^2),1/b*(x+sqrt(a+x^2))^b,0]
[20,(x-sqrt(a+x^2))^b/sqrt(a+x^2),-1/b*(x-sqrt(a+x^2))^b,0]
[21,1/(a+b*exp(p*x))^2,1/p*(1/a^2*p*x-b/b/a^2*ln(abs(exp(p*x)*b+a))+a/a^2/(exp(p*x)*b+a)),0]
[22,1/(b/exp(p*x)+a*exp(p*x))^2,1/p/2/b/(exp(-p*x)^2*b+a),0]
[23,x/(b/exp(p*x)+a*exp(p*x))^2,(-a*ln(-a-b*exp(-2*p*x))-2*b*p*x*exp(-2*p*x)-b*exp(-2*p*x)*ln(-a-b*exp(-2*p*x)))/(4*a^2*b*p^2+4*a*b^2*p^2*exp(-2*p*x)),0]
[24,(1-x+3*x^2)/(1+x+x^2)^2/sqrt(1-x+x^2),2*((-(sqrt(x^2-x+1)-x)^3+4*(sqrt(x^2-x+1)-x)^2+10*(sqrt(x^2-x+1)-x)+5)/2/((sqrt(x^2-x+1)-x)^4-2*(sqrt(x^2-x+1)-x)^3+(sqrt(x^2-x+1)-x)^2+6*(sqrt(x^2-x+1)-x)+3)+(1/12*sqrt(6)*ln((12*(sqrt(x^2-x+1)-x)-6*sqrt(6)-6)*(12*(sqrt(x^2-x+1)-x)-6*sqrt(6)-6)+(-2*sqrt(3)*sqrt(6)-6*sqrt(3))*(-2*sqrt(3)*sqrt(6)-6*sqrt(3)))-1/6*sqrt(6)*2*sqrt(3)*atan((6*sqrt(6)+6-12*(sqrt(x^2-x+1)-x))/(-6*sqrt(2)-6*sqrt(3)))-1/12*sqrt(6)*ln((12*(sqrt(x^2-x+1)-x)+6*sqrt(6)-6)*(12*(sqrt(x^2-x+1)-x)+6*sqrt(6)-6)+(2*sqrt(3)*sqrt(6)-6*sqrt(3))*(2*sqrt(3)*sqrt(6)-6*sqrt(3)))+1/6*sqrt(6)*2*sqrt(3)*atan((-6*sqrt(6)+6-12*(sqrt(x^2-x+1)-x))/(6*sqrt(2)-6*sqrt(3))))/2),0]
[25,sqrt(x+sqrt(a^2+x^2))/sqrt(a^2+x^2),2*sqrt(x+sqrt(a^2+x^2)),0]
[26,sqrt(b*x+sqrt(a+b^2*x^2))/sqrt(a+b^2*x^2),2/b*sqrt(b*x+sqrt(a+b^2*x^2)),0]
[27,1/x/sqrt(a^2+x^2)/sqrt(x+sqrt(a^2+x^2)),integrate(1/x/sqrt(a^2+x^2)/sqrt(sqrt(a^2+x^2)+x),x),false]
[28,sqrt(x+sqrt(a^2+x^2))/x,integrate(sqrt(sqrt(a^2+x^2)+x)/x,x),false]
[29,x^3*ln(2+x)^3*ln(3+x),(-3/128*x^4+37/144*x^3-115/48*x^2+415/12*x-415/6*ln(x+2)+(1/4*x^4-4)*ln(x+2)^3+(-3/16*x^4+1/2*x^3-3/2*x^2+6*x+25)*ln(x+2)^2+(3/32*x^4-7/12*x^3+13/4*x^2-25*x)*ln(x+2))*ln(x+3)+integrate((-288*x^4+4608)/(1152*x+3456)*ln(x+2)^3+(216*x^4-576*x^3+1728*x^2-6912*x-28800)/(1152*x+3456)*ln(x+2)^2+(-108*x^4+672*x^3-3744*x^2+28800*x+79680)/(1152*x+3456)*ln(x+2)+(27*x^4-296*x^3+2760*x^2-39840*x)/(1152*x+3456),x),false]
[30,(x+sqrt(b+x^2))^a/sqrt(b+x^2),1/a*(x+sqrt(b+x^2))^a,0]
[31,(x+sqrt(b+x^2))^a,integrate((sqrt(b+x^2)+x)^a,x),false]
[32,(6+3*x^a+2*(x^a)^2)^(1/a)*(x^a+(x^a)^2+(x^a)^3),integrate((2*(x^a)^2+3*x^a+6)^(1/a)*(x^a)^3+(2*(x^a)^2+3*x^a+6)^(1/a)*(x^a)^2+(2*(x^a)^2+3*x^a+6)^(1/a)*x^a,x),false]
[33,1/x/(1-x^2)^(1/3),3/2*(-1/6*ln(((-x^2+1)^(1/3))^2+(-x^2+1)^(1/3)+1)+sqrt(3)/3*atan(((-x^2+1)^(1/3)+1/2)/sqrt(3)*2)+1/3*ln(abs((-x^2+1)^(1/3)-1))),0]
[34,1/x/((1-x^2)^(1/3))^2,3/2*(-1/6*ln(((-x^2+1)^(1/3))^2+(-x^2+1)^(1/3)+1)-sqrt(3)/3*atan(((-x^2+1)^(1/3)+1/2)/sqrt(3)*2)+1/3*ln(abs((-x^2+1)^(1/3)-1))),0]
[35,1/(1-x^3)^(1/3),integrate(1/(1-x^3)^(1/3),x),false]
[36,1/x/(1-x^3)^(1/3),-1/6*ln(((-x^3+1)^(1/3))^2+(-x^3+1)^(1/3)+1)+sqrt(3)/3*atan(((-x^3+1)^(1/3)+1/2)/sqrt(3)*2)+1/3*ln(abs((-x^3+1)^(1/3)-1)),0]
[37,1/(1+x)/(1-x^3)^(1/3),integrate(1/(1+x)/(1-x^3)^(1/3),x),false]
[38,x/(1+x)/(1-x^3)^(1/3),integrate(x/(1+x)/(1-x^3)^(1/3),x),false]
[39,1/x/(2-3*x+x^2)^(1/3),integrate(1/x/(2-3*x+x^2)^(1/3),x),false]
[40,1/(-5+7*x-3*x^2+x^3)^(1/3),integrate(1/(-5+7*x-3*x^2+x^3)^(1/3),x),false]
[41,1/(x*(-q+x^2))^(1/3),-3/2/q*q*(-1/6*ln(((-q*(1/x)^2+1)^(1/3))^2+(-q*(1/x)^2+1)^(1/3)+1)+sqrt(3)/3*atan(((-q*(1/x)^2+1)^(1/3)+1/2)/sqrt(3)*2)+1/3*ln(abs((-q*(1/x)^2+1)^(1/3)-1))),0]
[42,1/((-1+x)*(q-2*x+x^2))^(1/3),integrate(1/((-1+x)*(q-2*x+x^2))^(1/3),x),false]
[43,1/x/((-1+x)*(q-2*q*x+x^2))^(1/3),integrate(1/x/((-1+x)*(q-2*q*x+x^2))^(1/3),x),false]
[44,(2-(1+k)*x)/((1-x)*x*(1-k*x))^(1/3)/(1-(1+k)*x),integrate((2-(1+k)*x)/((1-x)*x*(1-k*x))^(1/3)/(1-(1+k)*x),x),false]
[45,(1-k*x)/(1+(-2+k)*x)/(((1-x)*x*(1-k*x))^(1/3))^2,integrate((1-k*x)/(1+(-2+k)*x)/(((1-x)*x*(1-k*x))^(1/3))^2,x),false]
[46,(a+b*x+c*x^2)/(1-x+x^2)/(1-x^3)^(1/3),integrate((a+b*x+c*x^2)/(1-x+x^2)/(1-x^3)^(1/3),x),false]
[47,1/sqrt(3-2*x)/(3-2*x)^5/(1+x+2*x^2)^5,(-1578405*sqrt(-2*x+3)*(-2*x+3)^7+37939930*sqrt(-2*x+3)*(-2*x+3)^6-400127266*sqrt(-2*x+3)*(-2*x+3)^5+2394090608*sqrt(-2*x+3)*(-2*x+3)^4-8763772549*sqrt(-2*x+3)*(-2*x+3)^3+19602865030*sqrt(-2*x+3)*(-2*x+3)^2-24778425644*sqrt(-2*x+3)*(-2*x+3)+13623638952*sqrt(-2*x+3))/5059848192/((-2*x+3)^2-7*(-2*x+3)+14)^4+(9090*(-2*x+3)^4+3885*(-2*x+3)^3+2394*(-2*x+3)^2+1260*(-2*x+3)+392)/59295096/sqrt(-2*x+3)/(-2*x+3)^4+(267575*(14^(1/4))^3*sqrt(-8*sqrt(14)+32)*(-8*sqrt(14)+32)-114675*(14^(1/4))^3*(-8*sqrt(14)+32)*sqrt(7)*sqrt(8*sqrt(14)+32)-802725*(14^(1/4))^3*sqrt(-8*sqrt(14)+32)*(8*sqrt(14)+32)+38225*(14^(1/4))^3*sqrt(7)*sqrt(8*sqrt(14)+32)*(8*sqrt(14)+32)-259255360*14^(1/4)*sqrt(-8*sqrt(14)+32)+37036480*14^(1/4)*sqrt(7)*sqrt(8*sqrt(14)+32))/(863547424768*sqrt(7)+6044831973376*sqrt(7))*ln(-2*x+3-2*14^(1/4)*sqrt((sqrt(14)/4+1)/2)*sqrt(-2*x+3)+14^(1/4)*14^(1/4))+(38225*(14^(1/4))^3*sqrt(-8*sqrt(14)+32)*(-8*sqrt(14)+32)*sqrt(7)+802725*(14^(1/4))^3*(-8*sqrt(14)+32)*sqrt(8*sqrt(14)+32)-114675*(14^(1/4))^3*sqrt(-8*sqrt(14)+32)*sqrt(7)*(8*sqrt(14)+32)-267575*(14^(1/4))^3*sqrt(8*sqrt(14)+32)*(8*sqrt(14)+32)-37036480*14^(1/4)*sqrt(-8*sqrt(14)+32)*sqrt(7)-259255360*14^(1/4)*sqrt(8*sqrt(14)+32))/(431773712384*sqrt(7)+3022415986688*sqrt(7))*atan((sqrt(-2*x+3)-sqrt((sqrt(14)/4+1)/2)*14^(1/4))/sqrt((1-sqrt(14)/4)/2)/14^(1/4))+(-267575*(14^(1/4))^3*sqrt(-8*sqrt(14)+32)*(-8*sqrt(14)+32)+114675*(14^(1/4))^3*(-8*sqrt(14)+32)*sqrt(7)*sqrt(8*sqrt(14)+32)+802725*(14^(1/4))^3*sqrt(-8*sqrt(14)+32)*(8*sqrt(14)+32)-38225*(14^(1/4))^3*sqrt(7)*sqrt(8*sqrt(14)+32)*(8*sqrt(14)+32)+259255360*14^(1/4)*sqrt(-8*sqrt(14)+32)-37036480*14^(1/4)*sqrt(7)*sqrt(8*sqrt(14)+32))/(863547424768*sqrt(7)+6044831973376*sqrt(7))*ln(-2*x+3+2*14^(1/4)*sqrt((sqrt(14)/4+1)/2)*sqrt(-2*x+3)+14^(1/4)*14^(1/4))-(-38225*(14^(1/4))^3*sqrt(-8*sqrt(14)+32)*(-8*sqrt(14)+32)*sqrt(7)-802725*(14^(1/4))^3*(-8*sqrt(14)+32)*sqrt(8*sqrt(14)+32)+114675*(14^(1/4))^3*sqrt(-8*sqrt(14)+32)*sqrt(7)*(8*sqrt(14)+32)+267575*(14^(1/4))^3*sqrt(8*sqrt(14)+32)*(8*sqrt(14)+32)+37036480*14^(1/4)*sqrt(-8*sqrt(14)+32)*sqrt(7)+259255360*14^(1/4)*sqrt(8*sqrt(14)+32))/(431773712384*sqrt(7)+3022415986688*sqrt(7))*atan((sqrt(-2*x+3)+sqrt((sqrt(14)/4+1)/2)*14^(1/4))/sqrt((1-sqrt(14)/4)/2)/14^(1/4)),0]
[48,1/sqrt(3-2*x)/(3-2*x)^10/(1+x+2*x^2)^10,(-232787883652335*sqrt(-2*x+3)*(-2*x+3)^17+13820106668010555*sqrt(-2*x+3)*(-2*x+3)^16-389618236717151904*sqrt(-2*x+3)*(-2*x+3)^15+6925854690067471092*sqrt(-2*x+3)*(-2*x+3)^14-86924717622268515682*sqrt(-2*x+3)*(-2*x+3)^13+817308030405306394458*sqrt(-2*x+3)*(-2*x+3)^12-5960699611609964201316*sqrt(-2*x+3)*(-2*x+3)^11+34438539253455396724476*sqrt(-2*x+3)*(-2*x+3)^10-159569809573892673649239*sqrt(-2*x+3)*(-2*x+3)^9+596312099501239401271299*sqrt(-2*x+3)*(-2*x+3)^8-1797250621001927736488676*sqrt(-2*x+3)*(-2*x+3)^7+4343978582610098069631672*sqrt(-2*x+3)*(-2*x+3)^6-8317212692450176764092592*sqrt(-2*x+3)*(-2*x+3)^5+12350951282904546626644288*sqrt(-2*x+3)*(-2*x+3)^4-13738697725192288735303872*sqrt(-2*x+3)*(-2*x+3)^3+10788479661863702869789824*sqrt(-2*x+3)*(-2*x+3)^2-5340653236079401357791744*sqrt(-2*x+3)*(-2*x+3)+1255138952440667471476992*sqrt(-2*x+3))/204816509808685350912/((-2*x+3)^2-7*(-2*x+3)+14)^9+(235862511885*(-2*x+3)^9+107316677325*(-2*x+3)^8+80348352084*(-2*x+3)^7+64554208290*(-2*x+3)^6+49954696792*(-2*x+3)^5+35035280280*(-2*x+3)^4+21058773120*(-2*x+3)^3+10093321056*(-2*x+3)^2+3415950720*(-2*x+3)+611275392)/3280733202692679552/sqrt(-2*x+3)/(-2*x+3)^9-(169604526685825*(14^(1/4))^3*sqrt(-8*sqrt(14)+32)*(-8*sqrt(14)+32)+72687654293925*(14^(1/4))^3*(-8*sqrt(14)+32)*sqrt(7)*sqrt(8*sqrt(14)+32)-508813580057475*(14^(1/4))^3*sqrt(-8*sqrt(14)+32)*(8*sqrt(14)+32)-24229218097975*(14^(1/4))^3*sqrt(7)*sqrt(8*sqrt(14)+32)*(8*sqrt(14)+32)-49282483543832000*14^(1/4)*sqrt(-8*sqrt(14)+32)-7040354791976000*14^(1/4)*sqrt(7)*sqrt(8*sqrt(14)+32))/(81562485683814255296512*sqrt(7)+570937399786699787075584*sqrt(7))*ln(-2*x+3-2*14^(1/4)*sqrt((sqrt(14)/4+1)/2)*sqrt(-2*x+3)+14^(1/4)*14^(1/4))-(-24229218097975*(14^(1/4))^3*sqrt(-8*sqrt(14)+32)*(-8*sqrt(14)+32)*sqrt(7)+508813580057475*(14^(1/4))^3*(-8*sqrt(14)+32)*sqrt(8*sqrt(14)+32)+72687654293925*(14^(1/4))^3*sqrt(-8*sqrt(14)+32)*sqrt(7)*(8*sqrt(14)+32)-169604526685825*(14^(1/4))^3*sqrt(8*sqrt(14)+32)*(8*sqrt(14)+32)+7040354791976000*14^(1/4)*sqrt(-8*sqrt(14)+32)*sqrt(7)-49282483543832000*14^(1/4)*sqrt(8*sqrt(14)+32))/(40781242841907127648256*sqrt(7)+285468699893349893537792*sqrt(7))*atan((sqrt(-2*x+3)-sqrt((sqrt(14)/4+1)/2)*14^(1/4))/sqrt((1-sqrt(14)/4)/2)/14^(1/4))-(-169604526685825*(14^(1/4))^3*sqrt(-8*sqrt(14)+32)*(-8*sqrt(14)+32)-72687654293925*(14^(1/4))^3*(-8*sqrt(14)+32)*sqrt(7)*sqrt(8*sqrt(14)+32)+508813580057475*(14^(1/4))^3*sqrt(-8*sqrt(14)+32)*(8*sqrt(14)+32)+24229218097975*(14^(1/4))^3*sqrt(7)*sqrt(8*sqrt(14)+32)*(8*sqrt(14)+32)+49282483543832000*14^(1/4)*sqrt(-8*sqrt(14)+32)+7040354791976000*14^(1/4)*sqrt(7)*sqrt(8*sqrt(14)+32))/(81562485683814255296512*sqrt(7)+570937399786699787075584*sqrt(7))*ln(-2*x+3+2*14^(1/4)*sqrt((sqrt(14)/4+1)/2)*sqrt(-2*x+3)+14^(1/4)*14^(1/4))+(24229218097975*(14^(1/4))^3*sqrt(-8*sqrt(14)+32)*(-8*sqrt(14)+32)*sqrt(7)-508813580057475*(14^(1/4))^3*(-8*sqrt(14)+32)*sqrt(8*sqrt(14)+32)-72687654293925*(14^(1/4))^3*sqrt(-8*sqrt(14)+32)*sqrt(7)*(8*sqrt(14)+32)+169604526685825*(14^(1/4))^3*sqrt(8*sqrt(14)+32)*(8*sqrt(14)+32)-7040354791976000*14^(1/4)*sqrt(-8*sqrt(14)+32)*sqrt(7)+49282483543832000*14^(1/4)*sqrt(8*sqrt(14)+32))/(40781242841907127648256*sqrt(7)+285468699893349893537792*sqrt(7))*atan((sqrt(-2*x+3)+sqrt((sqrt(14)/4+1)/2)*14^(1/4))/sqrt((1-sqrt(14)/4)/2)/14^(1/4)),(139805035155225*x-124905289389925)/(45514779957485633536*x^2*sqrt(-2*x+3)+22757389978742816768*x*sqrt(-2*x+3)+22757389978742816768*sqrt(-2*x+3))]
[49,1/sqrt(3-2*x)/(3-2*x)^20/(1+x+2*x^2)^20,(-385912796294138623132486146144809805*sqrt(-2*x+3)*(-2*x+3)^37+49944166626569370884317542782684785215*sqrt(-2*x+3)*(-2*x+3)^36-3157104325190190818790417015768672100251*sqrt(-2*x+3)*(-2*x+3)^35+129862663539742829727010168448772257537793*sqrt(-2*x+3)*(-2*x+3)^34-3907056032933059027385185682832433217956200*sqrt(-2*x+3)*(-2*x+3)^33+91626342308240062913659469031676941328847688*sqrt(-2*x+3)*(-2*x+3)^32-1743051839783716654458570168808933730174627004*sqrt(-2*x+3)*(-2*x+3)^31+27638544507622729125093621837291437830917462708*sqrt(-2*x+3)*(-2*x+3)^30-372498510070445411629537388290851713705080145718*sqrt(-2*x+3)*(-2*x+3)^29+4329953516930687342337472014272666363969651587314*sqrt(-2*x+3)*(-2*x+3)^28-43899444560112308623605331157143896725828415934650*sqrt(-2*x+3)*(-2*x+3)^27+391609357365773780316151578457972453648367489837454*sqrt(-2*x+3)*(-2*x+3)^26-3095031701758849575040626937399363198202032753884252*sqrt(-2*x+3)*(-2*x+3)^25+21790719622224681379416567825910093368668334676797780*sqrt(-2*x+3)*(-2*x+3)^24-137261402924198725794062163116053277099106968046586092*sqrt(-2*x+3)*(-2*x+3)^23+776171183055652545384871388553173912691352168500951876*sqrt(-2*x+3)*(-2*x+3)^22-3950095526376994607880784338655934603802167995433166405*sqrt(-2*x+3)*(-2*x+3)^21+18125803816832861597832766873339882118924015183338007655*sqrt(-2*x+3)*(-2*x+3)^20-75083414508694050144426639977685085540038804754309758915*sqrt(-2*x+3)*(-2*x+3)^19+280932652073348343517776090631271895235611343284275820345*sqrt(-2*x+3)*(-2*x+3)^18-949449516366891514866641779309597536478490489987954462580*sqrt(-2*x+3)*(-2*x+3)^17+2896666953760570249650513456393600983703549509654469117900*sqrt(-2*x+3)*(-2*x+3)^16-7968283692957988567650795129108295704483768260379820818752*sqrt(-2*x+3)*(-2*x+3)^15+19727494578812277658606009712831861626922226523266435734336*sqrt(-2*x+3)*(-2*x+3)^14-43844103379423695842480030320760116666491172278035172870400*sqrt(-2*x+3)*(-2*x+3)^13+87180772449453719112409715850861698835279004734515297162496*sqrt(-2*x+3)*(-2*x+3)^12-154427451620079851403012035013949923367197814895239131529728*sqrt(-2*x+3)*(-2*x+3)^11+242351725944359254347670713000225450988365795247877220072960*sqrt(-2*x+3)*(-2*x+3)^10-334646091432259174045261099248092390902126268663782608549888*sqrt(-2*x+3)*(-2*x+3)^9+403034519668261986708991686890381317841470126237337802123264*sqrt(-2*x+3)*(-2*x+3)^8-418646794645473329714896095169087072615863373434634780753920*sqrt(-2*x+3)*(-2*x+3)^7+369621715112196031007775193340564258755874521674193323966464*sqrt(-2*x+3)*(-2*x+3)^6-272008032423513780299697431707644217391623176190273099661312*sqrt(-2*x+3)*(-2*x+3)^5+162377109720555022535973021706211388170650620411678744248320*sqrt(-2*x+3)*(-2*x+3)^4-75556666748884291766220892297166603376040200755275694800896*sqrt(-2*x+3)*(-2*x+3)^3+25715217479147156311480451271603595696519278112265697558528*sqrt(-2*x+3)*(-2*x+3)^2-5695058898488457914056616763522088045930624578769252515840*sqrt(-2*x+3)*(-2*x+3)+616047393270423249767303997369406352855404127230297374720*sqrt(-2*x+3))/24112597431479447071556104988390860001680293888/((-2*x+3)^2-7*(-2*x+3)+14)^19+(991856055479912729664933375*(-2*x+3)^19+465215115289202563341931875*(-2*x+3)^18+376870004361848629670138100*(-2*x+3)^17+347816399209073565143694750*(-2*x+3)^16+333480450533749292133360000*(-2*x+3)^15+319778248261094005065228000*(-2*x+3)^14+300292311231869293365336000*(-2*x+3)^13+272225522279980529558298000*(-2*x+3)^12+235508819476507302437712000*(-2*x+3)^11+192403914635036320216640640*(-2*x+3)^10+146870291549367152461094400*(-2*x+3)^9+103544963718981484751251200*(-2*x+3)^8+66520770217483444975816704*(-2*x+3)^7+38308222816032989365145600*(-2*x+3)^6+19364536310461049463275520*(-2*x+3)^5+8351885944887834417868800*(-2*x+3)^4+2950396963171184804659200*(-2*x+3)^3+800398003403553957642240*(-2*x+3)^2+148249866440272704307200*(-2*x+3)+14064730918692538613760)/43768013439874312895399492130064309616640/sqrt(-2*x+3)/(-2*x+3)^19-(6489194283470337223456333343535*(14^(1/4))^3*sqrt(-8*sqrt(14)+32)*(-8*sqrt(14)+32)+2781083264344430238624142861515*(14^(1/4))^3*(-8*sqrt(14)+32)*sqrt(7)*sqrt(8*sqrt(14)+32)-19467582850411011670369000030605*(14^(1/4))^3*sqrt(-8*sqrt(14)+32)*(8*sqrt(14)+32)-927027754781476746208047620505*(14^(1/4))^3*sqrt(7)*sqrt(8*sqrt(14)+32)*(8*sqrt(14)+32)-1560907566357541464553478266502720*14^(1/4)*sqrt(-8*sqrt(14)+32)-222986795193934494936211180928960*14^(1/4)*sqrt(7)*sqrt(8*sqrt(14)+32))/(207888720966325167138056151605102807657480192*sqrt(7)+1455221046764276169966393061235719653602361344*sqrt(7))*ln(-2*x+3-2*14^(1/4)*sqrt((sqrt(14)/4+1)/2)*sqrt(-2*x+3)+14^(1/4)*14^(1/4))-(-927027754781476746208047620505*(14^(1/4))^3*sqrt(-8*sqrt(14)+32)*(-8*sqrt(14)+32)*sqrt(7)+19467582850411011670369000030605*(14^(1/4))^3*(-8*sqrt(14)+32)*sqrt(8*sqrt(14)+32)+2781083264344430238624142861515*(14^(1/4))^3*sqrt(-8*sqrt(14)+32)*sqrt(7)*(8*sqrt(14)+32)-6489194283470337223456333343535*(14^(1/4))^3*sqrt(8*sqrt(14)+32)*(8*sqrt(14)+32)+222986795193934494936211180928960*14^(1/4)*sqrt(-8*sqrt(14)+32)*sqrt(7)-1560907566357541464553478266502720*14^(1/4)*sqrt(8*sqrt(14)+32))/(103944360483162583569028075802551403828740096*sqrt(7)+727610523382138084983196530617859826801180672*sqrt(7))*atan((sqrt(-2*x+3)-sqrt((sqrt(14)/4+1)/2)*14^(1/4))/sqrt((1-sqrt(14)/4)/2)/14^(1/4))-(-6489194283470337223456333343535*(14^(1/4))^3*sqrt(-8*sqrt(14)+32)*(-8*sqrt(14)+32)-2781083264344430238624142861515*(14^(1/4))^3*(-8*sqrt(14)+32)*sqrt(7)*sqrt(8*sqrt(14)+32)+19467582850411011670369000030605*(14^(1/4))^3*sqrt(-8*sqrt(14)+32)*(8*sqrt(14)+32)+927027754781476746208047620505*(14^(1/4))^3*sqrt(7)*sqrt(8*sqrt(14)+32)*(8*sqrt(14)+32)+1560907566357541464553478266502720*14^(1/4)*sqrt(-8*sqrt(14)+32)+222986795193934494936211180928960*14^(1/4)*sqrt(7)*sqrt(8*sqrt(14)+32))/(207888720966325167138056151605102807657480192*sqrt(7)+1455221046764276169966393061235719653602361344*sqrt(7))*ln(-2*x+3+2*14^(1/4)*sqrt((sqrt(14)/4+1)/2)*sqrt(-2*x+3)+14^(1/4)*14^(1/4))+(927027754781476746208047620505*(14^(1/4))^3*sqrt(-8*sqrt(14)+32)*(-8*sqrt(14)+32)*sqrt(7)-19467582850411011670369000030605*(14^(1/4))^3*(-8*sqrt(14)+32)*sqrt(8*sqrt(14)+32)-2781083264344430238624142861515*(14^(1/4))^3*sqrt(-8*sqrt(14)+32)*sqrt(7)*(8*sqrt(14)+32)+6489194283470337223456333343535*(14^(1/4))^3*sqrt(8*sqrt(14)+32)*(8*sqrt(14)+32)-222986795193934494936211180928960*14^(1/4)*sqrt(-8*sqrt(14)+32)*sqrt(7)+1560907566357541464553478266502720*14^(1/4)*sqrt(8*sqrt(14)+32))/(103944360483162583569028075802551403828740096*sqrt(7)+727610523382138084983196530617859826801180672*sqrt(7))*atan((sqrt(-2*x+3)+sqrt((sqrt(14)/4+1)/2)*14^(1/4))/sqrt((1-sqrt(14)/4)/2)/14^(1/4)),(4986681479187781853417316522775*x-4235425077046504168397808112395)/(116009330896386812019004548886776120344576*x^2*sqrt(-2*x+3)+58004665448193406009502274443388060172288*x*sqrt(-2*x+3)+58004665448193406009502274443388060172288*sqrt(-2*x+3))]
[50,ff(x),integrate(ff(x),x),false]
[51,ff(x),integrate(ff(x),x),false]
[52,(-a+x-sqrt(1+a^2))/(-a+x+sqrt(1+a^2))/sqrt((-a+x)*(1+x^2)),integrate((1-2*sqrt(a^2+1)/(x+sqrt(a^2+1)-a))/sqrt(-a*x^2-a+x^3+x),x),false]
[53,(a+b*x)/(1-x^2)^(1/3)/(3+x^2),integrate((a+b*x)/(1-x^2)^(1/3)/(3+x^2),x),false]
[54,(a+b*x)/(3-x^2)/(1+x^2)^(1/3),integrate((a+b*x)/(3-x^2)/(1+x^2)^(1/3),x),false]
[55,1/x/(4-6*x+3*x^2)^(1/3),integrate(1/x/(4-6*x+3*x^2)^(1/3),x),false]
[56,x*(1-x^3)^(1/3),integrate(x*(-x^3+1)^(1/3),x),false]
[57,(1-x^3)^(1/3)/x,(-x^3+1)^(1/3)+1/3*ln(abs((-x^3+1)^(1/3)-1))-1/6*ln(((-x^3+1)^(1/3))^2+(-x^3+1)^(1/3)+1)-1/sqrt(3)*atan((2*(-x^3+1)^(1/3)+1)/sqrt(3)),0]
[58,(1-x^3)^(1/3)/(1+x),integrate((1-x^3)^(1/3)/(1+x),x),false]
[59,(1-x^3)^(1/3)/(1-x+x^2),integrate((1-x^3)^(1/3)/(1-x+x^2),x),false]
[60,(1-x^3)^(1/3)/(2+x),integrate((1-x^3)^(1/3)/(2+x),x),false]
[61,(2+x)/(1+x+x^2)/(2+x^3)^(1/3),integrate((2+x)/(1+x+x^2)/(2+x^3)^(1/3),x),false]
[62,(3-3*x+30*x^2+160*x^3)/(9+24*x-12*x^2+80*x^3+320*x^4),1/8*ln(320*x^4+80*x^3-12*x^2+24*x+9),0]
[63,(3+12*x+20*x^2)/(9+24*x-12*x^2+80*x^3+320*x^4),-2/44*sqrt(11)*(-atan(-(-960*x+168)/(120*sqrt(11)))-atan((76800*x^3-3840*x^2+2880*x+5472)/(576*sqrt(11)))),0]
[64,(-84-576*x-400*x^2+2560*x^3)/(9+24*x-12*x^2+80*x^3+320*x^4),-2*1280*sqrt(11)*(atan(-(-960*x+168)/(120*sqrt(11)))+atan((76800*x^3-3840*x^2+2880*x+5472)/(576*sqrt(11))))/1280+2*ln(320*x^4+80*x^3-12*x^2+24*x+9),0]
[65,sqrt(1-x^4)/(1+x^4),integrate((-1+2/(x^4+1))/sqrt(-x^4+1),x),false]
[66,sqrt(1+x^4)/(1-x^4),integrate((-1-2/(x^4-1))/sqrt(x^4+1),x),false]
[67,sqrt(1+p*x^2+x^4)/(1-x^4),integrate((-1+(-p*x^2-2)/(x^4-1))/sqrt(p*x^2+x^4+1),x),false]
[68,sqrt(1+p*x^2-x^4)/(1+x^4),integrate((-1+(p*x^2+2)/(x^4+1))/sqrt(p*x^2-x^4+1),x),false]
[69,(a+b*x)/(2-x^2)/(-1+x^2)^(1/4),integrate((a+b*x)/(2-x^2)/(-1+x^2)^(1/4),x),false]
[70,(a+b*x)/(-1-x^2)^(1/4)/(2+x^2),integrate((a+b*x)/(-1-x^2)^(1/4)/(2+x^2),x),false]
[71,(a+b*x)/(1-x^2)^(1/4)/(2-x^2),integrate((a+b*x)/(1-x^2)^(1/4)/(2-x^2),x),false]
[72,(a+b*x)/(1+x^2)^(1/4)/(2+x^2),integrate((a+b*x)/(1+x^2)^(1/4)/(2+x^2),x),false]
[73,x/(4-x^3)/sqrt(1-x^3),integrate(x/(-x^3+4)/sqrt(-x^3+1),x),false]
[74,x/(4-d*x^3)/sqrt(-1+d*x^3),integrate(x/(-d*x^3+4)/sqrt(d*x^3-1),x),false]
[75,x/(8+x^3)/sqrt(-1+x^3),integrate(-x/(-x^3-8)/sqrt(x^3-1),x),false]
[76,x/(8-d*x^3)/sqrt(1+d*x^3),integrate(x/(-d*x^3+8)/sqrt(d*x^3+1),x),false]
[77,1/(1-3*x^2)^(1/3)/(3-x^2),integrate(1/(1-3*x^2)^(1/3)/(3-x^2),x),false]
[78,1/(3+x^2)/(1+3*x^2)^(1/3),integrate(1/(3+x^2)/(1+3*x^2)^(1/3),x),false]
[79,1/(1-x^2)^(1/3)/(3+x^2),integrate(1/(1-x^2)^(1/3)/(3+x^2),x),false]
[80,1/(3-x^2)/(1+x^2)^(1/3),integrate(1/(3-x^2)/(1+x^2)^(1/3),x),false]
[81,(a+x)/(-a+x)/sqrt(a^2*x-(1+a^2)*x^2+x^3),integrate((1+2*a/(x-a))/sqrt(-a^2*x^2+a^2*x+x^3-x^2),x),false]
[82,(-2+a+x)/(-a+x)/sqrt((2-a)*a*x+(-1-2*a+a^2)*x^2+x^3),integrate((1+(2*a-2)/(x-a))/sqrt(a^2*x^2-a^2*x-2*a*x^2+2*a*x+x^3-x^2),x),false]
[83,(-a+(-1+2*a)*x)/(-a+x)/sqrt(a^2*x-(-1+2*a+a^2)*x^2+(-1+2*a)*x^3),integrate((-2*(-2*a+1)/2+(2*a^2-2*a)/(x-a))/sqrt(-a^2*x^2+a^2*x+2*a*x^3-2*a*x^2-x^3+x^2),x),false]
[84,(1-2^(1/3)*x)/((2^(1/3))^2+x)/sqrt(1+x^3),"integrate(err)",false]
[85,(1+x)/(-2+x)/sqrt(1+x^3),integrate((1-3/(-x+2))/sqrt(x^3+1),x),false]
[86,x/(10+x^3+6*sqrt(3))/sqrt(1+x^3),integrate(-x/(-6*sqrt(3)-10-x^3)/sqrt(x^3+1),x),false]
[87,x/(10+x^3-6*sqrt(3))/sqrt(1+x^3),integrate(-x/(6*sqrt(3)-10-x^3)/sqrt(x^3+1),x),false]
[88,x/(-10+x^3-6*sqrt(3))/sqrt(-1+x^3),integrate(-x/(6*sqrt(3)+10-x^3)/sqrt(x^3-1),x),false]
[89,x/(-10+x^3+6*sqrt(3))/sqrt(-1+x^3),integrate(-x/(-6*sqrt(3)+10-x^3)/sqrt(x^3-1),x),false]
[90,(1+x-sqrt(3))/(1+x+sqrt(3))/sqrt(-4+x^4+4*x^2*sqrt(3)),integrate((1+(2*sqrt(3)*x^4+(4*3+12)*x^2-8*sqrt(3))/(-x^5-(sqrt(3)+1)*x^4-4*sqrt(3)*x^3-(4*sqrt(3)+12)*x^2+4*x+4*sqrt(3)+4))/sqrt(x^4+4*sqrt(3)*x^2-4),x),false]
[91,(1+x+sqrt(3))/(1+x-sqrt(3))/sqrt(-4+x^4-4*x^2*sqrt(3)),integrate((1+(-2*sqrt(3)*x^4+(4*3+12)*x^2+8*sqrt(3))/(-x^5-(-sqrt(3)+1)*x^4-(-4*sqrt(3))*x^3-(-4*sqrt(3)+12)*x^2+4*x-4*sqrt(3)+4))/sqrt(x^4-4*sqrt(3)*x^2-4),x),false]
[92,(-1+x)/(1+x)/(2+x^3)^(1/3),integrate((-1+x)/(1+x)/(2+x^3)^(1/3),x),false]
[93,1/(1+x)/(2+x^3)^(1/3),integrate(1/(1+x)/(2+x^3)^(1/3),x),false]
[94,1/(1-x^3)/(a+b*x^3)^(1/3),integrate(1/(1-x^3)/(a+b*x^3)^(1/3),x),false]
[95,(1+x)/(1+x+x^2)/(a+b*x^3)^(1/3),integrate((1+x)/(1+x+x^2)/(a+b*x^3)^(1/3),x),false]
[96,x^2/(1-x^3)/(a+b*x^3)^(1/3),((a+b)^(1/3))^2/(6*a+6*b)*ln(((a+b*x^3)^(1/3))^2+(a+b)^(1/3)*(a+b*x^3)^(1/3)+(a+b)^(1/3)*(a+b)^(1/3))+((a+b)^(1/3))^2/(-sqrt(3)*a-sqrt(3)*b)*atan(((a+b*x^3)^(1/3)+1/2*(a+b)^(1/3))/sqrt(3)*2/(a+b)^(1/3))+(a+b)^(1/3)*(a+b)^(1/3)/(3*(-b-a))*ln(abs((a+b*x^3)^(1/3)-(a+b)^(1/3))),0]
[97,1/(1-x^3)^(1/3)/(1+x^3),integrate(1/(1-x^3)^(1/3)/(1+x^3),x),false]
[98,x/(1-x^3)^(1/3)/(1+x^3),integrate(x/(1-x^3)^(1/3)/(1+x^3),x),false]
[99,x^2/(1-x^3)^(1/3)/(1+x^3),-(3*(2^(1/3))^2-(2^(1/3))^2)/24*ln(((-x^3+1)^(1/3))^2+2^(1/3)*(-x^3+1)^(1/3)+2^(1/3)*2^(1/3))+(2^(1/3))^2*sqrt(3)/6*atan(((-x^3+1)^(1/3)+1/2*2^(1/3))/sqrt(3)*2/2^(1/3))+2^(1/3)*2^(1/3)/6*ln(abs((-x^3+1)^(1/3)-2^(1/3))),0]
[100,(1+x)/(1-x+x^2)/(1-x^3)^(1/3),integrate((1+x)/(1-x+x^2)/(1-x^3)^(1/3),x),false]
[101,(1+x)^2/(1-x^3)^(1/3)/(1+x^3),integrate((1+x)^2/(1-x^3)^(1/3)/(1+x^3),x),false]
[102,(1-x)/(1+x+x^2)/(1+x^3)^(1/3),integrate((1-x)/(1+x+x^2)/(1+x^3)^(1/3),x),false]
[103,((1-x^3)^(1/3))^2/(1+x+x^2)^2,integrate(((1-x^3)^(1/3))^2/(1+x+x^2)^2,x),false]
[104,(1-x)/(1+x+x^2)/(1-x^3)^(1/3),integrate((1-x)/(1+x+x^2)/(1-x^3)^(1/3),x),false]
[105,(1-x)^2/(1-x^3)^(1/3)/(1-x^3),integrate((1-x)^2/(1-x^3)^(1/3)/(1-x^3),x),false]
[106,((1-x^3)^(1/3))^2,integrate(((-x^3+1)^(1/3))^2,x),false]
[107,((1-x^3)^(1/3))^2/x,1/3*ln(abs((-x^3+1)^(1/3)-1))-1/6*ln(((-x^3+1)^(1/3))^2+(-x^3+1)^(1/3)+1)+1/sqrt(3)*atan((2*(-x^3+1)^(1/3)+1)/sqrt(3))+1/2*((-x^3+1)^(1/3))^2,0]
[108,((1-x^3)^(1/3))^2/(a+b*x),integrate(((1-x^3)^(1/3))^2/(a+b*x),x),false]
[109,((1-x^3)^(1/3))^2/(1-x+x^2)^2,integrate(((1-x^3)^(1/3))^2/(1-x+x^2)^2,x),false]
[110,(1-2*x)*((1-x^3)^(1/3))^2/(1-x+x^2)^2,integrate((1-2*x)*((1-x^3)^(1/3))^2/(1-x+x^2)^2,x),false]
[111,((1-x^3)^(1/3))^2/(1+x),integrate(((1-x^3)^(1/3))^2/(1+x),x),false]
[112,(1-x+x^2)*((1-x^3)^(1/3))^2/(1+x^3),integrate((1-x+x^2)*((1-x^3)^(1/3))^2/(1+x^3),x),false]
[113,((1-x^3)^(1/3))^2/(1+x^3),integrate(((1-x^3)^(1/3))^2/(1+x^3),x),false]
[114,x*((1-x^3)^(1/3))^2/(1+x^3),integrate(x*((1-x^3)^(1/3))^2/(1+x^3),x),false]
[115,(1-x)*((1-x^3)^(1/3))^2/(1+x^3),integrate((1-x)*((1-x^3)^(1/3))^2/(1+x^3),x),false]
[116,(1-x^3)^(1/3)/(1+x^3),integrate((1-x^3)^(1/3)/(1+x^3),x),false]
Time:25.19, tests: 116, integration failures: 84[9,10,11,12,13,14,15,17,18,27,28,29,31,32,35,37,38,39,40,42,43,44,45,46,50,51,52,53,54,55,56,58,59,60,61,65,66,67,68,69,70,71,72,73,74,75,76,77,78,79,80,81,82,83,84,85,86,87,88,89,90,91,92,93,94,95,97,98,100,101,102,103,104,105,106,108,109,110,111,112,113,114,115,116], simplification failures: 3[2,48,49], not cheked: 0[], assumptions: 0[]
