[1,1+x+x^2,x+x^2/2+x^3/3,0]
[2,x^2*(x+2*x^2)^2,4/7*x^7+2/3*x^6+1/5*x^5,0]
[3,x*(1+2*x+x^2),1/4*x^4+2/3*x^3+1/2*x^2,0]
[4,1/x,ln(abs(x)),0]
[5,(1+x)^3/(-1+x)^4,(-36*x^2+36*x-16)*1/6/(x-1)^3+ln(abs(x-1)),0]
[6,1/(-1+x)/x/(1+x)^2,-ln(abs(x))+1/4*ln(abs(x-1))+3/4*ln(abs(x+1))-2*1/4/(x+1),0]
[7,(b+a*x)/(-p+x)/(-q+x),(b+a*q)/(-p+q)*ln(abs(x-q))+(b+a*p)/(p-q)*ln(abs(x-p)),0]
[8,1/(c+b*x+a*x^2),2/sqrt(-b^2+4*a*c)*atan((2*a*x+b)/sqrt(-b^2+4*a*c)),0]
[9,(b+a*x)/(1+x^2),1/2*a*ln(x^2+1)+b*atan(x),0]
[10,1/(3-2*x+x^2),2/(2*sqrt(2))*atan((x-1)/sqrt(2)),0]
[11,1/(-1+x)^2/(1+x^2)^2,-1/2*ln(abs(x-1))+1/4*ln(x^2+1)+1/4*atan(x)+(-x^2-x)/(4*(x^3-x^2+x-1)),0]
[12,x/(-a+x)/(-b+x)/(-c+x),c/(a*b-a*c-b*c+c^2)*ln(abs(x-c))+b/(-a*b+a*c+b^2-b*c)*ln(abs(x-b))+a/(a^2-a*b-a*c+b*c)*ln(abs(x-a)),0]
[13,x/(a^2+x^2)/(b^2+x^2),1/2*(1/(a^2-b^2)*ln(x^2+b^2)+1/(-a^2+b^2)*ln(x^2+a^2)),0]
[14,x^2/(a^2+x^2)/(b^2+x^2),-2*b^2/((a^2-b^2)*2*b)*atan(x/b)+2*a^2/((a^2-b^2)*2*a)*atan(x/a),0]
[15,x/(-1+x)/(1+x^2),1/2*ln(abs(x-1))-1/4*ln(x^2+1)+1/2*atan(x),0]
[16,x/(1+x^3),1/6*ln(x^2-x+1)-sqrt(3)/3*atan(-(x-1/2)/(sqrt(3)/2))-1/3*ln(abs(x+1)),0]
[17,x^3/(-1+x)^2/(1+x^3),-1/12*ln(abs(x+1))-1/3*ln(x^2-x+1)+3/4*ln(abs(x-1))-2*1/4/(x-1),0]
[18,1/(1+x^4),-sqrt(2)/8*ln(x^2-sqrt(2)*x+1)+sqrt(2)/4*atan((x-sqrt(2)/2)/(sqrt(2)/2))+sqrt(2)/8*ln(x^2+sqrt(2)*x+1)+sqrt(2)/4*atan((x-(-sqrt(2))/2)/(sqrt(2)/2)),0]
[19,x^2/(1+x^4),sqrt(2)/8*ln(x^2-sqrt(2)*x+1)+sqrt(2)/4*atan((x-sqrt(2)/2)/(sqrt(2)/2))-sqrt(2)/8*ln(x^2+sqrt(2)*x+1)+sqrt(2)/4*atan((x-(-sqrt(2))/2)/(sqrt(2)/2)),0]
[20,1/(1+x^2+x^4),-1/4*ln(x^2-x+1)+1/(2*sqrt(3))*atan((2*x-1)/sqrt(3))+1/4*ln(x^2+x+1)+1/(2*sqrt(3))*atan((2*x+1)/sqrt(3)),0]
[21,(a+b*x)^p,(a+b*x)^(p+1)/(b*(p+1)),0]
[22,x*(a+b*x)^p,(-a^2*exp(p*ln(a+b*x))+a*b*p*x*exp(p*ln(a+b*x))+b^2*p*x^2*exp(p*ln(a+b*x))+b^2*x^2*exp(p*ln(a+b*x)))/(b^2*p^2+3*b^2*p+2*b^2),0]
[23,x^2*(a+b*x)^p,(2*a^3*exp(p*ln(a+b*x))-2*a^2*b*p*x*exp(p*ln(a+b*x))+a*b^2*p^2*x^2*exp(p*ln(a+b*x))+a*b^2*p*x^2*exp(p*ln(a+b*x))+b^3*p^2*x^3*exp(p*ln(a+b*x))+3*b^3*p*x^3*exp(p*ln(a+b*x))+2*b^3*x^3*exp(p*ln(a+b*x)))/(b^3*p^3+6*b^3*p^2+11*b^3*p+6*b^3),0]
[24,1/(a+b*x),1/b*ln(abs(x*b+a)),0]
[25,1/(a+b*x)^2,-1/(b*(x*b+a)),0]
[26,x/(a+b*x),x/b-a/b^2*ln(abs(x*b+a)),0]
[27,x^2/(a+b*x),(1/2*x^2*b-x*a)/b^2+a^2/b^3*ln(abs(x*b+a)),0]
[28,1/x/(a+b*x),1/a*ln(abs(x))-b/(a*b)*ln(abs(x*b+a)),0]
[29,1/x^2/(a+b*x),b^2/(a^2*b)*ln(abs(x*b+a))-b/a^2*ln(abs(x))-a/a^2/x,0]
[30,1/x^2/(a+b*x)^2,-2*b/a^3*ln(abs(x))+2*b^2/(a^3*b)*ln(abs(x*b+a))-(2*x*b+a)/(a^2*(x^2*b+x*a)),0]
[31,1/(c^2+x^2),2/(2*c)*atan(x/c),0]
[32,1/(c^2-x^2),-1/(2*c)*ln(abs(x-c))+1/(2*c)*ln(abs(x+c)),0]
[33,1/(-1+2*x^3),-4^(1/3)/12*ln(x^2+(1/2)^(1/3)*x+(1/2)^(1/3)*(1/2)^(1/3))-(1/2)^(1/3)*sqrt(3)/3*atan((x+1/2*(1/2)^(1/3))/(sqrt(3)/2*(1/2)^(1/3)))+(1/2)^(1/3)/3*ln(abs(x-(1/2)^(1/3))),0]
[34,1/(-2+x^3),-2^(1/3)/12*ln(x^2+2^(1/3)*x+2^(1/3)*2^(1/3))-2^(1/3)*sqrt(3)/6*atan((x+1/2*2^(1/3))/(sqrt(3)/2*2^(1/3)))+2^(1/3)/6*ln(abs(x-2^(1/3))),0]
[35,1/(-b+a*x^3),-(a^2*b)^(1/3)/(6*a*b)*ln(x^2+(b/a)^(1/3)*x+(b/a)^(1/3)*(b/a)^(1/3))-(a^2*b)^(1/3)/(sqrt(3)*a*b)*atan((x+1/2*(b/a)^(1/3))/(sqrt(3)/2*(b/a)^(1/3)))+(b/a)^(1/3)/(3*b)*ln(abs(x-(b/a)^(1/3))),0]
[36,1/(-2+x^4),2^(1/4)/8*ln(abs(x-2^(1/4)))-2^(1/4)/8*ln(abs(x+2^(1/4)))-2^(1/4)/4*atan(x/2^(1/4)),0]
[37,1/(-1+5*x^4),(5^(1/4))^3/20*ln(abs(x-(1/5)^(1/4)))-(5^(1/4))^3/20*ln(abs(x+(1/5)^(1/4)))-(5^(1/4))^3/10*atan(x/(1/5)^(1/4)),0]
[38,1/(7+3*x^4),-756^(1/4)/168*ln(x^2-(7/3)^(1/4)*sqrt(2)*x+(7/3)^(1/4)*(7/3)^(1/4))+756^(1/4)/84*atan((x-sqrt(2)/2*(7/3)^(1/4))/(sqrt(2)/2*(7/3)^(1/4)))+756^(1/4)/168*ln(x^2+(7/3)^(1/4)*sqrt(2)*x+(7/3)^(1/4)*(7/3)^(1/4))+756^(1/4)/84*atan((x-(-sqrt(2))/2*(7/3)^(1/4))/(sqrt(2)/2*(7/3)^(1/4))),0]
[39,1/(-1+3*x^2+x^4),sqrt(26*(sqrt(13)+3))/52*ln(abs(x-sqrt((-3+sqrt(13))/2)))-sqrt(26*(sqrt(13)+3))/52*ln(abs(x+sqrt((-3+sqrt(13))/2)))-sqrt(26*(sqrt(13)-3))/26*atan(x/sqrt(-(-3-sqrt(13))/2)),0]
[40,1/(-1-3*x^2+x^4),sqrt(26*(sqrt(13)-3))/52*ln(abs(x-sqrt((3+sqrt(13))/2)))-sqrt(26*(sqrt(13)-3))/52*ln(abs(x+sqrt((3+sqrt(13))/2)))-sqrt(26*(sqrt(13)+3))/26*atan(x/sqrt(-(3-sqrt(13))/2)),0]
[41,1/(1-3*x^2+x^4),1/4*ln(abs(x^2-x-1))-1/(4*sqrt(5))*ln(abs((2*x-1-sqrt(5))/(2*x-1+sqrt(5))))-1/4*ln(abs(x^2+x-1))-1/(4*sqrt(5))*ln(abs((2*x+1-sqrt(5))/(2*x+1+sqrt(5)))),0]
[42,1/(1-4*x^2+x^4),(3*sqrt(2)-sqrt(6))/24*ln(abs(-sqrt(6)/2-sqrt(2)/2+x))+(-3*sqrt(2)+sqrt(6))/24*ln(abs(x+sqrt(6)/2+sqrt(2)/2))-(3*sqrt(2)+sqrt(6))/24*ln(abs(-sqrt(6)/2+sqrt(2)/2+x))-(-3*sqrt(2)-sqrt(6))/24*ln(abs(x+sqrt(6)/2-sqrt(2)/2)),0]
[43,1/(1+4*x^2+x^4),(3*sqrt(2)+sqrt(6))/12*atan(x/(sqrt(6)/2-sqrt(2)/2))-(3*sqrt(2)-sqrt(6))/12*atan(x/(sqrt(6)/2+sqrt(2)/2)),0]
[44,1/(2+x^2+x^4),(-2^(1/4)*sqrt(-8*sqrt(2)+32)*sqrt(7)-2^(1/4)*sqrt(8*sqrt(2)+32))/(64*sqrt(7))*ln(x^2-2*2^(1/4)*sqrt((1-sqrt(2)/4)/2)*x+2^(1/4)*2^(1/4))+(-2^(1/4)*sqrt(-8*sqrt(2)+32)+2^(1/4)*sqrt(7)*sqrt(8*sqrt(2)+32))/(32*sqrt(7))*atan((x-sqrt((1-sqrt(2)/4)/2)*2^(1/4))/(sqrt((1+sqrt(2)/4)/2)*2^(1/4)))+(2^(1/4)*sqrt(-8*sqrt(2)+32)*sqrt(7)+2^(1/4)*sqrt(8*sqrt(2)+32))/(64*sqrt(7))*ln(x^2+2*2^(1/4)*sqrt((1-sqrt(2)/4)/2)*x+2^(1/4)*2^(1/4))+(2^(1/4)*sqrt(-8*sqrt(2)+32)-2^(1/4)*sqrt(7)*sqrt(8*sqrt(2)+32))/(32*sqrt(7))*atan(-(x+sqrt((1-sqrt(2)/4)/2)*2^(1/4))/(sqrt((1+sqrt(2)/4)/2)*2^(1/4))),0]
[45,1/(2-x^2+x^4),(2^(1/4)*sqrt(-8*sqrt(2)+32)-2^(1/4)*sqrt(7)*sqrt(8*sqrt(2)+32))/(64*sqrt(7))*ln(x^2-2*2^(1/4)*sqrt((sqrt(2)/4+1)/2)*x+2^(1/4)*2^(1/4))+(2^(1/4)*sqrt(-8*sqrt(2)+32)*sqrt(7)+2^(1/4)*sqrt(8*sqrt(2)+32))/(32*sqrt(7))*atan((x-sqrt((sqrt(2)/4+1)/2)*2^(1/4))/(sqrt((1-sqrt(2)/4)/2)*2^(1/4)))+(-2^(1/4)*sqrt(-8*sqrt(2)+32)+2^(1/4)*sqrt(7)*sqrt(8*sqrt(2)+32))/(64*sqrt(7))*ln(x^2+2*2^(1/4)*sqrt((sqrt(2)/4+1)/2)*x+2^(1/4)*2^(1/4))+(-2^(1/4)*sqrt(-8*sqrt(2)+32)*sqrt(7)-2^(1/4)*sqrt(8*sqrt(2)+32))/(32*sqrt(7))*atan(-(x+sqrt((sqrt(2)/4+1)/2)*2^(1/4))/(sqrt((1-sqrt(2)/4)/2)*2^(1/4))),0]
[46,1/(-1+x^6),1/6*ln(abs(x-1))-1/6*ln(abs(x+1))+1/12*ln(x^2-x+1)-sqrt(3)/6*atan((x-1/2)/(sqrt(3)/2))-1/12*ln(x^2+x+1)-sqrt(3)/6*atan((x+1/2)/(sqrt(3)/2)),0]
[47,1/(-2+x^6),2^(1/6)/12*ln(abs(x-2^(1/6)))-2^(1/6)/12*ln(abs(x+2^(1/6)))+2^(1/6)/24*ln(x^2-2^(1/6)*x+2^(1/6)*2^(1/6))-2^(1/6)*sqrt(3)/12*atan((x-1/2*2^(1/6))/(sqrt(3)/2*2^(1/6)))-2^(1/6)/24*ln(x^2+2^(1/6)*x+2^(1/6)*2^(1/6))-2^(1/6)*sqrt(3)/12*atan((x+1/2*2^(1/6))/(sqrt(3)/2*2^(1/6))),0]
[48,1/(2+x^6),-2^(1/6)*sqrt(3)/24*ln(x^2-2^(1/6)*sqrt(3)*x+2^(1/6)*2^(1/6))+2^(1/6)/12*atan((x-sqrt(3)/2*2^(1/6))/(1/2*2^(1/6)))+2^(1/6)/6*atan(x/2^(1/6))+2^(1/6)*sqrt(3)/24*ln(x^2+2^(1/6)*sqrt(3)*x+2^(1/6)*2^(1/6))+2^(1/6)/12*atan((x-(-sqrt(3))/2*2^(1/6))/(1/2*2^(1/6))),0]
[49,1/(1+x^8),-sqrt(sqrt(2)+2)/16*ln(x^2-sqrt(2+sqrt(2))*x+1)+sqrt(-sqrt(2)+2)/8*atan((x-sqrt(2+sqrt(2))/2)/(sqrt(2-sqrt(2))/2))-sqrt(-sqrt(2)+2)/16*ln(x^2-sqrt(2-sqrt(2))*x+1)+sqrt(sqrt(2)+2)/8*atan((x-sqrt(2-sqrt(2))/2)/(sqrt(2+sqrt(2))/2))+sqrt(-sqrt(2)+2)/16*ln(x^2+sqrt(2-sqrt(2))*x+1)+sqrt(sqrt(2)+2)/8*atan((x+sqrt(2-sqrt(2))/2)/(sqrt(2+sqrt(2))/2))+sqrt(sqrt(2)+2)/16*ln(x^2+sqrt(2+sqrt(2))*x+1)+sqrt(-sqrt(2)+2)/8*atan((x+sqrt(2+sqrt(2))/2)/(sqrt(2-sqrt(2))/2)),0]
[50,1/(-1+x^8),1/8*ln(abs(x-1))-1/8*ln(abs(x+1))+sqrt(2)/16*ln(x^2-sqrt(2)*x+1)-sqrt(2)/8*atan((x-sqrt(2)/2)/(sqrt(2)/2))-1/4*atan(x)-sqrt(2)/16*ln(x^2+sqrt(2)*x+1)-sqrt(2)/8*atan((x-(-sqrt(2))/2)/(sqrt(2)/2)),0]
[51,1/(1-x^4+x^8),-sqrt(6)/24*ln(x^2+(-sqrt(2)-sqrt(6))/2*x+1)+sqrt(6)/12*atan((x-(sqrt(6)+sqrt(2))/4)/((sqrt(6)-sqrt(2))/4))-sqrt(6)/24*ln(x^2+(sqrt(2)-sqrt(6))/2*x+1)+sqrt(6)/12*atan((x-(sqrt(6)-sqrt(2))/4)/((sqrt(6)+sqrt(2))/4))+sqrt(6)/24*ln(x^2+(-sqrt(2)+sqrt(6))/2*x+1)+sqrt(6)/12*atan((x-(sqrt(2)-sqrt(6))/4)/((sqrt(6)+sqrt(2))/4))+sqrt(6)/24*ln(x^2+(sqrt(2)+sqrt(6))/2*x+1)+sqrt(6)/12*atan((x-(-sqrt(6)-sqrt(2))/4)/((sqrt(6)-sqrt(2))/4)),0]
[52,x^7/(1+x^12),1/4*(1/6*ln(x^8-x^4+1)+sqrt(3)/3*atan((x^4-1/2)/sqrt(3)*2)-1/3*ln(x^4+1)),0]
[53,ln(x),x*ln(x)-x,0]
[54,x*ln(x),-1/4*x^2+1/2*x^2*ln(x),0]
[55,x^2*ln(x),-1/9*x^3+1/3*x^3*ln(x),0]
[56,x^p*ln(x),x^(p+1)/(p+1)*ln(x)+integrate(-x^(p+1)/(p*x+x),x),false]
[57,ln(x)^2,x*ln(x)^2-2*x*ln(x)+2*x,0]
[58,x^9*ln(x)^11,1/10*x^10*ln(x)^11-11/100*x^10*ln(x)^10+11/100*x^10*ln(x)^9-99/1000*x^10*ln(x)^8+99/1250*x^10*ln(x)^7-693/12500*x^10*ln(x)^6+2079/62500*x^10*ln(x)^5-2079/125000*x^10*ln(x)^4+2079/312500*x^10*ln(x)^3-6237/3125000*x^10*ln(x)^2-6237/156250000*x^10+6237/15625000*x^10*ln(x),0]
[59,ln(x)^2/x,ln(x)^3/3,0]
[60,1/ln(x),Ei(ln(x)),0]
[61,1/ln(1+x),Ei(ln(x+1)),0]
[62,1/x/ln(x),ln(abs(ln(x))),0]
[63,1/x^2/ln(x)^2,-1/(ln(x)*x)+integrate(-1/(ln(x)*x^2),x),false]
[64,ln(x)^p/x,ln(x)^(p+1)/(p+1),0]
[65,(b+a*x)*ln(x),-1/4*a*x^2-b*x+1/2*a*x^2*ln(x)+b*x*ln(x),0]
[66,(b+a*x)^2*ln(x),-1/9*a^2*x^3-1/2*a*b*x^2-b^2*x+1/3*a^2*x^3*ln(x)+b^2*x*ln(x)+a*b*x^2*ln(x),0]
[67,ln(x)/(b+a*x)^2,1/(a*b)*ln(abs(x))-a/(a^2*b)*ln(abs(x*a+b))-1/(a*(x*a+b))*ln(x),0]
[68,x*ln(b+a*x),b*(a*x+b)/a^2-1/4*(a*x+b)^2/a^2+1/2*ln(a*x+b)*(a*x+b)^2/a^2-b*ln(a*x+b)*(a*x+b)/a^2,0]
[69,x^2*ln(b+a*x),-b^2*(a*x+b)/a^3-1/9*(a*x+b)^3/a^3+1/2*b*(a*x+b)^2/a^3+1/3*ln(a*x+b)*(a*x+b)^3/a^3-b*ln(a*x+b)*(a*x+b)^2/a^3+b^2*ln(a*x+b)*(a*x+b)/a^3,0]
[70,ln(a^2+x^2),x*ln(a^2+x^2)-2*(x-2*a^2/(2*a)*atan(x/a)),0]
[71,x*ln(a^2+x^2),1/2*(-a^2-x^2+(a^2+x^2)*ln(a^2+x^2)),0]
[72,x^2*ln(a^2+x^2),x^3/3*ln(a^2+x^2)-2*((3*x^3-9*x*a^2)/27+2*a^4/(3*2*a)*atan(x/a)),0]
[73,x^4*ln(a^2+x^2),x^5/5*ln(a^2+x^2)-2*((125*x^5-625/3*x^3*a^2+625*x*a^4)/3125-2*a^6/(5*2*a)*atan(x/a)),0]
[74,ln(-a^2+x^2),x*ln(-a^2+x^2)+2*(-a/2*ln(abs(x-a))+a/2*ln(abs(x+a))-x),0]
[75,ln(ln(ln(ln(x)))),x*ln(ln(ln(ln(x))))+integrate(-x/ln(x)/ln(ln(ln(x)))/ln(ln(x))/x,x),false]
[76,sin(x),-cos(x),0]
[77,cos(x),sin(x),0]
[78,tan(x),-ln(abs(cos(x))),0]
[79,1/tan(x),1/2*ln(tan(x)^2)-1/2*ln(tan(x)^2+1),0]
[80,1/(1+tan(x))^2,-1/4*ln(tan(x)^2+1)+1/2*ln(abs(tan(x)+1))-1/2/(tan(x)+1),0]
[81,1/cos(x),2*(-1/8*ln(abs(sin(x)+1/sin(x)-2))+1/8*ln(abs(sin(x)+1/sin(x)+2))),0]
[82,1/sin(x),2/2*ln(abs(tan(x/2))),0]
[83,sin(x)^2,1/2*x-1/4*sin(2*x),0]
[84,x^3*sin(x^2),1/2*(-x^2*cos(x^2)+sin(x^2)),0]
[85,sin(x)^3,-cos(x)+cos(x)^3/3,0]
[86,sin(x)^p,integrate(exp(p*ln(sin(x))),x),false]
[87,cos(x)*(1+sin(x)^2)^2,sin(x)^5/5+2*sin(x)^3/3+sin(x),0]
[88,cos(x)^2,1/2*x+1/4*sin(2*x),0]
[89,cos(x)^3,sin(x)-sin(x)^3/3,0]
[90,1/cos(x)^2,2/2*tan(x),0]
[91,sin(x)*sin(2*x),2*sin(x)^3/3,0]
[92,x*sin(x),-x*cos(x)+sin(x),0]
[93,x^2*sin(x),(-x^2+2)*cos(x)+2*x*sin(x),0]
[94,x*sin(x)^2,-1/8*cos(2*x)-2*x/8*sin(2*x)+1/2*x^2/2,0]
[95,x^2*sin(x)^2,-4*x/16*cos(2*x)-(4*x^2-2)/16*sin(2*x)+1/3*x^3/2,0]
[96,x*sin(x)^3,-3*x/4*cos(x)+3/4*sin(x)+3*x/36*cos(3*x)-1/36*sin(3*x),0]
[97,x*cos(x),cos(x)+x*sin(x),0]
[98,x^2*cos(x),2*x*cos(x)-(-x^2+2)*sin(x),0]
[99,x*cos(x)^2,1/8*cos(2*x)+2*x/8*sin(2*x)+1/2*x^2/2,0]
[100,x^2*cos(x)^2,4*x/16*cos(2*x)-(-4*x^2+2)/16*sin(2*x)+1/3*x^3/2,0]
[101,x*cos(x)^3,3/4*cos(x)+3*x/4*sin(x)+1/36*cos(3*x)+3*x/36*sin(3*x),0]
[102,sin(x)/x,Si(x),0]
[103,cos(x)/x,Ci(x),0]
[104,sin(x)/x^2,(x*Ci(x)-sin(x))/x,0]
[105,sin(x)^2/x,-1/2*Ci(2*x)+1/2*ln(x),0]
[106,tan(x)^3,1/2*(tan(x)^2-ln(tan(x)^2+1)),0]
[107,sin(a+b*x),-cos(a+b*x)/b,0]
[108,cos(a+b*x),sin(a+b*x)/b,0]
[109,tan(a+b*x),-ln(abs(cos(a+b*x)))/b,0]
[110,1/tan(a+b*x),2/b*(1/4*ln(abs(1-cos(a+b*x))/abs(1+cos(a+b*x)))-1/2*ln(abs((1-cos(a+b*x))/(1+cos(a+b*x))+1))),0]
[111,1/sin(a+b*x),2/b/2*ln(abs(tan((b*x+a)/2))),0]
[112,1/cos(a+b*x),2/b*(-1/8*ln(abs(sin(a+b*x)+1/sin(a+b*x)-2))+1/8*ln(abs(sin(a+b*x)+1/sin(a+b*x)+2))),0]
[113,sin(a+b*x)^2,1/2*x-4*b/(4*b)^2*sin(2*a+2*b*x),0]
[114,sin(a+b*x)^3,-cos(a+b*x)/b+(cos(a+b*x)/b*b)^3/b*1/3,0]
[115,cos(a+b*x)^2,1/2*x+4*b/(4*b)^2*sin(2*a+2*b*x),0]
[116,cos(a+b*x)^3,1/b*(sin(a+b*x)-sin(a+b*x)^3/3),0]
[117,1/cos(a+b*x)^2,2/b/2*tan(a+b*x),0]
[118,1/(1+cos(x)),2*tan(x/2)/2,0]
[119,1/(1-cos(x)),-2/(2*tan(x/2)),0]
[120,1/(1+sin(x)),-2/(tan(x/2)+1),0]
[121,1/(1-sin(x)),-2/(tan(x/2)-1),0]
[122,1/(a+b*sin(x)),2*2/(2*sqrt(a^2-b^2))*(atan((a*tan(x/2)+b)/sqrt(a^2-b^2))+pi*sign(a)*floor(x/2/pi+1/2)),0]
[123,1/(a+cos(x)+b*sin(x)),2*2/(2*sqrt(a^2-b^2-1))*(atan((a*tan(x/2)+b-tan(x/2))/sqrt(a^2-b^2-1))+pi*sign(2*a-2)*floor(x/2/pi+1/2)),0]
[124,x^2*sin(a+b*x)^2,-4*x*b*16*b^3/(-16*b^3)^2*cos(2*a+2*b*x)-(4*x^2*b^2-2)*16*b^3/(-16*b^3)^2*sin(2*a+2*b*x)+1/3*x^3/2,0]
[125,cos(x)*cos(2*x),1/2*sin(x)+1/6*sin(3*x),0]
[126,x^2*cos(a+b*x)^2,4*x*b*16*b^3/(-16*b^3)^2*cos(2*a+2*b*x)-(-4*x^2*b^2+2)*16*b^3/(-16*b^3)^2*sin(2*a+2*b*x)+1/3*x^3/2,0]
[127,1/tan(x)^3,1/2*ln(tan(x)^2+1)-1/2*ln(tan(x)^2)+(tan(x)^2-1)/2/tan(x)^2,0]
[128,x^3*tan(x)^4,integrate(x^3*tan(x)^4,x),false]
[129,x^3*tan(x)^6,integrate(x^3*tan(x)^6,x),false]
[130,x*tan(x)^2,-1/2*x^2+x*tan(x)+1/2*ln(4/(tan(x)^2+1)),0]
[131,cos(3*x)*sin(2*x),-1/10*cos(5*x)+1/2*cos(x),0]
[132,cos(x)^2*sin(x)^2,1/8*x-1/32*sin(4*x),0]
[133,1/cos(x)^2/sin(x)^2,tan(x)-1/tan(x),0]
[134,d^x*sin(x),exp(x*ln(d))*(-1/(ln(d)^2+1)*cos(x)+ln(d)/(ln(d)^2+1)*sin(x)),0]
[135,d^x*cos(x),exp(x*ln(d))*(ln(d)/(ln(d)^2+1)*cos(x)+1/(ln(d)^2+1)*sin(x)),0]
[136,d^x*x*sin(x),exp(x*ln(d))*((-(x*ln(d)-1)*2*ln(d)/((ln(d)^2-1)^2+(2*ln(d))^2)+x*(ln(d)^2-1)/((ln(d)^2-1)^2+(2*ln(d))^2))*cos(x)+((x*ln(d)-1)*(ln(d)^2-1)/((ln(d)^2-1)^2+(2*ln(d))^2)+x*2*ln(d)/((ln(d)^2-1)^2+(2*ln(d))^2))*sin(x)),0]
[137,d^x*x*cos(x),exp(x*ln(d))*(((x*ln(d)-1)*(ln(d)^2-1)/((ln(d)^2-1)^2+(2*ln(d))^2)+x*2*ln(d)/((ln(d)^2-1)^2+(2*ln(d))^2))*cos(x)-(-(x*ln(d)-1)*2*ln(d)/((ln(d)^2-1)^2+(2*ln(d))^2)+x*(ln(d)^2-1)/((ln(d)^2-1)^2+(2*ln(d))^2))*sin(x)),0]
[138,d^x*x^2*sin(x),exp(x*ln(d))*(((x^2*ln(d)^2-x^2-2*x*ln(d)+2)*(-3*ln(d)^2+1)/((ln(d)^3-3*ln(d))^2+(3*ln(d)^2-1)^2)+(2*x^2*ln(d)-2*x)*(ln(d)^3-3*ln(d))/((ln(d)^3-3*ln(d))^2+(3*ln(d)^2-1)^2))*cos(x)+((x^2*ln(d)^2-x^2-2*x*ln(d)+2)*(ln(d)^3-3*ln(d))/((ln(d)^3-3*ln(d))^2+(3*ln(d)^2-1)^2)-(2*x^2*ln(d)-2*x)*(-3*ln(d)^2+1)/((ln(d)^3-3*ln(d))^2+(3*ln(d)^2-1)^2))*sin(x)),0]
[139,d^x*x^2*cos(x),exp(x*ln(d))*(((x^2*ln(d)^2-x^2-2*x*ln(d)+2)*(ln(d)^3-3*ln(d))/((ln(d)^3-3*ln(d))^2+(3*ln(d)^2-1)^2)-(2*x^2*ln(d)-2*x)*(-3*ln(d)^2+1)/((ln(d)^3-3*ln(d))^2+(3*ln(d)^2-1)^2))*cos(x)-((x^2*ln(d)^2-x^2-2*x*ln(d)+2)*(-3*ln(d)^2+1)/((ln(d)^3-3*ln(d))^2+(3*ln(d)^2-1)^2)+(2*x^2*ln(d)-2*x)*(ln(d)^3-3*ln(d))/((ln(d)^3-3*ln(d))^2+(3*ln(d)^2-1)^2))*sin(x)),0]
[140,d^x*x^3*sin(x),exp(x*ln(d))*(((x^3*ln(d)^3-3*x^3*ln(d)-3*x^2*ln(d)^2+3*x^2+6*x*ln(d)-6)*(-4*ln(d)^3+4*ln(d))/((ln(d)^4-6*ln(d)^2+1)^2+(4*ln(d)^3-4*ln(d))^2)+(3*x^3*ln(d)^2-x^3-6*x^2*ln(d)+6*x)*(ln(d)^4-6*ln(d)^2+1)/((ln(d)^4-6*ln(d)^2+1)^2+(4*ln(d)^3-4*ln(d))^2))*cos(x)+((x^3*ln(d)^3-3*x^3*ln(d)-3*x^2*ln(d)^2+3*x^2+6*x*ln(d)-6)*(ln(d)^4-6*ln(d)^2+1)/((ln(d)^4-6*ln(d)^2+1)^2+(4*ln(d)^3-4*ln(d))^2)-(3*x^3*ln(d)^2-x^3-6*x^2*ln(d)+6*x)*(-4*ln(d)^3+4*ln(d))/((ln(d)^4-6*ln(d)^2+1)^2+(4*ln(d)^3-4*ln(d))^2))*sin(x)),0]
[141,d^x*x^3*cos(x),exp(x*ln(d))*(((x^3*ln(d)^3-3*x^3*ln(d)-3*x^2*ln(d)^2+3*x^2+6*x*ln(d)-6)*(ln(d)^4-6*ln(d)^2+1)/((ln(d)^4-6*ln(d)^2+1)^2+(4*ln(d)^3-4*ln(d))^2)-(3*x^3*ln(d)^2-x^3-6*x^2*ln(d)+6*x)*(-4*ln(d)^3+4*ln(d))/((ln(d)^4-6*ln(d)^2+1)^2+(4*ln(d)^3-4*ln(d))^2))*cos(x)-((x^3*ln(d)^3-3*x^3*ln(d)-3*x^2*ln(d)^2+3*x^2+6*x*ln(d)-6)*(-4*ln(d)^3+4*ln(d))/((ln(d)^4-6*ln(d)^2+1)^2+(4*ln(d)^3-4*ln(d))^2)+(3*x^3*ln(d)^2-x^3-6*x^2*ln(d)+6*x)*(ln(d)^4-6*ln(d)^2+1)/((ln(d)^4-6*ln(d)^2+1)^2+(4*ln(d)^3-4*ln(d))^2))*sin(x)),0]
[142,sin(x)*sin(2*x)*sin(3*x),4*cos(x)^6/3-5*cos(x)^4/2+cos(x)^2,0]
[143,cos(x)*cos(2*x)*cos(3*x),1/4*x+1/8*sin(2*x)+1/16*sin(4*x)+1/24*sin(6*x),0]
[144,x^2*sin(k*x)^3,(-3*x^2*k^2+6)*4*k^3/(-4*k^3)^2*cos(k*x)+6*x*k*4*k^3/(-4*k^3)^2*sin(k*x)+(9*x^2*k^2-2)*108*k^3/(-108*k^3)^2*cos(3*k*x)-6*x*k*108*k^3/(-108*k^3)^2*sin(3*k*x),0]
[145,x*cos(x)*cos(k/sin(x))/sin(x)^2,integrate(x*cos(x)*cos(k/sin(x))/sin(x)^2,x),false]
[146,cos(x)/sin(x)/tan(1/2*x),4*(tan(1/2*x/2)/8-1/(8*tan(1/2*x/2))-1/2*x/2),0]
[147,sin(a*x)/(b+c*sin(a*x))^2,2/a*((tan(a*x/2)*c+b)/((c^2-b^2)*(tan(a*x/2)^2*b+2*tan(a*x/2)*c+b))+2*c/((c^2-b^2)*2*sqrt(b^2-c^2))*(atan((b*tan(a*x/2)+c)/sqrt(b^2-c^2))+pi*sign(b)*floor(a*x/2/pi+1/2))),0]
[148,sin(ln(x)),-1/2*x*cos(ln(x))+1/2*x*sin(ln(x)),0]
[149,cos(ln(x)),1/2*x*cos(ln(x))+1/2*x*sin(ln(x)),0]
[150,exp(x),exp(x),0]
[151,a^x,1/ln(a)*a^x,0]
[152,exp(a*x),exp(a*x)/a,0]
[153,exp(a*x)/x,Ei(a*x),0]
[154,1/(a+b*exp(m*x)),1/m*(1/a*m*x-b/b/a*ln(abs(exp(m*x)*b+a))),0]
[155,exp(2*x)/(1+exp(x)),exp(x)-ln(exp(x)+1),0]
[156,exp(2*x+a*x),exp(2*x+a*x)/(2+a),0]
[157,1/(b/exp(m*x)+a*exp(m*x)),-1/m/sqrt(a*b)*atan(b*exp(-m*x)/sqrt(a*b)),0]
[158,exp(a*x)*x,(x*a-1)/a^2*exp(a*x),0]
[159,exp(x)*x^20,(x^20-20*x^19+380*x^18-6840*x^17+116280*x^16-1860480*x^15+27907200*x^14-390700800*x^13+5079110400*x^12-60949324800*x^11+670442572800*x^10-6704425728000*x^9+60339831552000*x^8-482718652416000*x^7+3379030566912000*x^6-20274183401472000*x^5+101370917007360000*x^4-405483668029440000*x^3+1216451004088320000*x^2-2432902008176640000*x+2432902008176640000)*exp(x),0]
[160,a^x/b^x,integrate(a^x/b^x,x),false]
[161,a^x*b^x,1/(ln(a)+ln(b))*exp(x*ln(a)+x*ln(b)),0]
[162,a^x/x^2,integrate(a^x/x^2,x),false]
[163,a^x*x/(1+b*x)^2,integrate(a^x*x/(1+b*x)^2,x),false]
[164,exp(a*x)*x/(1+a*x)^2,exp(a*x)/(a^3*x+a^2),0]
[165,k^(x^2)*x,1/2/ln(k)*k^(x^2),0]
[166,exp(x^2),sqrt(pi)/(-i)/2*erf((-i)*x),0]
[167,exp(x^2)*x,1/2*exp(x^2),0]
[168,exp(1/x)*(1+x)/x^4,-(1/x)^2*exp(1/x)+1/x*exp(1/x)-exp(1/x),0]
[169,exp(1-exp(x^2)*x+2*x^2)*(x+2*x^3)/(1-exp(x^2)*x)^2,-exp(1)*exp(2*x^2-x*exp(x^2))/(x*exp(x^2)^3-exp(x^2)^2),0]
[170,exp(exp(exp(exp(x)))),integrate(exp(exp(exp(exp(x))))/exp(x)*exp(x),x),false]
[171,exp(x)*ln(x),exp(x)*ln(x)-Ei(x),0]
[172,exp(x)*x*ln(x),Ei(x)-exp(x)+(x-1)*exp(x)*ln(x),0]
[173,exp(2*x)*x,(2*x-1)/4*exp(2*x),0]
[174,2*x+x^2*sqrt(2),2*x^2/2+sqrt(2)*x^3/3,0]
[175,ln(x)/sqrt(b+a*x),2/a*(sqrt(a*x+b)*ln((a*x+b-b)/a)+2*(-sqrt(a*x+b)-b/2/sqrt(b)*ln((2*sqrt(a*x+b)-2*sqrt(b))/(2*sqrt(a*x+b)+2*sqrt(b))))),0]
[176,sqrt(a+b*x)*sqrt(c+d*x),1/b*(2*b/b/b*(2*(8*d^2*1/64/d^2*sqrt(a+b*x)*sqrt(a+b*x)-(-4*b*d*c+20*d^2*a)*1/64/d^2)*sqrt(a+b*x)*sqrt(-a*b*d+b^2*c+b*d*(a+b*x))+2*(-3*a^2*b*d^2+2*a*b^2*c*d+b^3*c^2)/16/d/sqrt(b*d)*ln(abs(sqrt(-a*b*d+b^2*c+b*d*(a+b*x))-sqrt(b*d)*sqrt(a+b*x))))+2*a/b*(1/2*sqrt(a+b*x)*sqrt(-a*b*d+b^2*c+b*d*(a+b*x))+2*(a*b*d-b^2*c)/4/sqrt(b*d)*ln(abs(sqrt(-a*b*d+b^2*c+b*d*(a+b*x))-sqrt(b*d)*sqrt(a+b*x))))),0]
[177,sqrt(a+b*x),sqrt(a+b*x)*(a+b*x)/(b*3/2),0]
[178,x*sqrt(a+b*x),1/b*(2*b*(1/5*sqrt(a+b*x)*(a+b*x)^2-2/3*sqrt(a+b*x)*(a+b*x)*a+sqrt(a+b*x)*a^2)/b^2+2*a/b*(sqrt(a+b*x)*(a+b*x)/3-a*sqrt(a+b*x))),0]
[179,x^2*sqrt(a+b*x),1/b*(2*b*(1/7*sqrt(a+b*x)*(a+b*x)^3-3/5*sqrt(a+b*x)*(a+b*x)^2*a+sqrt(a+b*x)*(a+b*x)*a^2-sqrt(a+b*x)*a^3)/b^3+2*a*(1/5*sqrt(a+b*x)*(a+b*x)^2-2/3*sqrt(a+b*x)*(a+b*x)*a+sqrt(a+b*x)*a^2)/b^2),0]
[180,sqrt(a+b*x)/x,2*sqrt(a+b*x)+2*a/2/sqrt(a)*ln((2*sqrt(a+b*x)-2*sqrt(a))/(2*sqrt(a+b*x)+2*sqrt(a))),0]
[181,sqrt(a+b*x)/x^2,1/b*(sqrt(a+b*x)*b^2/(-a-b*x+a)+b^2/2/sqrt(a)*ln((2*sqrt(a+b*x)-2*sqrt(a))/(2*sqrt(a+b*x)+2*sqrt(a)))),0]
[182,1/sqrt(a+b*x),2/b*sqrt(a+b*x),0]
[183,x/sqrt(a+b*x),2/b^2*(sqrt(a+b*x)*(a+b*x)/3-a*sqrt(a+b*x)),0]
[184,x^2/sqrt(a+b*x),2/b*(1/5*sqrt(a+b*x)*(a+b*x)^2-2/3*sqrt(a+b*x)*(a+b*x)*a+sqrt(a+b*x)*a^2)/b^2,0]
[185,1/x/sqrt(a+b*x),1/sqrt(a)*ln((2*sqrt(a+b*x)-2*sqrt(a))/(2*sqrt(a+b*x)+2*sqrt(a))),0]
[186,1/x^2/sqrt(a+b*x),2/b*(-sqrt(a+b*x)*b^2/2/a/(a+b*x-a)-b^2/2/a/2/sqrt(a)*ln((2*sqrt(a+b*x)-2*sqrt(a))/(2*sqrt(a+b*x)+2*sqrt(a)))),0]
[187,sqrt((a+b*x)^p),(a+b*x)^(1/2*p+1)/(b*(1/2*p+1)),0]
[188,x*sqrt((a+b*x)^p),(-4*a^2*exp(p*ln(a+b*x)/2)+2*a*b*p*x*exp(p*ln(a+b*x)/2)+2*b^2*p*x^2*exp(p*ln(a+b*x)/2)+4*b^2*x^2*exp(p*ln(a+b*x)/2))/(b^2*p^2+6*b^2*p+8*b^2),0]
[189,atan((2*x-sqrt(2))/sqrt(2)),((2*x-sqrt(2))/sqrt(2)*atan((2*x-sqrt(2))/sqrt(2))-ln(((2*x-sqrt(2))/sqrt(2))^2+1)/2)/(2/sqrt(2)),0]
[190,1/sqrt(-1+x^2),-ln(-sqrt(x^2-1)+x),0]
[191,sqrt(x)*sqrt(1+x),2*(2*(1/8*sqrt(x)*sqrt(x)+1/16)*sqrt(x)*sqrt(x+1)+1/8*ln(sqrt(x+1)-sqrt(x))),0]
[192,sin(sqrt(x)),2*(-sqrt(x)*cos(sqrt(x))+sin(sqrt(x))),0]
[193,x/(1-x^2)^(1/8)/(1-x^2),4/(-x^2+1)^(1/8),(x*((-x^2+1)^(1/4))^3*(-x^2+1)^(1/8)-x*((-x^2+1)^(1/8))^7)/(x^4-2*x^2+1)]
[194,x/sqrt(1-x^4),1/2*asin(x^2),0]
[195,1/x/sqrt(1+x^4),1/2*(1/2*ln(sqrt(x^4+1)-1)-1/2*ln(sqrt(x^4+1)+1)),0]
[196,x/sqrt(1+x^2+x^4),-1/2*ln(2*(sqrt(x^4+x^2+1)-x^2)-1),0]
[197,1/x/sqrt(-1+x^2-x^4),integrate(1/2/x^2/sqrt(-x^4+x^2-1)*2*x,x),false]
[198,(1+x)/(1-x)^2/sqrt(1+x^2),2*(sqrt(x^2+1)-x-1)/(-(sqrt(x^2+1)-x)^2-2*(sqrt(x^2+1)-x)+1),0]
[199,1/sqrt(1+x^2),-ln(sqrt(x^2+1)-x),0]
[200,1/2*(sqrt(x)*sqrt(1+x)+sqrt(x)*sqrt(2+x)+sqrt(1+x)*sqrt(2+x))/sqrt(x)/sqrt(1+x)/sqrt(2+x),integrate(1/2*(2*sqrt(x)*sqrt(x+1)+2*sqrt(x)*sqrt(x+2)+2*sqrt(x+1)*sqrt(x+2))/sqrt(x+1)/sqrt(x+2)/2*(sqrt(x))^-1,x),false]
[201,1/2*(-2*sqrt(1+x^3)+5*x^4*sqrt(1+x^3)-3*x^2*sqrt(1-2*x+x^5))/sqrt(1+x^3)/sqrt(1-2*x+x^5),integrate(1/2*(-2*sqrt(x^3+1)+5*x^4*sqrt(x^3+1)-3*x^2*sqrt(x^5-2*x+1))/sqrt(x^3+1)/sqrt(x^5-2*x+1),x),false]
[202,10/sqrt(-4+x^2)+1/sqrt(-1+x^2),-10*ln(-sqrt(x^2-4)+x)-ln(-sqrt(x^2-1)+x),0]
[203,sqrt(x+sqrt(a^2+x^2))/x,integrate(sqrt(sqrt(a^2+x^2)+x)/x,x),false]
[204,3/2*x^2/(1+x^3+sqrt(1+x^3)),3/2*2/3*ln(sqrt(x^3+1)+1),0]
[205,1/sqrt(-alpha^2),(-i)/abs(alpha)*r,0]
[206,1/r/sqrt(-alpha^2),(-i)/abs(alpha)*ln(abs(r)),0]
[207,1/r/sqrt(-alpha^2-2*k*r),4*1/2/alpha*atan(sqrt(-alpha^2-2*k*r)/alpha),0]
[208,1/r/sqrt(-alpha^2-1e-24-2*k*r),2e+12/(1e+24*alpha^2+1.0)^0.5*atan((-1e+24*alpha^2-2e+24*k*r-1.0)^0.5/(1e+24*alpha^2+1.0)^0.5),-2e+12/(1e+24*alpha^2+1.0)^0.5*0.5*2e+24*k*(-1e+24*alpha^2-2e+24*k*r-1.0)^-0.5/(1e+24*alpha^2+1.0)^0.5/(1+((-1e+24*alpha^2-2e+24*k*r-1.0)^0.5/(1e+24*alpha^2+1.0)^0.5)^2)-1/r/sqrt(-alpha^2-1e-24-2*k*r)]
[209,r/sqrt(-alpha^2+2*e*r^2),1/2/e*sqrt(-alpha^2+2*e*r^2),0]
[210,r/sqrt(-alpha^2-1e-24+2*e*r^2),5e-13/e*(-1e+24*alpha^2+2e+24*e*r^2-1.0)^0.5,5e-13/e*0.5*2e+24*e*2*r*(-1e+24*alpha^2+2e+24*e*r^2-1.0)^-0.5-r/sqrt(-alpha^2-1e-24+2*e*r^2)]
[211,r/sqrt(-alpha^2+2*e*r^2-2*k*r^4),-1/2/sqrt(2)/sqrt(-k)*ln(abs(-sqrt(2)*sqrt(-k)*(sqrt(-alpha^2+2*e*r^2-2*k*r^4)-sqrt(-2*k)*r^2)+e)),0]
[212,r/sqrt(-alpha^2-2*k*r+2*e*r^2),2/(4*e)*sqrt(-alpha^2+2*e*r^2-2*k*r)-2*k/4/sqrt(2)/e/sqrt(e)*ln(abs(-sqrt(2)*sqrt(e)*(sqrt(-alpha^2+2*e*r^2-2*k*r)-sqrt(2*e)*r)-k)),0]
[213,1/r/sqrt(-alpha^2-2*k*r^4),1/4/k*2*k*2*1/2/alpha*atan(sqrt(-alpha^2-2*k*r^4)/alpha),0]
[214,1/r/sqrt(-alpha^2-1e-24-2*k*r^4),2.5e-13/k*2e+24*k*2.0*0.5/(1e+24*alpha^2+1.0)^0.5*atan((-1e+24*alpha^2-2e+24*k*r^4-1.0)^0.5/(1e+24*alpha^2+1.0)^0.5),-2.5e-13/k*2e+24*k*2.0*0.5/(1e+24*alpha^2+1.0)^0.5*0.5*2e+24*k*4*r^3*(-1e+24*alpha^2-2e+24*k*r^4-1.0)^-0.5/(1e+24*alpha^2+1.0)^0.5/(1+((-1e+24*alpha^2-2e+24*k*r^4-1.0)^0.5/(1e+24*alpha^2+1.0)^0.5)^2)-1/r/sqrt(-alpha^2-1e-24-2*k*r^4)]
[215,a*cos(5+3*x)*sin(5+3*x)^2,a/3*sin(5+3*x)^3/3,0]
[216,ln(x^2)/x^3,2*(-1/(2*x^2)*ln(x)-1/(4*x^2)),0]
[217,x*sin(a+x),-x*cos(a+x)+sin(a+x),0]
[218,(-1+(1-x)*ln(x))/exp(x)/ln(x)^2,x*exp(-x)/ln(x),0]
[219,x^3/(b+a*x^2),1/2*(x^2/a-b/a^2*ln(abs(x^2*a+b))),0]
[220,sqrt(x)/sqrt(1+x)/(1+x)^3,4*(1/15*sqrt(x)*sqrt(x)+1/6)*sqrt(x)*sqrt(x)*sqrt(x)*sqrt(x+1)/(x+1)^3,0]
[221,1/x/(1+x),ln(abs(x))-ln(abs(x+1)),0]
[222,1/sqrt(x)/(-1+2*x),2*(sqrt(2)/4*ln(abs(sqrt(x)-sqrt(2)/2))-sqrt(2)/4*ln(sqrt(x)+sqrt(2)/2)),0]
[223,sqrt(x)*(1+x^2),2*sqrt(x)*x^3/7+2*sqrt(x)*x/3,0]
[224,(-a+x)^(1/3)/x,-(-a)^(1/3)/2*ln(((-a+x)^(1/3))^2+(-a)^(1/3)*(-a+x)^(1/3)+(-a)^(1/3)*(-a)^(1/3))-sqrt(3)*(-a)^(1/3)*atan(((-a+x)^(1/3)+1/2*(-a)^(1/3))/sqrt(3)*2/(-a)^(1/3))+3*a*(-a)^(1/3)/(3*a)*ln(abs((-a+x)^(1/3)-(-a)^(1/3)))+3*(-a+x)^(1/3),0]
[225,x*sinh(x),1/2*((x-1)*exp(x)+(x+1)*exp(-x)),(x*exp(x)^2-2*x*exp(x)*sinh(x)-x)/(2*exp(x))]
[226,x*cosh(x),1/2*((x-1)*exp(x)+(-x-1)*exp(-x)),(-2*x*cosh(x)*exp(x)+x*exp(x)^2+x)/(2*exp(x))]
[227,sinh(2*x)/cosh(2*x),-x+1/2*ln(exp(2*x)^2+1),(cosh(2*x)*exp(2*x)^2-cosh(2*x)-exp(2*x)^2*sinh(2*x)-sinh(2*x))/(cosh(2*x)*exp(2*x)^2+cosh(2*x))]
[228,(-1+I*eps*sinh(x))/(I*a-x+I*eps*cosh(x)),-x+ln(2*I*a*exp(x)+I*eps*exp(x)^2+I*eps-2*x*exp(x)),(I^2*a*eps*exp(x)^2-2*I^2*a*eps*exp(x)*sinh(x)-I^2*a*eps+I^2*eps^2*cosh(x)*exp(x)^2-I^2*eps^2*cosh(x)-I^2*eps^2*exp(x)^2*sinh(x)-I^2*eps^2*sinh(x)-I*eps*x*exp(x)^2+2*I*eps*x*exp(x)*sinh(x)+I*eps*x-2*I*eps*cosh(x)*exp(x)+I*eps*exp(x)^2+I*eps)/(2*I^2*a^2*exp(x)+2*I^2*a*eps*cosh(x)*exp(x)+I^2*a*eps*exp(x)^2+I^2*a*eps+I^2*eps^2*cosh(x)*exp(x)^2+I^2*eps^2*cosh(x)-4*I*a*x*exp(x)-2*I*eps*x*cosh(x)*exp(x)-I*eps*x*exp(x)^2-I*eps*x+2*x^2*exp(x))]
[229,cos(x)^2*sin(3+2*x),-1/4*cos(2*x+3)-1/16*cos(4*x+3)+1/4*sin(3)*x,0]
[230,x*atan(x),-x/2+1/2*atan(x)+x^2/2*atan(x),0]
[231,x*atan(1/x),1/2*x+1/2*atan(1/x)+(-x)^2/2*atan(1/x),0]
[232,x*ln(a+x^2),1/2*(-a-x^2+(a+x^2)*ln(a+x^2)),0]
[233,cos(x)*sin(a+x),-1/4*cos(a+2*x)+1/2*sin(a)*x,0]
[234,cos(a+x)*sin(x),-1/4*cos(a+2*x)-1/2*sin(a)*x,0]
[235,sqrt(2)*abs(cos(x/2-pi/4)),sqrt(2)*2*sin(-1/4*pi+1/2*x)*sign(cos(-1/4*pi+1/2*x)),0]
[236,sqrt(1-sin(x)),-sqrt(2)*2*cos(x/2-pi/4),0]
[237,sqrt(1+cos(x)),sqrt(2)*2*sin(x/2),0]
[238,sqrt(1-cos(x)),-sqrt(2)*2*cos(x/2),0]
[239,1/(-sqrt(-1+x)+sqrt(x)),2*(1/3*sqrt(x-1)*(x-1)+2*(1/6*sqrt(x-1)*sqrt(x-1)+1/6)*sqrt(x)),0]
[240,1/(1-sqrt(1+x)),-2*(sqrt(x+1)+ln(abs(sqrt(x+1)-1))),0]
[241,x/sqrt(36+x^4),-1/2*ln(sqrt(x^4+36)-x^2),0]
[242,1/(x^(1/3)+sqrt(x)),6*(1/3*x^(1/6)*x^(1/3)-1/2*x^(1/3)+x^(1/6)-ln(x^(1/6)+1)),0]
[243,ln(2+3*x^2),x*ln(2+3*x^2)-6*(x/3-4/(3*2*sqrt(6))*atan(3*x/sqrt(6))),0]
[244,cos(x)/sin(x),ln(abs(sin(x))),0]
[245,(cos(x)/sin(x))^4,2*((256/3*tan(x/2)^3-1280*tan(x/2))/4096+(15*tan(x/2)^2-1)/(48*tan(x/2)^3)+x/2),0]
[246,tanh(x),-x+ln(exp(2*x)+1),(-exp(2*x)*tanh(x)+exp(2*x)-tanh(x)-1)/(exp(2*x)+1)]
[247,1/tanh(x),-x+ln(abs(exp(2*x)-1)),(exp(2*x)*tanh(x)-exp(2*x)+tanh(x)+1)/(exp(2*x)*tanh(x)-tanh(x))]
[248,b^x,1/ln(b)*b^x,0]
[249,sqrt(2+1/x^4+x^4),1/3*x^3-1/x,0]
[250,(1+2*x)/(2+3*x),2*x/3-1/9*ln(abs(3*x+2)),0]
[251,x*ln(x+sqrt(1+x^2)),-2/8*x*sqrt(x^2+1)-1/4*ln(sqrt(x^2+1)-x)+x^2/2*ln(x+sqrt(1+x^2)),0]
[252,x*(1+exp(x)*sin(x))^2,1/2*x^2+exp(x)*(-(2*x-2)/2*cos(x)+2*x/2*sin(x))+(2*x-1)/8*exp(2*x)+exp(2*x)*(-2*x/16*cos(2*x)+(-2*x+1)/16*sin(2*x)),0]
[253,exp(x)*x*cos(x),exp(x)*(x/2*cos(x)+(x-1)/2*sin(x)),0]
[254,1/(-3+x)^4,-1/(3*(x-3)^3),0]
[255,x/(-1+x^3),-1/6*ln(x^2+x+1)+sqrt(3)/3*atan((x+1/2)/(sqrt(3)/2))+1/3*ln(abs(x-1)),0]
[256,x/(-1+x^4),1/2*(1/2*ln(abs(x^2-1))-1/2*ln(x^2+1)),0]
[257,(1+x^3)*ln(x)/(2+x^4),integrate((1+x^3)*ln(x)/(2+x^4),x),false]
[258,ln(x)+ln(1+x)+ln(2+x),x*ln(x)-x-1-x+(1+x)*ln(1+x)-2-x+(2+x)*ln(2+x),0]
[259,1/(5+x^3),-5^(1/3)/30*ln(x^2-5^(1/3)*x+5^(1/3)*5^(1/3))-5^(1/3)*sqrt(3)/15*atan(-(x-1/2*5^(1/3))/(sqrt(3)/2*5^(1/3)))+5^(1/3)/15*ln(abs(x+5^(1/3))),0]
[260,1/sqrt(1+x^2),-ln(sqrt(x^2+1)-x),0]
[261,sqrt(3+x^2),2/4*x*sqrt(x^2+3)-3/2*ln(sqrt(x^2+3)-x),0]
[262,x/(1+x)^2,1/(x+1)+ln(abs(x+1)),0]
[263,asin(x),x*asin(x)+sqrt(1-x^2),0]
[264,x^2*asin(x),1/12*x*asin(x)-1/9*sqrt(-x^2+1)*(-x^2+1)+1/3*sqrt(-x^2+1)+1/4*x*asin(x)-1/3*x*asin(x)*(-x^2+1),0]
[265,(1/cos(x))^2/(1+(1/cos(x))^2-3*tan(x)),ln(abs(tan(x)-2))-ln(abs(tan(x)-1)),0]
[266,1/(1/cos(x))^2,2*(tan(x)/(4*(tan(x)^2+1))+1/4*x),0]
[267,(-2-3*x+5*x^2)/(-2+x)/x^2,3*ln(abs(x-2))+2*ln(abs(x))-1/x,0]
[268,1/sqrt(9+4*x^2),-1/2*ln(sqrt(4*x^2+9)-2*x),0]
[269,1/sqrt(4+x^2),-ln(sqrt(x^2+4)-x),0]
[270,1/(10-12*x+9*x^2),2/(6*sqrt(6))*atan((3*x-2)/sqrt(6)),0]
[271,1/(x^4-2*x^5+2*x^6-2*x^7+x^8),1/4*ln(x^2+1)-5/2*ln(abs(x-1))+2*ln(abs(x))+(-15*x^3+6*x^2+4*x+2)*1/6/x^3/(x-1),0]
[272,(d+c*x+b*x^2+a*x^3)/(-3+x)/x/(1+x),-d/3*ln(abs(x))+(d+3*c+9*b+27*a)/12*ln(abs(x-3))+(d-c+b-a)/4*ln(abs(x+1))+x*a,0]
[273,1/(2-ln(1+x^2))^5,(ln(x^2+1)^3*x^8-10*ln(x^2+1)^3*x^4-24*ln(x^2+1)^3*x^2-15*ln(x^2+1)^3-4*ln(x^2+1)^2*x^8+2*ln(x^2+1)^2*x^6+66*ln(x^2+1)^2*x^4+150*ln(x^2+1)^2*x^2+90*ln(x^2+1)^2+12*ln(x^2+1)*x^8-8*ln(x^2+1)*x^6-152*ln(x^2+1)*x^4-312*ln(x^2+1)*x^2-180*ln(x^2+1)+32*x^8+56*x^6+120*x^4+216*x^2+120)/(384*ln(x^2+1)^4*x^7-3072*ln(x^2+1)^3*x^7+9216*ln(x^2+1)^2*x^7-12288*ln(x^2+1)*x^7+6144*x^7)+integrate((-x^8-30*x^4-120*x^2-105)/(384*ln(x^2+1)*x^8-768*x^8),x),false]
[274,exp(x^2)/x+2*exp(x^2)*x*ln(x)+(-2+ln(x))/(x+ln(x)^2)^2+(1+1/x+2*ln(x)/x)/(x+ln(x)^2),1/2*Ei(x^2)+2*(1/2*exp(x^2)*ln(x)-1/4*Ei(x^2))+ln(x)/(-ln(x)^2-x)+ln(x)/(-ln(x)^2-x)+ln(x)/(-ln(x)^2-x)+ln(x+ln(x)^2),(2*x*ln(x)-2*x+2*ln(x)^2)/(x^3+2*x^2*ln(x)^2+x*ln(x)^4)]
[275,x^4*exp(1/2*x+x*z)*sin(pi*z)^4,x^4*(3/(8*x)*exp((2*x*z+x)/2)+exp((2*x*z+x)/2)*(-2*x/((2*x)^2+(4*pi)^2)*cos(2*pi*z)-4*pi/((2*x)^2+(4*pi)^2)*sin(2*pi*z))+exp((2*x*z+x)/2)*(8*x/((8*x)^2+(32*pi)^2)*cos(4*pi*z)+32*pi/((8*x)^2+(32*pi)^2)*sin(4*pi*z))),0]
[276,erf(x),x*erf(x)+2*sqrt(pi)/pi/2*exp(-x^2),0]
[277,erf(a+x),x*erf(a+x)-2*sqrt(pi)/pi*(-1/2*exp(-(a^2+2*a*x+x^2))-a*sqrt(pi)/2*erf(x+2*a/2)),0]
[278,(-8-8*x-x^2-3*x^3+7*x^4+4*x^5+2*x^6)/(-1+2*x^2)^2/sqrt(1+2*x^2+4*x^3+x^4),integrate((2*((1/4*x+1/2)*x+9/8)+(-x^3-15/2*x^2+9*x+41/4)/(-4*x^4+4*x^2-1))/sqrt(x^4+4*x^3+2*x^2+1),x),false]
[279,(1+2*y)*sqrt(1-5*y-5*y^2)/y/(1+y)/(2+y)/sqrt(1-y-y^2),integrate((1+2*y)*sqrt(-5*y^2-5*y+1)/y/(1+y)/(2+y)/sqrt(-y^2-y+1),y),false]
[280,x*(-sqrt(-4+x^2)+x^2*sqrt(-4+x^2)-4*sqrt(-1+x^2)+x^2*sqrt(-1+x^2))/(4-5*x^2+x^4)/(1+sqrt(-4+x^2)+sqrt(-1+x^2)),1/2*ln(abs(sqrt(x^2-4)-1))+2*(-1/4*ln(sqrt(x^2-1)-sqrt(x^2-4))-1/4*ln(abs(sqrt(x^2-1)-sqrt(x^2-4)-1))+1/4*ln(abs(sqrt(x^2-1)-sqrt(x^2-4)+3))),0]
[281,-sqrt(2)*sqrt(1+4*x+2*x^2+x^4)+x*(2*sqrt(2)-1),-sqrt(2)*2/6*x*sqrt(x^4+2*x^2+4*x+1)+(2*sqrt(2)-1)*x^2/2+integrate(-sqrt(2)*2*((1/3*x+1)*x+1/3)/sqrt(x^4+2*x^2+4*x+1),x),false]
[282,1/384*(pi^2*(-3*mc^8+4*mc^9+24*mc^6*x-48*mc^7*x-144*mc^5*x^2-24*mc^2*x^3+176*mc^3*x^3+3*x^4+12*mc*x^4)+12*mc^3*pi^2*(3*mc-12*mc^2-8*x)*x^2*ln(x/mc^2))/exp(x/y)/x^2,1/384*(-4*mc^9*pi^2*x*Ei(-x/y)-4*mc^9*pi^2*y*exp(-x/y)+3*mc^8*pi^2*x*Ei(-x/y)+3*mc^8*pi^2*y*exp(-x/y)-48*mc^7*pi^2*x*y*Ei(-x/y)+24*mc^6*pi^2*x*y*Ei(-x/y)-144*mc^5*pi^2*x*y^2*Ei(-x/y)+144*mc^5*pi^2*x*y^2*exp(-x/y)*ln(x/mc^2)+144*mc^5*pi^2*x*y^2*exp(-x/y)+36*mc^4*pi^2*x*y^2*Ei(-x/y)-36*mc^4*pi^2*x*y^2*exp(-x/y)*ln(x/mc^2)+96*mc^3*pi^2*x^2*y^2*exp(-x/y)*ln(x/mc^2)-176*mc^3*pi^2*x^2*y^2*exp(-x/y)-96*mc^3*pi^2*x*y^3*Ei(-x/y)+96*mc^3*pi^2*x*y^3*exp(-x/y)*ln(x/mc^2)-80*mc^3*pi^2*x*y^3*exp(-x/y)+24*mc^2*pi^2*x^2*y^2*exp(-x/y)+24*mc^2*pi^2*x*y^3*exp(-x/y)-12*mc*pi^2*x^3*y^2*exp(-x/y)-24*mc*pi^2*x^2*y^3*exp(-x/y)-24*mc*pi^2*x*y^4*exp(-x/y)-3*pi^2*x^3*y^2*exp(-x/y)-6*pi^2*x^2*y^3*exp(-x/y)-6*pi^2*x*y^4*exp(-x/y))/(x*y),0]
[283,sin(2*x)/cos(x),-2*cos(x),0]
[284,(3+3*x-4*x^2-4*x^3-7*x^6+4*x^7+10*x^8+7*x^13)/(1+2*x-x^2-4*x^3-2*x^4-2*x^7-2*x^8+x^14),(-7*sqrt(2)*ln(abs(x^7+x^2*sqrt(2)+x*sqrt(2)-x-1))+7*sqrt(2)*ln(abs(x^7-x^2*sqrt(2)-x*sqrt(2)-x-1)))/14+1/2*ln(abs(x^14-2*x^8-2*x^7-2*x^4-4*x^3-x^2+2*x+1)),0]
Time:10.46, tests: 284, integration failures: 20[56,63,75,86,128,129,145,160,162,163,170,197,200,201,203,257,273,278,279,281], simplification failures: 11[193,208,210,214,225,226,227,228,246,247,274], not cheked: 0[], assumptions: 0[]
