[1;32mbash-optimg-all version 20140329[0m

[1;32mbash-optimg version 20140329[0m

./casgeo041.png: 15412
 pngcrush: 15412
 optipng: 15412
 advpng: 15412
old size: 15412, new size: 15412 (100%)

[1;32mbash-optimg version 20140329[0m

./casgeo012.png: 39564
 pngcrush: 39564
 optipng: 39564
 advpng: 39564
old size: 39564, new size: 39564 (100%)

[1;32mbash-optimg version 20140329[0m

./casgeo096.png: 65259
 pngcrush: 65259
 optipng: 65259
 advpng: 65259
old size: 65259, new size: 65259 (100%)

[1;32mbash-optimg version 20140329[0m

./casgeo017.png: 4816
 pngcrush: 4816
 optipng: 4333
 advpng: 4333
old size: 4816, new size: 4333 (89%)

[1;32mbash-optimg version 20140329[0m

./casgeo058.png: 23670
 pngcrush: 23670
 optipng: 23670
 advpng: 23670
old size: 23670, new size: 23670 (100%)

[1;32mbash-optimg version 20140329[0m

./casgeo031.png: 56072
 pngcrush: 55882
 optipng: 55584
 advpng: 49909
old size: 56072, new size: 49909 (89%)

[1;32mbash-optimg version 20140329[0m

./casgeo050.png: 46461
 pngcrush: 46271
 optipng: 46174
 advpng: 45755
old size: 46461, new size: 45755 (98%)

[1;32mbash-optimg version 20140329[0m

./casgeo015.png: 247349
 pngcrush: 247087
 optipng: 246676
 advpng: 233657
old size: 247349, new size: 233657 (94%)

[1;32mbash-optimg version 20140329[0m

./casgeo038.png: 243
 pngcrush: 69
 optipng: 69
 advpng: 69
old size: 243, new size: 69 (28%)

[1;32mbash-optimg version 20140329[0m

./casgeo063.png: 12672
 pngcrush: 11745
 optipng: 9963
 advpng: 9735
old size: 12672, new size: 9735 (76%)

[1;32mbash-optimg version 20140329[0m

./casgeo101.png: 13435
 pngcrush: 13267
 optipng: 12487
 advpng: 12487
old size: 13435, new size: 12487 (92%)

[1;32mbash-optimg version 20140329[0m

./casgeo097.png: 43192
 pngcrush: 40854
 optipng: 39551
 advpng: 39551
old size: 43192, new size: 39551 (91%)

[1;32mbash-optimg version 20140329[0m

./casgeo100.png: 39063
 pngcrush: 36817
 optipng: 34771
 advpng: 34771
old size: 39063, new size: 34771 (89%)

[1;32mbash-optimg version 20140329[0m

./casgeo080.png: 41553
 pngcrush: 41258
 optipng: 39118
 advpng: 39118
old size: 41553, new size: 39118 (94%)

[1;32mbash-optimg version 20140329[0m

./casgeo023.png: 47208
 pngcrush: 47018
 optipng: 46789
 advpng: 46347
old size: 47208, new size: 46347 (98%)

[1;32mbash-optimg version 20140329[0m

./casgeo103.png: 13793
 pngcrush: 13209
 optipng: 13103
 advpng: 13103
old size: 13793, new size: 13103 (94%)

[1;32mbash-optimg version 20140329[0m

./casgeo099.png: 6858
 pngcrush: 6662
 optipng: 6272
 advpng: 6272
old size: 6858, new size: 6272 (91%)

[1;32mbash-optimg version 20140329[0m

./casgeo102.png: 52652
 pngcrush: 50750
 optipng: 48343
 advpng: 48343
old size: 52652, new size: 48343 (91%)

[1;32mbash-optimg version 20140329[0m

./casgeo004.png: 243
 pngcrush: 69
 optipng: 69
 advpng: 69
old size: 243, new size: 69 (28%)

[1;32mbash-optimg version 20140329[0m

./casgeo026.png: 121154
 pngcrush: 120940
 optipng: 119182
 advpng: 116473
old size: 121154, new size: 116473 (96%)

[1;32mbash-optimg version 20140329[0m

./casgeo010.png: 243
 pngcrush: 69
 optipng: 69
 advpng: 69
old size: 243, new size: 69 (28%)

[1;32mbash-optimg version 20140329[0m

./casgeo021.png: 5883
 pngcrush: 5903
 optipng: 5022
 advpng: 4808
old size: 5883, new size: 4808 (81%)

[1;32mbash-optimg version 20140329[0m

./casgeo077.png: 42895
 pngcrush: 42705
 optipng: 42489
 advpng: 41879
old size: 42895, new size: 41879 (97%)

[1;32mbash-optimg version 20140329[0m

./casgeo078.png: 15742
 pngcrush: 14858
 optipng: 14858
 advpng: 14858
old size: 15742, new size: 14858 (94%)

[1;32mbash-optimg version 20140329[0m

./casgeo082.png: 62964
 pngcrush: 59480
 optipng: 59480
 advpng: 59480
old size: 62964, new size: 59480 (94%)

[1;32mbash-optimg version 20140329[0m

./casgeo065.png: 11377
 pngcrush: 10817
 optipng: 9499
 advpng: 9091
old size: 11377, new size: 9091 (79%)

[1;32mbash-optimg version 20140329[0m

./casgeo060.png: 16386
 pngcrush: 15767
 optipng: 15664
 advpng: 15664
old size: 16386, new size: 15664 (95%)

[1;32mbash-optimg version 20140329[0m

./casgeo043.png: 85333
 pngcrush: 85131
 optipng: 83853
 advpng: 79331
old size: 85333, new size: 79331 (92%)

[1;32mbash-optimg version 20140329[0m

./casgeo008.png: 243
 pngcrush: 69
 optipng: 69
 advpng: 69
old size: 243, new size: 69 (28%)

[1;32mbash-optimg version 20140329[0m

./casgeo081.png: 25876
 pngcrush: 24290
 optipng: 24064
 advpng: 24064
old size: 25876, new size: 24064 (92%)

[1;32mbash-optimg version 20140329[0m

./casgeo003.png: 243
 pngcrush: 69
 optipng: 69
 advpng: 69
old size: 243, new size: 69 (28%)

[1;32mbash-optimg version 20140329[0m

./casgeo092.png: 198647
 pngcrush: 202189
 optipng: 190305
 advpng: 190305
old size: 198647, new size: 190305 (95%)

[1;32mbash-optimg version 20140329[0m

./casgeo006.png: 243
 pngcrush: 69
 optipng: 69
 advpng: 69
old size: 243, new size: 69 (28%)

[1;32mbash-optimg version 20140329[0m

./casgeo018.png: 1455
 pngcrush: 941
 optipng: 797
 advpng: 797
old size: 1455, new size: 797 (54%)

[1;32mbash-optimg version 20140329[0m

./casgeo062.png: 14513
 pngcrush: 14291
 optipng: 10932
 advpng: 10620
old size: 14513, new size: 10620 (73%)

[1;32mbash-optimg version 20140329[0m

./casgeo095.png: 29674
 pngcrush: 28082
 optipng: 28082
 advpng: 28082
old size: 29674, new size: 28082 (94%)

[1;32mbash-optimg version 20140329[0m

./casgeo036.png: 243
 pngcrush: 69
 optipng: 69
 advpng: 69
old size: 243, new size: 69 (28%)

[1;32mbash-optimg version 20140329[0m

identify: En-tête d'image incorrect `./casgeo.png' @ error/png.c/ReadPNGImage/2957.
./casgeo.png: 0
/usr/bin/bash-optimg: line 156: 0 * 100 / 0: division par 0 (error token is "0")
[1;32mbash-optimg version 20140329[0m

./casgeo068.png: 39972
 pngcrush: 37474
 optipng: 35704
 advpng: 35704
old size: 39972, new size: 35704 (89%)

[1;32mbash-optimg version 20140329[0m

./casgeo086.png: 9385
 pngcrush: 8919
 optipng: 7796
 advpng: 7444
old size: 9385, new size: 7444 (79%)

[1;32mbash-optimg version 20140329[0m

./casgeo011.png: 51251
 pngcrush: 51061
 optipng: 51061
 advpng: 49348
old size: 51251, new size: 49348 (96%)

[1;32mbash-optimg version 20140329[0m

./casgeo094.png: 25788
 pngcrush: 25429
 optipng: 20230
 advpng: 19853
old size: 25788, new size: 19853 (76%)

[1;32mbash-optimg version 20140329[0m

./casgeo084.png: 10495
 pngcrush: 10317
 optipng: 10202
 advpng: 10108
old size: 10495, new size: 10108 (96%)

[1;32mbash-optimg version 20140329[0m

./casgeo066.png: 22909
 pngcrush: 21902
 optipng: 21527
 advpng: 21527
old size: 22909, new size: 21527 (93%)

[1;32mbash-optimg version 20140329[0m

./casgeo014.png: 65679
 pngcrush: 65489
 optipng: 65489
 advpng: 63696
old size: 65679, new size: 63696 (96%)

[1;32mbash-optimg version 20140329[0m

./casgeo002.png: 243
 pngcrush: 69
 optipng: 69
 advpng: 69
old size: 243, new size: 69 (28%)

[1;32mbash-optimg version 20140329[0m

./casgeo104.png: 31346
 pngcrush: 29137
 optipng: 28018
 advpng: 28018
old size: 31346, new size: 28018 (89%)

[1;32mbash-optimg version 20140329[0m

./casgeo045.png: 30926
 pngcrush: 30748
 optipng: 30213
 advpng: 29414
old size: 30926, new size: 29414 (95%)

[1;32mbash-optimg version 20140329[0m

./casgeo042.png: 30090
 pngcrush: 30280
 optipng: 28032
 advpng: 28032
old size: 30090, new size: 28032 (93%)

[1;32mbash-optimg version 20140329[0m

./casgeo089.png: 29202
 pngcrush: 27536
 optipng: 27362
 advpng: 27362
old size: 29202, new size: 27362 (93%)

[1;32mbash-optimg version 20140329[0m

./casgeo079.png: 21157
 pngcrush: 20936
 optipng: 19848
 advpng: 19848
old size: 21157, new size: 19848 (93%)

[1;32mbash-optimg version 20140329[0m

./casgeo061.png: 14433
 pngcrush: 13589
 optipng: 13464
 advpng: 13464
old size: 14433, new size: 13464 (93%)

[1;32mbash-optimg version 20140329[0m

./casgeo009.png: 243
 pngcrush: 69
 optipng: 69
 advpng: 69
old size: 243, new size: 69 (28%)

[1;32mbash-optimg version 20140329[0m

./casgeo013.png: 30112
 pngcrush: 29934
 optipng: 29700
 advpng: 29050
old size: 30112, new size: 29050 (96%)

[1;32mbash-optimg version 20140329[0m

./casgeo087.png: 13611
 pngcrush: 12891
 optipng: 12512
 advpng: 12512
old size: 13611, new size: 12512 (91%)

[1;32mbash-optimg version 20140329[0m

./casgeo076.png: 51212
 pngcrush: 51022
 optipng: 50448
 advpng: 50277
old size: 51212, new size: 50277 (98%)

[1;32mbash-optimg version 20140329[0m

./casgeo039.png: 62722
 pngcrush: 62532
 optipng: 61133
 advpng: 60362
old size: 62722, new size: 60362 (96%)

[1;32mbash-optimg version 20140329[0m

./casgeo051.png: 42791
 pngcrush: 42601
 optipng: 42353
 advpng: 41793
old size: 42791, new size: 41793 (97%)

[1;32mbash-optimg version 20140329[0m

./casgeo054.png: 26322
 pngcrush: 25229
 optipng: 24798
 advpng: 24798
old size: 26322, new size: 24798 (94%)

[1;32mbash-optimg version 20140329[0m

./casgeo047.png: 37133
 pngcrush: 35488
 optipng: 35106
 advpng: 35106
old size: 37133, new size: 35106 (94%)

[1;32mbash-optimg version 20140329[0m

./casgeo072.png: 36157
 pngcrush: 35918
 optipng: 34272
 advpng: 34272
old size: 36157, new size: 34272 (94%)

[1;32mbash-optimg version 20140329[0m

./casgeo044.png: 97329
 pngcrush: 97127
 optipng: 96737
 advpng: 95147
old size: 97329, new size: 95147 (97%)

[1;32mbash-optimg version 20140329[0m

./casgeo093.png: 31906
 pngcrush: 31307
 optipng: 29825
 advpng: 29825
old size: 31906, new size: 29825 (93%)

[1;32mbash-optimg version 20140329[0m

./casgeo055.png: 40567
 pngcrush: 40421
 optipng: 37426
 advpng: 37426
old size: 40567, new size: 37426 (92%)

[1;32mbash-optimg version 20140329[0m

./casgeo035.png: 243
 pngcrush: 69
 optipng: 69
 advpng: 69
old size: 243, new size: 69 (28%)

[1;32mbash-optimg version 20140329[0m

./casgeo057.png: 24293
 pngcrush: 24115
 optipng: 23946
 advpng: 23616
old size: 24293, new size: 23616 (97%)

[1;32mbash-optimg version 20140329[0m

./casgeo007.png: 243
 pngcrush: 69
 optipng: 69
 advpng: 69
old size: 243, new size: 69 (28%)

[1;32mbash-optimg version 20140329[0m

./casgeo052.png: 43301
 pngcrush: 43111
 optipng: 43054
 advpng: 42192
old size: 43301, new size: 42192 (97%)

[1;32mbash-optimg version 20140329[0m

./casgeo075.png: 60330
 pngcrush: 57457
 optipng: 57457
 advpng: 57457
old size: 60330, new size: 57457 (95%)

[1;32mbash-optimg version 20140329[0m

./casgeo069.png: 24483
 pngcrush: 23457
 optipng: 22892
 advpng: 22892
old size: 24483, new size: 22892 (93%)

[1;32mbash-optimg version 20140329[0m

./casgeo083.png: 10320
 pngcrush: 10142
 optipng: 5294
 advpng: 5032
old size: 10320, new size: 5032 (48%)

[1;32mbash-optimg version 20140329[0m

./casgeo027.png: 32936
 pngcrush: 32758
 optipng: 32747
 advpng: 31283
old size: 32936, new size: 31283 (94%)

[1;32mbash-optimg version 20140329[0m

./casgeo070.png: 12620
 pngcrush: 12012
 optipng: 10444
 advpng: 10070
old size: 12620, new size: 10070 (79%)

[1;32mbash-optimg version 20140329[0m

./casgeo034.png: 243
 pngcrush: 69
 optipng: 69
 advpng: 69
old size: 243, new size: 69 (28%)

[1;32mbash-optimg version 20140329[0m

./casgeo020.png: 13328
 pngcrush: 12857
 optipng: 11948
 advpng: 11948
old size: 13328, new size: 11948 (89%)

[1;32mbash-optimg version 20140329[0m

./casgeo022.png: 13714
 pngcrush: 12972
 optipng: 11998
 advpng: 11998
old size: 13714, new size: 11998 (87%)

[1;32mbash-optimg version 20140329[0m

./casgeo001.png: 243
 pngcrush: 69
 optipng: 69
 advpng: 69
old size: 243, new size: 69 (28%)

[1;32mbash-optimg version 20140329[0m

./casgeo048.png: 84046
 pngcrush: 83844
 optipng: 83791
 advpng: 80887
old size: 84046, new size: 80887 (96%)

[1;32mbash-optimg version 20140329[0m

./casgeo005.png: 243
 pngcrush: 69
 optipng: 69
 advpng: 69
old size: 243, new size: 69 (28%)

[1;32mbash-optimg version 20140329[0m

./casgeo037.png: 243
 pngcrush: 69
 optipng: 69
 advpng: 69
old size: 243, new size: 69 (28%)

[1;32mbash-optimg version 20140329[0m

./casgeo030.png: 24929
 pngcrush: 24751
 optipng: 24545
 advpng: 23114
old size: 24929, new size: 23114 (92%)

[1;32mbash-optimg version 20140329[0m

./casgeo071.png: 53677
 pngcrush: 53425
 optipng: 50844
 advpng: 50844
old size: 53677, new size: 50844 (94%)

[1;32mbash-optimg version 20140329[0m

./casgeo040.png: 30090
 pngcrush: 30280
 optipng: 28032
 advpng: 28032
old size: 30090, new size: 28032 (93%)

[1;32mbash-optimg version 20140329[0m

./casgeo024.png: 21956
 pngcrush: 21778
 optipng: 21702
 advpng: 20896
old size: 21956, new size: 20896 (95%)

[1;32mbash-optimg version 20140329[0m

./casgeo059.png: 113336
 pngcrush: 113122
 optipng: 112937
 advpng: 102401
old size: 113336, new size: 102401 (90%)

[1;32mbash-optimg version 20140329[0m

./casgeo067.png: 38036
 pngcrush: 37641
 optipng: 35503
 advpng: 35503
old size: 38036, new size: 35503 (93%)

[1;32mbash-optimg version 20140329[0m

./casgeo032.png: 243
 pngcrush: 69
 optipng: 69
 advpng: 69
old size: 243, new size: 69 (28%)

[1;32mbash-optimg version 20140329[0m

./casgeo016.png: 14258
 pngcrush: 12672
 optipng: 10728
 advpng: 10545
old size: 14258, new size: 10545 (73%)

[1;32mbash-optimg version 20140329[0m

./casgeo019.png: 18546
 pngcrush: 18368
 optipng: 18145
 advpng: 17943
old size: 18546, new size: 17943 (96%)

[1;32mbash-optimg version 20140329[0m

./casgeo091.png: 120254
 pngcrush: 122532
 optipng: 114985
 advpng: 114985
old size: 120254, new size: 114985 (95%)

[1;32mbash-optimg version 20140329[0m

./casgeo074.png: 25446
 pngcrush: 24126
 optipng: 24126
 advpng: 24126
old size: 25446, new size: 24126 (94%)

[1;32mbash-optimg version 20140329[0m

./casgeo046.png: 32145
 pngcrush: 31967
 optipng: 31645
 advpng: 30775
old size: 32145, new size: 30775 (95%)

[1;32mbash-optimg version 20140329[0m

./casgeo073.png: 28475
 pngcrush: 27077
 optipng: 26902
 advpng: 26902
old size: 28475, new size: 26902 (94%)

[1;32mbash-optimg version 20140329[0m

./casgeo088.png: 38715
 pngcrush: 36550
 optipng: 36393
 advpng: 36393
old size: 38715, new size: 36393 (94%)

[1;32mbash-optimg version 20140329[0m

./casgeo064.png: 31419
 pngcrush: 30848
 optipng: 28801
 advpng: 28801
old size: 31419, new size: 28801 (91%)

[1;32mbash-optimg version 20140329[0m

./casgeo025.png: 28670
 pngcrush: 28492
 optipng: 28318
 advpng: 27548
old size: 28670, new size: 27548 (96%)

[1;32mbash-optimg version 20140329[0m

./casgeo053.png: 37726
 pngcrush: 37536
 optipng: 37434
 advpng: 36741
old size: 37726, new size: 36741 (97%)

[1;32mbash-optimg version 20140329[0m

./casgeo085.png: 51859
 pngcrush: 51669
 optipng: 50586
 advpng: 48901
old size: 51859, new size: 48901 (94%)

[1;32mbash-optimg version 20140329[0m

./casgeo056.png: 24654
 pngcrush: 24476
 optipng: 23801
 advpng: 23381
old size: 24654, new size: 23381 (94%)

[1;32mbash-optimg version 20140329[0m

./casgeo033.png: 243
 pngcrush: 69
 optipng: 69
 advpng: 69
old size: 243, new size: 69 (28%)

[1;32mbash-optimg version 20140329[0m

./casgeo049.png: 41011
 pngcrush: 40821
 optipng: 40186
 advpng: 39552
old size: 41011, new size: 39552 (96%)

[1;32mbash-optimg version 20140329[0m

./casgeo029.png: 26679
 pngcrush: 26501
 optipng: 26285
 advpng: 24787
old size: 26679, new size: 24787 (92%)

[1;32mbash-optimg version 20140329[0m

./casgeo090.png: 34884
 pngcrush: 32309
 optipng: 32309
 advpng: 32309
old size: 34884, new size: 32309 (92%)

[1;32mbash-optimg version 20140329[0m

./casgeo028.png: 31763
 pngcrush: 31585
 optipng: 31515
 advpng: 28949
old size: 31763, new size: 28949 (91%)

[1;32mbash-optimg version 20140329[0m

./casgeo098.png: 17893
 pngcrush: 17913
 optipng: 16638
 advpng: 16638
old size: 17893, new size: 16638 (92%)

[1;32mbash-optimg version 20140329[0m

./contents_motif.gif: 135
old size: 135, new size: 135 (100%)

[1;32mbash-optimg version 20140329[0m

./previous_motif.gif: 134
old size: 134, new size: 134 (100%)

[1;32mbash-optimg version 20140329[0m

./next_motif.gif: 134
old size: 134, new size: 134 (100%)

