This file contains any messages produced by compilers while
running configure, to aid debugging if configure makes a mistake.

It was created by giac configure 1.2.3, which was
generated by GNU Autoconf 2.69.  Invocation command line was

  $ ./configure --host=x86_64-linux-gnu --build=x86_64-linux-gnu --prefix=/usr --mandir=${prefix}/share/man --infodir=${prefix}/share/info --enable-debug

## --------- ##
## Platform. ##
## --------- ##

hostname = debian
uname -m = x86_64
uname -r = 3.2.0-4-amd64
uname -s = Linux
uname -v = #1 SMP Debian 3.2.65-1+deb7u2

/usr/bin/uname -p = unknown
/bin/uname -X     = unknown

/bin/arch              = unknown
/usr/bin/arch -k       = unknown
/usr/convex/getsysinfo = unknown
/usr/bin/hostinfo      = unknown
/bin/machine           = unknown
/usr/bin/oslevel       = unknown
/bin/universe          = unknown

PATH: /usr/local/bin
PATH: /usr/bin
PATH: /bin
PATH: /usr/local/games
PATH: /usr/games


## ----------- ##
## Core tests. ##
## ----------- ##

configure:3019: checking for a BSD-compatible install
configure:3087: result: /usr/bin/install -c
configure:3098: checking whether build environment is sane
configure:3148: result: yes
configure:3289: checking for a thread-safe mkdir -p
configure:3328: result: /bin/mkdir -p
configure:3341: checking for gawk
configure:3371: result: no
configure:3341: checking for mawk
configure:3357: found /usr/bin/mawk
configure:3368: result: mawk
configure:3379: checking whether make sets $(MAKE)
configure:3401: result: yes
configure:3491: checking for x86_64-linux-gnu-gcc
configure:3507: found /usr/bin/x86_64-linux-gnu-gcc
configure:3518: result: x86_64-linux-gnu-gcc
configure:3787: checking for C compiler version
configure:3796: x86_64-linux-gnu-gcc --version >&5
x86_64-linux-gnu-gcc (Debian 4.7.2-5) 4.7.2
Copyright (C) 2012 Free Software Foundation, Inc.
This is free software; see the source for copying conditions.  There is NO
warranty; not even for MERCHANTABILITY or FITNESS FOR A PARTICULAR PURPOSE.

configure:3807: $? = 0
configure:3796: x86_64-linux-gnu-gcc -v >&5
Using built-in specs.
COLLECT_GCC=x86_64-linux-gnu-gcc
COLLECT_LTO_WRAPPER=/usr/lib/gcc/x86_64-linux-gnu/4.7/lto-wrapper
Target: x86_64-linux-gnu
Configured with: ../src/configure -v --with-pkgversion='Debian 4.7.2-5' --with-bugurl=file:///usr/share/doc/gcc-4.7/README.Bugs --enable-languages=c,c++,go,fortran,objc,obj-c++ --prefix=/usr --program-suffix=-4.7 --enable-shared --enable-linker-build-id --with-system-zlib --libexecdir=/usr/lib --without-included-gettext --enable-threads=posix --with-gxx-include-dir=/usr/include/c++/4.7 --libdir=/usr/lib --enable-nls --with-sysroot=/ --enable-clocale=gnu --enable-libstdcxx-debug --enable-libstdcxx-time=yes --enable-gnu-unique-object --enable-plugin --enable-objc-gc --with-arch-32=i586 --with-tune=generic --enable-checking=release --build=x86_64-linux-gnu --host=x86_64-linux-gnu --target=x86_64-linux-gnu
Thread model: posix
gcc version 4.7.2 (Debian 4.7.2-5) 
configure:3807: $? = 0
configure:3796: x86_64-linux-gnu-gcc -V >&5
x86_64-linux-gnu-gcc: error: unrecognized command line option '-V'
x86_64-linux-gnu-gcc: fatal error: no input files
compilation terminated.
configure:3807: $? = 4
configure:3796: x86_64-linux-gnu-gcc -qversion >&5
x86_64-linux-gnu-gcc: error: unrecognized command line option '-qversion'
x86_64-linux-gnu-gcc: fatal error: no input files
compilation terminated.
configure:3807: $? = 4
configure:3827: checking whether the C compiler works
configure:3849: x86_64-linux-gnu-gcc    conftest.c  >&5
configure:3853: $? = 0
configure:3901: result: yes
configure:3904: checking for C compiler default output file name
configure:3906: result: a.out
configure:3912: checking for suffix of executables
configure:3919: x86_64-linux-gnu-gcc -o conftest    conftest.c  >&5
configure:3923: $? = 0
configure:3945: result: 
configure:3967: checking whether we are cross compiling
configure:3975: x86_64-linux-gnu-gcc -o conftest    conftest.c  >&5
configure:3979: $? = 0
configure:3986: ./conftest
configure:3990: $? = 0
configure:4005: result: no
configure:4010: checking for suffix of object files
configure:4032: x86_64-linux-gnu-gcc -c   conftest.c >&5
configure:4036: $? = 0
configure:4057: result: o
configure:4061: checking whether we are using the GNU C compiler
configure:4080: x86_64-linux-gnu-gcc -c   conftest.c >&5
configure:4080: $? = 0
configure:4089: result: yes
configure:4098: checking whether x86_64-linux-gnu-gcc accepts -g
configure:4118: x86_64-linux-gnu-gcc -c -g  conftest.c >&5
configure:4118: $? = 0
configure:4159: result: yes
configure:4176: checking for x86_64-linux-gnu-gcc option to accept ISO C89
configure:4239: x86_64-linux-gnu-gcc  -c -g -O2  conftest.c >&5
configure:4239: $? = 0
configure:4252: result: none needed
configure:4283: checking for style of include used by make
configure:4311: result: GNU
configure:4337: checking dependency style of x86_64-linux-gnu-gcc
configure:4448: result: gcc3
configure:4464: checking whether ln -s works
configure:4468: result: yes
configure:4489: checking for x86_64-linux-gnu-g++
configure:4505: found /usr/bin/x86_64-linux-gnu-g++
configure:4516: result: x86_64-linux-gnu-g++
configure:4587: checking for C++ compiler version
configure:4596: x86_64-linux-gnu-g++ --version >&5
x86_64-linux-gnu-g++ (Debian 4.4.7-2) 4.4.7
Copyright (C) 2010 Free Software Foundation, Inc.
This is free software; see the source for copying conditions.  There is NO
warranty; not even for MERCHANTABILITY or FITNESS FOR A PARTICULAR PURPOSE.

configure:4607: $? = 0
configure:4596: x86_64-linux-gnu-g++ -v >&5
Using built-in specs.
Target: x86_64-linux-gnu
Configured with: ../src/configure -v --with-pkgversion='Debian 4.4.7-2' --with-bugurl=file:///usr/share/doc/gcc-4.4/README.Bugs --enable-languages=c,c++,fortran --prefix=/usr --program-suffix=-4.4 --enable-shared --enable-linker-build-id --with-system-zlib --libexecdir=/usr/lib --without-included-gettext --enable-threads=posix --with-gxx-include-dir=/usr/include/c++/4.4 --libdir=/usr/lib --enable-nls --enable-clocale=gnu --enable-libstdcxx-debug --with-arch-32=i586 --with-tune=generic --enable-checking=release --build=x86_64-linux-gnu --host=x86_64-linux-gnu --target=x86_64-linux-gnu
Thread model: posix
gcc version 4.4.7 (Debian 4.4.7-2) 
configure:4607: $? = 0
configure:4596: x86_64-linux-gnu-g++ -V >&5
x86_64-linux-gnu-g++: '-V' option must have argument
configure:4607: $? = 1
configure:4596: x86_64-linux-gnu-g++ -qversion >&5
x86_64-linux-gnu-g++: unrecognized option '-qversion'
x86_64-linux-gnu-g++: no input files
configure:4607: $? = 1
configure:4611: checking whether we are using the GNU C++ compiler
configure:4630: x86_64-linux-gnu-g++ -c   conftest.cpp >&5
configure:4630: $? = 0
configure:4639: result: yes
configure:4648: checking whether x86_64-linux-gnu-g++ accepts -g
configure:4668: x86_64-linux-gnu-g++ -c -g  conftest.cpp >&5
configure:4668: $? = 0
configure:4709: result: yes
configure:4734: checking dependency style of x86_64-linux-gnu-g++
configure:4845: result: gcc3
configure:4865: checking how to run the C++ preprocessor
configure:4892: x86_64-linux-gnu-g++ -E  conftest.cpp
configure:4892: $? = 0
configure:4906: x86_64-linux-gnu-g++ -E  conftest.cpp
conftest.cpp:11:28: error: ac_nonexistent.h: No such file or directory
configure:4906: $? = 1
configure: failed program was:
| /* confdefs.h */
| #define PACKAGE_NAME "giac"
| #define PACKAGE_TARNAME "giac"
| #define PACKAGE_VERSION "1.2.3"
| #define PACKAGE_STRING "giac 1.2.3"
| #define PACKAGE_BUGREPORT ""
| #define PACKAGE_URL ""
| #define PACKAGE "giac"
| #define VERSION "1.2.3"
| /* end confdefs.h.  */
| #include <ac_nonexistent.h>
configure:4931: result: x86_64-linux-gnu-g++ -E
configure:4951: x86_64-linux-gnu-g++ -E  conftest.cpp
configure:4951: $? = 0
configure:4965: x86_64-linux-gnu-g++ -E  conftest.cpp
conftest.cpp:11:28: error: ac_nonexistent.h: No such file or directory
configure:4965: $? = 1
configure: failed program was:
| /* confdefs.h */
| #define PACKAGE_NAME "giac"
| #define PACKAGE_TARNAME "giac"
| #define PACKAGE_VERSION "1.2.3"
| #define PACKAGE_STRING "giac 1.2.3"
| #define PACKAGE_BUGREPORT ""
| #define PACKAGE_URL ""
| #define PACKAGE "giac"
| #define VERSION "1.2.3"
| /* end confdefs.h.  */
| #include <ac_nonexistent.h>
configure:5028: checking build system type
configure:5042: result: x86_64-pc-linux-gnu
configure:5062: checking host system type
configure:5075: result: x86_64-pc-linux-gnu
configure:5095: checking for a sed that does not truncate output
configure:5159: result: /bin/sed
configure:5177: checking for grep that handles long lines and -e
configure:5235: result: /bin/grep
configure:5240: checking for egrep
configure:5302: result: /bin/grep -E
configure:5307: checking for fgrep
configure:5369: result: /bin/grep -F
configure:5404: checking for ld used by x86_64-linux-gnu-gcc
configure:5471: result: /usr/bin/ld
configure:5478: checking if the linker (/usr/bin/ld) is GNU ld
configure:5493: result: yes
configure:5505: checking for BSD- or MS-compatible name lister (nm)
configure:5554: result: /usr/bin/nm -B
configure:5672: checking the name lister (/usr/bin/nm -B) interface
configure:5679: x86_64-linux-gnu-g++ -c -g -O2  conftest.cpp >&5
configure:5682: /usr/bin/nm -B "conftest.o"
configure:5685: output
0000000000000000 B some_variable
configure:5692: result: BSD nm
configure:5696: checking the maximum length of command line arguments
configure:5816: result: 3458764513820540925
configure:5833: checking whether the shell understands some XSI constructs
configure:5843: result: yes
configure:5847: checking whether the shell understands "+="
configure:5853: result: yes
configure:5888: checking for /usr/bin/ld option to reload object files
configure:5895: result: -r
configure:5922: checking how to recognize dependent libraries
configure:6112: result: pass_all
configure:6132: checking for x86_64-linux-gnu-ar
configure:6162: result: no
configure:6172: checking for ar
configure:6188: found /usr/bin/ar
configure:6199: result: ar
configure:6237: checking for x86_64-linux-gnu-strip
configure:6267: result: no
configure:6277: checking for strip
configure:6293: found /usr/bin/strip
configure:6304: result: strip
configure:6336: checking for x86_64-linux-gnu-ranlib
configure:6366: result: no
configure:6376: checking for ranlib
configure:6392: found /usr/bin/ranlib
configure:6403: result: ranlib
configure:6493: checking command to parse /usr/bin/nm -B output from x86_64-linux-gnu-gcc object
configure:6611: x86_64-linux-gnu-g++ -c -g -O2  conftest.cpp >&5
configure:6614: $? = 0
configure:6618: /usr/bin/nm -B conftest.o \| sed -n -e 's/^.*[	 ]\([ABCDGIRSTW][ABCDGIRSTW]*\)[	 ][	 ]*\([_A-Za-z][_A-Za-z0-9]*\)$/\1 \2 \2/p' \> conftest.nm
configure:6621: $? = 0
configure:6675: x86_64-linux-gnu-g++ -o conftest -g -O2   conftest.cpp conftstm.o >&5
configure:6678: $? = 0
configure:6716: result: ok
configure:6812: x86_64-linux-gnu-g++ -c -g -O2  conftest.cpp >&5
configure:6815: $? = 0
configure:7525: checking how to run the C preprocessor
configure:7556: x86_64-linux-gnu-gcc -E  conftest.c
configure:7556: $? = 0
configure:7570: x86_64-linux-gnu-gcc -E  conftest.c
conftest.c:11:28: fatal error: ac_nonexistent.h: No such file or directory
compilation terminated.
configure:7570: $? = 1
configure: failed program was:
| /* confdefs.h */
| #define PACKAGE_NAME "giac"
| #define PACKAGE_TARNAME "giac"
| #define PACKAGE_VERSION "1.2.3"
| #define PACKAGE_STRING "giac 1.2.3"
| #define PACKAGE_BUGREPORT ""
| #define PACKAGE_URL ""
| #define PACKAGE "giac"
| #define VERSION "1.2.3"
| /* end confdefs.h.  */
| #include <ac_nonexistent.h>
configure:7595: result: x86_64-linux-gnu-gcc -E
configure:7615: x86_64-linux-gnu-gcc -E  conftest.c
configure:7615: $? = 0
configure:7629: x86_64-linux-gnu-gcc -E  conftest.c
conftest.c:11:28: fatal error: ac_nonexistent.h: No such file or directory
compilation terminated.
configure:7629: $? = 1
configure: failed program was:
| /* confdefs.h */
| #define PACKAGE_NAME "giac"
| #define PACKAGE_TARNAME "giac"
| #define PACKAGE_VERSION "1.2.3"
| #define PACKAGE_STRING "giac 1.2.3"
| #define PACKAGE_BUGREPORT ""
| #define PACKAGE_URL ""
| #define PACKAGE "giac"
| #define VERSION "1.2.3"
| /* end confdefs.h.  */
| #include <ac_nonexistent.h>
configure:7658: checking for ANSI C header files
configure:7678: x86_64-linux-gnu-gcc -c -g -O2  conftest.c >&5
configure:7678: $? = 0
configure:7751: x86_64-linux-gnu-gcc -o conftest -g -O2   conftest.c  >&5
configure:7751: $? = 0
configure:7751: ./conftest
configure:7751: $? = 0
configure:7762: result: yes
configure:7775: checking for sys/types.h
configure:7775: x86_64-linux-gnu-gcc -c -g -O2  conftest.c >&5
configure:7775: $? = 0
configure:7775: result: yes
configure:7775: checking for sys/stat.h
configure:7775: x86_64-linux-gnu-gcc -c -g -O2  conftest.c >&5
configure:7775: $? = 0
configure:7775: result: yes
configure:7775: checking for stdlib.h
configure:7775: x86_64-linux-gnu-gcc -c -g -O2  conftest.c >&5
configure:7775: $? = 0
configure:7775: result: yes
configure:7775: checking for string.h
configure:7775: x86_64-linux-gnu-gcc -c -g -O2  conftest.c >&5
configure:7775: $? = 0
configure:7775: result: yes
configure:7775: checking for memory.h
configure:7775: x86_64-linux-gnu-gcc -c -g -O2  conftest.c >&5
configure:7775: $? = 0
configure:7775: result: yes
configure:7775: checking for strings.h
configure:7775: x86_64-linux-gnu-gcc -c -g -O2  conftest.c >&5
configure:7775: $? = 0
configure:7775: result: yes
configure:7775: checking for inttypes.h
configure:7775: x86_64-linux-gnu-gcc -c -g -O2  conftest.c >&5
configure:7775: $? = 0
configure:7775: result: yes
configure:7775: checking for stdint.h
configure:7775: x86_64-linux-gnu-gcc -c -g -O2  conftest.c >&5
configure:7775: $? = 0
configure:7775: result: yes
configure:7775: checking for unistd.h
configure:7775: x86_64-linux-gnu-gcc -c -g -O2  conftest.c >&5
configure:7775: $? = 0
configure:7775: result: yes
configure:7789: checking for dlfcn.h
configure:7789: x86_64-linux-gnu-gcc -c -g -O2  conftest.c >&5
configure:7789: $? = 0
configure:7789: result: yes
configure:7914: checking for C++ compiler version
configure:7923: x86_64-linux-gnu-g++ --version >&5
x86_64-linux-gnu-g++ (Debian 4.4.7-2) 4.4.7
Copyright (C) 2010 Free Software Foundation, Inc.
This is free software; see the source for copying conditions.  There is NO
warranty; not even for MERCHANTABILITY or FITNESS FOR A PARTICULAR PURPOSE.

configure:7934: $? = 0
configure:7923: x86_64-linux-gnu-g++ -v >&5
Using built-in specs.
Target: x86_64-linux-gnu
Configured with: ../src/configure -v --with-pkgversion='Debian 4.4.7-2' --with-bugurl=file:///usr/share/doc/gcc-4.4/README.Bugs --enable-languages=c,c++,fortran --prefix=/usr --program-suffix=-4.4 --enable-shared --enable-linker-build-id --with-system-zlib --libexecdir=/usr/lib --without-included-gettext --enable-threads=posix --with-gxx-include-dir=/usr/include/c++/4.4 --libdir=/usr/lib --enable-nls --enable-clocale=gnu --enable-libstdcxx-debug --with-arch-32=i586 --with-tune=generic --enable-checking=release --build=x86_64-linux-gnu --host=x86_64-linux-gnu --target=x86_64-linux-gnu
Thread model: posix
gcc version 4.4.7 (Debian 4.4.7-2) 
configure:7934: $? = 0
configure:7923: x86_64-linux-gnu-g++ -V >&5
x86_64-linux-gnu-g++: '-V' option must have argument
configure:7934: $? = 1
configure:7923: x86_64-linux-gnu-g++ -qversion >&5
x86_64-linux-gnu-g++: unrecognized option '-qversion'
x86_64-linux-gnu-g++: no input files
configure:7934: $? = 1
configure:7938: checking whether we are using the GNU C++ compiler
configure:7966: result: yes
configure:7975: checking whether x86_64-linux-gnu-g++ accepts -g
configure:8036: result: yes
configure:8061: checking dependency style of x86_64-linux-gnu-g++
configure:8172: result: gcc3
configure:8195: checking how to run the C++ preprocessor
configure:8261: result: x86_64-linux-gnu-g++ -E
configure:8281: x86_64-linux-gnu-g++ -E  conftest.cpp
configure:8281: $? = 0
configure:8295: x86_64-linux-gnu-g++ -E  conftest.cpp
conftest.cpp:22:28: error: ac_nonexistent.h: No such file or directory
configure:8295: $? = 1
configure: failed program was:
| /* confdefs.h */
| #define PACKAGE_NAME "giac"
| #define PACKAGE_TARNAME "giac"
| #define PACKAGE_VERSION "1.2.3"
| #define PACKAGE_STRING "giac 1.2.3"
| #define PACKAGE_BUGREPORT ""
| #define PACKAGE_URL ""
| #define PACKAGE "giac"
| #define VERSION "1.2.3"
| #define STDC_HEADERS 1
| #define HAVE_SYS_TYPES_H 1
| #define HAVE_SYS_STAT_H 1
| #define HAVE_STDLIB_H 1
| #define HAVE_STRING_H 1
| #define HAVE_MEMORY_H 1
| #define HAVE_STRINGS_H 1
| #define HAVE_INTTYPES_H 1
| #define HAVE_STDINT_H 1
| #define HAVE_UNISTD_H 1
| #define HAVE_DLFCN_H 1
| /* end confdefs.h.  */
| #include <ac_nonexistent.h>
configure:8501: checking for objdir
configure:8516: result: .libs
configure:8812: checking if x86_64-linux-gnu-gcc supports -fno-rtti -fno-exceptions
configure:8830: x86_64-linux-gnu-gcc -c -g -O2  -fno-rtti -fno-exceptions conftest.c >&5
cc1: warning: command line option '-fno-rtti' is valid for C++/ObjC++ but not for C [enabled by default]
configure:8834: $? = 0
configure:8847: result: no
configure:8867: checking for x86_64-linux-gnu-gcc option to produce PIC
configure:9124: result: -fPIC -DPIC
configure:9136: checking if x86_64-linux-gnu-gcc PIC flag -fPIC -DPIC works
configure:9154: x86_64-linux-gnu-gcc -c -g -O2  -fPIC -DPIC -DPIC conftest.c >&5
configure:9158: $? = 0
configure:9171: result: yes
configure:9195: checking if x86_64-linux-gnu-gcc static flag -static works
configure:9223: result: yes
configure:9238: checking if x86_64-linux-gnu-gcc supports -c -o file.o
configure:9259: x86_64-linux-gnu-gcc -c -g -O2  -o out/conftest2.o conftest.c >&5
configure:9263: $? = 0
configure:9285: result: yes
configure:9293: checking if x86_64-linux-gnu-gcc supports -c -o file.o
configure:9340: result: yes
configure:9373: checking whether the x86_64-linux-gnu-gcc linker (/usr/bin/ld -m elf_x86_64) supports shared libraries
configure:10352: result: yes
configure:10389: checking whether -lc should be explicitly linked in
configure:10394: x86_64-linux-gnu-gcc -c -g -O2  conftest.c >&5
configure:10397: $? = 0
configure:10412: x86_64-linux-gnu-gcc -shared conftest.o  -v -Wl,-soname -Wl,conftest -o conftest 2\>\&1 \| /bin/grep  -lc  \>/dev/null 2\>\&1
configure:10415: $? = 0
configure:10427: result: no
configure:10591: checking dynamic linker characteristics
configure:11024: x86_64-linux-gnu-gcc -o conftest -g -O2   -Wl,-rpath -Wl,/foo conftest.c  >&5
configure:11024: $? = 0
configure:11254: result: GNU/Linux ld.so
configure:11356: checking how to hardcode library paths into programs
configure:11381: result: immediate
configure:11909: checking whether stripping libraries is possible
configure:11914: result: yes
configure:11949: checking if libtool supports shared libraries
configure:11951: result: yes
configure:11954: checking whether to build shared libraries
configure:11975: result: yes
configure:11978: checking whether to build static libraries
configure:11982: result: yes
configure:12132: checking for ld used by x86_64-linux-gnu-g++
configure:12199: result: /usr/bin/ld -m elf_x86_64
configure:12206: checking if the linker (/usr/bin/ld -m elf_x86_64) is GNU ld
configure:12221: result: yes
configure:12276: checking whether the x86_64-linux-gnu-g++ linker (/usr/bin/ld -m elf_x86_64) supports shared libraries
configure:13184: result: yes
configure:13212: x86_64-linux-gnu-g++ -c -g -O2  conftest.cpp >&5
configure:13215: $? = 0
configure:13397: checking for x86_64-linux-gnu-g++ option to produce PIC
configure:13706: result: -fPIC -DPIC
configure:13715: checking if x86_64-linux-gnu-g++ PIC flag -fPIC -DPIC works
configure:13733: x86_64-linux-gnu-g++ -c -g -O2  -fPIC -DPIC -DPIC conftest.cpp >&5
configure:13737: $? = 0
configure:13750: result: yes
configure:13771: checking if x86_64-linux-gnu-g++ static flag -static works
configure:13799: result: yes
configure:13811: checking if x86_64-linux-gnu-g++ supports -c -o file.o
configure:13832: x86_64-linux-gnu-g++ -c -g -O2  -o out/conftest2.o conftest.cpp >&5
configure:13836: $? = 0
configure:13858: result: yes
configure:13863: checking if x86_64-linux-gnu-g++ supports -c -o file.o
configure:13910: result: yes
configure:13940: checking whether the x86_64-linux-gnu-g++ linker (/usr/bin/ld -m elf_x86_64) supports shared libraries
configure:13969: result: yes
configure:14106: checking dynamic linker characteristics
configure:14487: x86_64-linux-gnu-g++ -o conftest -g -O2   -Wl,-rpath -Wl,/foo conftest.cpp  >&5
configure:14487: $? = 0
configure:14717: result: GNU/Linux ld.so
configure:14768: checking how to hardcode library paths into programs
configure:14793: result: immediate
configure:14855: checking for bison
configure:14885: result: no
configure:14855: checking for byacc
configure:14885: result: no
configure:14898: checking for flex
configure:14928: result: no
configure:14898: checking for lex
configure:14928: result: no
configure:15058: checking for standard C++ header files
configure:15096: x86_64-linux-gnu-g++ -c -g -O2  conftest.cpp >&5
configure:15096: $? = 0
configure:15107: result: yes
configure:15185: checking gmp.h usability
configure:15185: x86_64-linux-gnu-g++ -c -g -O2  conftest.cpp >&5
configure:15185: $? = 0
configure:15185: result: yes
configure:15185: checking gmp.h presence
configure:15185: x86_64-linux-gnu-g++ -E  conftest.cpp
configure:15185: $? = 0
configure:15185: result: yes
configure:15185: checking for gmp.h
configure:15185: result: yes
configure:15190: checking for main in -lgmp
configure:15209: x86_64-linux-gnu-g++ -o conftest -g -O2   conftest.cpp -lgmp   >&5
configure:15209: $? = 0
configure:15218: result: yes
configure:15235: checking mpfr.h usability
configure:15235: x86_64-linux-gnu-g++ -c -g -O2  conftest.cpp >&5
configure:15235: $? = 0
configure:15235: result: yes
configure:15235: checking mpfr.h presence
configure:15235: x86_64-linux-gnu-g++ -E  conftest.cpp
configure:15235: $? = 0
configure:15235: result: yes
configure:15235: checking for mpfr.h
configure:15235: result: yes
configure:15240: checking for main in -lmpfr
configure:15259: x86_64-linux-gnu-g++ -o conftest -g -O2   conftest.cpp -lmpfr  -lgmp  >&5
configure:15259: $? = 0
configure:15268: result: yes
configure:15285: checking for mpfr_set_str_raw
configure:15285: x86_64-linux-gnu-g++ -o conftest -g -O2   conftest.cpp -lmpfr -lgmp  >&5
/tmp/cc0RoWmx.o: In function `main':
/home/parisse/giac-1.2.3/conftest.cpp:61: undefined reference to `mpfr_set_str_raw'
collect2: ld returned 1 exit status
configure:15285: $? = 1
configure: failed program was:
| /* confdefs.h */
| #define PACKAGE_NAME "giac"
| #define PACKAGE_TARNAME "giac"
| #define PACKAGE_VERSION "1.2.3"
| #define PACKAGE_STRING "giac 1.2.3"
| #define PACKAGE_BUGREPORT ""
| #define PACKAGE_URL ""
| #define PACKAGE "giac"
| #define VERSION "1.2.3"
| #define STDC_HEADERS 1
| #define HAVE_SYS_TYPES_H 1
| #define HAVE_SYS_STAT_H 1
| #define HAVE_STDLIB_H 1
| #define HAVE_STRING_H 1
| #define HAVE_MEMORY_H 1
| #define HAVE_STRINGS_H 1
| #define HAVE_INTTYPES_H 1
| #define HAVE_STDINT_H 1
| #define HAVE_UNISTD_H 1
| #define HAVE_DLFCN_H 1
| #define LT_OBJDIR ".libs/"
| #define HAVE_GMP_H 1
| #define HAVE_LIBGMP 1
| #define HAVE_MPFR_H 1
| #define HAVE_LIBMPFR 1
| /* end confdefs.h.  */
| /* Define mpfr_set_str_raw to an innocuous variant, in case <limits.h> declares mpfr_set_str_raw.
|    For example, HP-UX 11i <limits.h> declares gettimeofday.  */
| #define mpfr_set_str_raw innocuous_mpfr_set_str_raw
| 
| /* System header to define __stub macros and hopefully few prototypes,
|     which can conflict with char mpfr_set_str_raw (); below.
|     Prefer <limits.h> to <assert.h> if __STDC__ is defined, since
|     <limits.h> exists even on freestanding compilers.  */
| 
| #ifdef __STDC__
| # include <limits.h>
| #else
| # include <assert.h>
| #endif
| 
| #undef mpfr_set_str_raw
| 
| /* Override any GCC internal prototype to avoid an error.
|    Use char because int might match the return type of a GCC
|    builtin and then its argument prototype would still apply.  */
| #ifdef __cplusplus
| extern "C"
| #endif
| char mpfr_set_str_raw ();
| /* The GNU C library defines this for functions which it implements
|     to always fail with ENOSYS.  Some functions are actually named
|     something starting with __ and the normal name is an alias.  */
| #if defined __stub_mpfr_set_str_raw || defined __stub___mpfr_set_str_raw
| choke me
| #endif
| 
| int
| main ()
| {
| return mpfr_set_str_raw ();
|   ;
|   return 0;
| }
configure:15285: result: no
configure:15296: checking mpfi.h usability
configure:15296: x86_64-linux-gnu-g++ -c -g -O2  conftest.cpp >&5
configure:15296: $? = 0
configure:15296: result: yes
configure:15296: checking mpfi.h presence
configure:15296: x86_64-linux-gnu-g++ -E  conftest.cpp
configure:15296: $? = 0
configure:15296: result: yes
configure:15296: checking for mpfi.h
configure:15296: result: yes
configure:15301: checking for main in -lmpfi
configure:15320: x86_64-linux-gnu-g++ -o conftest -g -O2   conftest.cpp -lmpfi  -lmpfr -lgmp  >&5
configure:15320: $? = 0
configure:15329: result: yes
configure:15428: checking for main in -lm
configure:15447: x86_64-linux-gnu-g++ -o conftest -g -O2   conftest.cpp -lm  -lmpfi -lmpfr -lgmp  >&5
configure:15447: $? = 0
configure:15456: result: yes
configure:15469: checking png.h usability
configure:15469: x86_64-linux-gnu-g++ -c -g -O2  conftest.cpp >&5
configure:15469: $? = 0
configure:15469: result: yes
configure:15469: checking png.h presence
configure:15469: x86_64-linux-gnu-g++ -E  conftest.cpp
configure:15469: $? = 0
configure:15469: result: yes
configure:15469: checking for png.h
configure:15469: result: yes
configure:15474: checking for main in -lpng
configure:15493: x86_64-linux-gnu-g++ -o conftest -g -O2   conftest.cpp -lpng  -lm -lmpfi -lmpfr -lgmp  >&5
configure:15493: $? = 0
configure:15502: result: yes
configure:15527: checking for dlopen in -ldl
configure:15552: x86_64-linux-gnu-g++ -o conftest -g -O2   conftest.cpp -ldl  -lpng -lm -lmpfi -lmpfr -lgmp  >&5
configure:15552: $? = 0
configure:15561: result: yes
configure:15578: checking size of int
configure:15583: x86_64-linux-gnu-g++ -o conftest -g -O2   conftest.cpp -ldl -lpng -lm -lmpfi -lmpfr -lgmp  >&5
configure:15583: $? = 0
configure:15583: ./conftest
configure:15583: $? = 0
configure:15597: result: 4
configure:15611: checking size of long
configure:15616: x86_64-linux-gnu-g++ -o conftest -g -O2   conftest.cpp -ldl -lpng -lm -lmpfi -lmpfr -lgmp  >&5
configure:15616: $? = 0
configure:15616: ./conftest
configure:15616: $? = 0
configure:15630: result: 8
configure:15644: checking size of long long
configure:15649: x86_64-linux-gnu-g++ -o conftest -g -O2   conftest.cpp -ldl -lpng -lm -lmpfi -lmpfr -lgmp  >&5
configure:15649: $? = 0
configure:15649: ./conftest
configure:15649: $? = 0
configure:15663: result: 8
configure:15684: checking gsl/gsl_blas.h usability
configure:15684: x86_64-linux-gnu-g++ -c -g -O2  conftest.cpp >&5
configure:15684: $? = 0
configure:15684: result: yes
configure:15684: checking gsl/gsl_blas.h presence
configure:15684: x86_64-linux-gnu-g++ -E  conftest.cpp
configure:15684: $? = 0
configure:15684: result: yes
configure:15684: checking for gsl/gsl_blas.h
configure:15684: result: yes
configure:15696: checking gsl/gsl_eigen.h usability
configure:15696: x86_64-linux-gnu-g++ -c -g -O2  conftest.cpp >&5
configure:15696: $? = 0
configure:15696: result: yes
configure:15696: checking gsl/gsl_eigen.h presence
configure:15696: x86_64-linux-gnu-g++ -E  conftest.cpp
configure:15696: $? = 0
configure:15696: result: yes
configure:15696: checking for gsl/gsl_eigen.h
configure:15696: result: yes
configure:15712: checking for main in -lgslcblas
configure:15731: x86_64-linux-gnu-g++ -o conftest -g -O2   conftest.cpp -lgslcblas  -ldl -lpng -lm -lmpfi -lmpfr -lgmp  >&5
configure:15731: $? = 0
configure:15740: result: yes
configure:15753: checking for gsl_sf_gamma in -lgsl
configure:15778: x86_64-linux-gnu-g++ -o conftest -g -O2   conftest.cpp -lgsl  -lgslcblas -ldl -lpng -lm -lmpfi -lmpfr -lgmp  >&5
configure:15778: $? = 0
configure:15787: result: yes
configure:15828: checking for main in -lgfortran
configure:15847: x86_64-linux-gnu-g++ -o conftest -g -O2   conftest.cpp -lgfortran  -ldl -lpng -lm -lmpfi -lmpfr -lgmp  >&5
/usr/bin/ld: cannot find -lgfortran
collect2: ld returned 1 exit status
configure:15847: $? = 1
configure: failed program was:
| /* confdefs.h */
| #define PACKAGE_NAME "giac"
| #define PACKAGE_TARNAME "giac"
| #define PACKAGE_VERSION "1.2.3"
| #define PACKAGE_STRING "giac 1.2.3"
| #define PACKAGE_BUGREPORT ""
| #define PACKAGE_URL ""
| #define PACKAGE "giac"
| #define VERSION "1.2.3"
| #define STDC_HEADERS 1
| #define HAVE_SYS_TYPES_H 1
| #define HAVE_SYS_STAT_H 1
| #define HAVE_STDLIB_H 1
| #define HAVE_STRING_H 1
| #define HAVE_MEMORY_H 1
| #define HAVE_STRINGS_H 1
| #define HAVE_INTTYPES_H 1
| #define HAVE_STDINT_H 1
| #define HAVE_UNISTD_H 1
| #define HAVE_DLFCN_H 1
| #define LT_OBJDIR ".libs/"
| #define HAVE_GMP_H 1
| #define HAVE_LIBGMP 1
| #define HAVE_MPFR_H 1
| #define HAVE_LIBMPFR 1
| #define HAVE_MPFI_H 1
| #define HAVE_LIBMPFI 1
| #define DEBUG_SUPPORT /**/
| #define HAVE_LIBM 1
| #define HAVE_PNG_H 1
| #define HAVE_LIBPNG 1
| #define HAVE_LIBDL 1
| #define SIZEOF_INT 4
| #define SIZEOF_LONG 8
| #define SIZEOF_LONG_LONG 8
| #define HAVE_GSL_GSL_BLAS_H 1
| #define HAVE_GSL_GSL_EIGEN_H 1
| #define HAVE_LIBGSLCBLAS 1
| #define HAVE_LIBGSL 1
| /* end confdefs.h.  */
| 
| 
| int
| main ()
| {
| return main ();
|   ;
|   return 0;
| }
configure:15856: result: no
configure:15867: checking for main in -lblas
configure:15886: x86_64-linux-gnu-g++ -o conftest -g -O2   conftest.cpp -lblas  -ldl -lpng -lm -lmpfi -lmpfr -lgmp  >&5
configure:15886: $? = 0
configure:15895: result: yes
configure:15906: checking for main in -llapack
configure:15925: x86_64-linux-gnu-g++ -o conftest -g -O2   conftest.cpp -llapack  -lblas -ldl -lpng -lm -lmpfi -lmpfr -lgmp  >&5
/usr/bin/ld: cannot find -llapack
collect2: ld returned 1 exit status
configure:15925: $? = 1
configure: failed program was:
| /* confdefs.h */
| #define PACKAGE_NAME "giac"
| #define PACKAGE_TARNAME "giac"
| #define PACKAGE_VERSION "1.2.3"
| #define PACKAGE_STRING "giac 1.2.3"
| #define PACKAGE_BUGREPORT ""
| #define PACKAGE_URL ""
| #define PACKAGE "giac"
| #define VERSION "1.2.3"
| #define STDC_HEADERS 1
| #define HAVE_SYS_TYPES_H 1
| #define HAVE_SYS_STAT_H 1
| #define HAVE_STDLIB_H 1
| #define HAVE_STRING_H 1
| #define HAVE_MEMORY_H 1
| #define HAVE_STRINGS_H 1
| #define HAVE_INTTYPES_H 1
| #define HAVE_STDINT_H 1
| #define HAVE_UNISTD_H 1
| #define HAVE_DLFCN_H 1
| #define LT_OBJDIR ".libs/"
| #define HAVE_GMP_H 1
| #define HAVE_LIBGMP 1
| #define HAVE_MPFR_H 1
| #define HAVE_LIBMPFR 1
| #define HAVE_MPFI_H 1
| #define HAVE_LIBMPFI 1
| #define DEBUG_SUPPORT /**/
| #define HAVE_LIBM 1
| #define HAVE_PNG_H 1
| #define HAVE_LIBPNG 1
| #define HAVE_LIBDL 1
| #define SIZEOF_INT 4
| #define SIZEOF_LONG 8
| #define SIZEOF_LONG_LONG 8
| #define HAVE_GSL_GSL_BLAS_H 1
| #define HAVE_GSL_GSL_EIGEN_H 1
| #define HAVE_LIBGSLCBLAS 1
| #define HAVE_LIBGSL 1
| #define HAVE_LIBBLAS 1
| /* end confdefs.h.  */
| 
| 
| int
| main ()
| {
| return main ();
|   ;
|   return 0;
| }
configure:15934: result: no
configure:15961: checking pari/pari.h usability
configure:15961: x86_64-linux-gnu-g++ -c -g -O2  conftest.cpp >&5
configure:15961: $? = 0
configure:15961: result: yes
configure:15961: checking pari/pari.h presence
configure:15961: x86_64-linux-gnu-g++ -E  conftest.cpp
configure:15961: $? = 0
configure:15961: result: yes
configure:15961: checking for pari/pari.h
configure:15961: result: yes
configure:15976: checking for main in -lpari
configure:15995: x86_64-linux-gnu-g++ -o conftest -g -O2   conftest.cpp -lpari  -lblas -ldl -lpng -lm -lmpfi -lmpfr -lgmp  >&5
configure:15995: $? = 0
configure:16004: result: yes
configure:16042: checking NTL/ZZ.h usability
configure:16042: x86_64-linux-gnu-g++ -c -g -O2  conftest.cpp >&5
configure:16042: $? = 0
configure:16042: result: yes
configure:16042: checking NTL/ZZ.h presence
configure:16042: x86_64-linux-gnu-g++ -E  conftest.cpp
configure:16042: $? = 0
configure:16042: result: yes
configure:16042: checking for NTL/ZZ.h
configure:16042: result: yes
configure:16053: checking for main in -lntl
configure:16072: x86_64-linux-gnu-g++ -o conftest -g -O2   conftest.cpp -lntl  -lblas -ldl -lpng -lm -lmpfi -lmpfr -lgmp  >&5
configure:16072: $? = 0
configure:16081: result: yes
configure:16120: checking gmpxx.h usability
configure:16120: x86_64-linux-gnu-g++ -c -g -O2  conftest.cpp >&5
configure:16120: $? = 0
configure:16120: result: yes
configure:16120: checking gmpxx.h presence
configure:16120: x86_64-linux-gnu-g++ -E  conftest.cpp
configure:16120: $? = 0
configure:16120: result: yes
configure:16120: checking for gmpxx.h
configure:16120: result: yes
configure:16135: checking for main in -lgmpxx
configure:16154: x86_64-linux-gnu-g++ -o conftest -g -O2   conftest.cpp -lgmpxx  -lblas -ldl -lpng -lm -lmpfi -lmpfr -lgmp  >&5
configure:16154: $? = 0
configure:16163: result: yes
configure:16201: checking CoCoA/io.H usability
configure:16201: x86_64-linux-gnu-g++ -c -g -O2  conftest.cpp >&5
conftest.cpp:80:22: error: CoCoA/io.H: No such file or directory
configure:16201: $? = 1
configure: failed program was:
| /* confdefs.h */
| #define PACKAGE_NAME "giac"
| #define PACKAGE_TARNAME "giac"
| #define PACKAGE_VERSION "1.2.3"
| #define PACKAGE_STRING "giac 1.2.3"
| #define PACKAGE_BUGREPORT ""
| #define PACKAGE_URL ""
| #define PACKAGE "giac"
| #define VERSION "1.2.3"
| #define STDC_HEADERS 1
| #define HAVE_SYS_TYPES_H 1
| #define HAVE_SYS_STAT_H 1
| #define HAVE_STDLIB_H 1
| #define HAVE_STRING_H 1
| #define HAVE_MEMORY_H 1
| #define HAVE_STRINGS_H 1
| #define HAVE_INTTYPES_H 1
| #define HAVE_STDINT_H 1
| #define HAVE_UNISTD_H 1
| #define HAVE_DLFCN_H 1
| #define LT_OBJDIR ".libs/"
| #define HAVE_GMP_H 1
| #define HAVE_LIBGMP 1
| #define HAVE_MPFR_H 1
| #define HAVE_LIBMPFR 1
| #define HAVE_MPFI_H 1
| #define HAVE_LIBMPFI 1
| #define DEBUG_SUPPORT /**/
| #define HAVE_LIBM 1
| #define HAVE_PNG_H 1
| #define HAVE_LIBPNG 1
| #define HAVE_LIBDL 1
| #define SIZEOF_INT 4
| #define SIZEOF_LONG 8
| #define SIZEOF_LONG_LONG 8
| #define HAVE_GSL_GSL_BLAS_H 1
| #define HAVE_GSL_GSL_EIGEN_H 1
| #define HAVE_LIBGSLCBLAS 1
| #define HAVE_LIBGSL 1
| #define HAVE_LIBBLAS 1
| #define HAVE_PARI_PARI_H 1
| #define HAVE_LIBPARI 1
| #define HAVE_LIBNTL 1
| #define HAVE_GMPXX_H 1
| #define HAVE_LIBGMPXX 1
| /* end confdefs.h.  */
| #include <stdio.h>
| #ifdef HAVE_SYS_TYPES_H
| # include <sys/types.h>
| #endif
| #ifdef HAVE_SYS_STAT_H
| # include <sys/stat.h>
| #endif
| #ifdef STDC_HEADERS
| # include <stdlib.h>
| # include <stddef.h>
| #else
| # ifdef HAVE_STDLIB_H
| #  include <stdlib.h>
| # endif
| #endif
| #ifdef HAVE_STRING_H
| # if !defined STDC_HEADERS && defined HAVE_MEMORY_H
| #  include <memory.h>
| # endif
| # include <string.h>
| #endif
| #ifdef HAVE_STRINGS_H
| # include <strings.h>
| #endif
| #ifdef HAVE_INTTYPES_H
| # include <inttypes.h>
| #endif
| #ifdef HAVE_STDINT_H
| # include <stdint.h>
| #endif
| #ifdef HAVE_UNISTD_H
| # include <unistd.h>
| #endif
| #include <CoCoA/io.H>
configure:16201: result: no
configure:16201: checking CoCoA/io.H presence
configure:16201: x86_64-linux-gnu-g++ -E  conftest.cpp
conftest.cpp:47:22: error: CoCoA/io.H: No such file or directory
configure:16201: $? = 1
configure: failed program was:
| /* confdefs.h */
| #define PACKAGE_NAME "giac"
| #define PACKAGE_TARNAME "giac"
| #define PACKAGE_VERSION "1.2.3"
| #define PACKAGE_STRING "giac 1.2.3"
| #define PACKAGE_BUGREPORT ""
| #define PACKAGE_URL ""
| #define PACKAGE "giac"
| #define VERSION "1.2.3"
| #define STDC_HEADERS 1
| #define HAVE_SYS_TYPES_H 1
| #define HAVE_SYS_STAT_H 1
| #define HAVE_STDLIB_H 1
| #define HAVE_STRING_H 1
| #define HAVE_MEMORY_H 1
| #define HAVE_STRINGS_H 1
| #define HAVE_INTTYPES_H 1
| #define HAVE_STDINT_H 1
| #define HAVE_UNISTD_H 1
| #define HAVE_DLFCN_H 1
| #define LT_OBJDIR ".libs/"
| #define HAVE_GMP_H 1
| #define HAVE_LIBGMP 1
| #define HAVE_MPFR_H 1
| #define HAVE_LIBMPFR 1
| #define HAVE_MPFI_H 1
| #define HAVE_LIBMPFI 1
| #define DEBUG_SUPPORT /**/
| #define HAVE_LIBM 1
| #define HAVE_PNG_H 1
| #define HAVE_LIBPNG 1
| #define HAVE_LIBDL 1
| #define SIZEOF_INT 4
| #define SIZEOF_LONG 8
| #define SIZEOF_LONG_LONG 8
| #define HAVE_GSL_GSL_BLAS_H 1
| #define HAVE_GSL_GSL_EIGEN_H 1
| #define HAVE_LIBGSLCBLAS 1
| #define HAVE_LIBGSL 1
| #define HAVE_LIBBLAS 1
| #define HAVE_PARI_PARI_H 1
| #define HAVE_LIBPARI 1
| #define HAVE_LIBNTL 1
| #define HAVE_GMPXX_H 1
| #define HAVE_LIBGMPXX 1
| /* end confdefs.h.  */
| #include <CoCoA/io.H>
configure:16201: result: no
configure:16201: checking for CoCoA/io.H
configure:16201: result: no
configure:16278: checking ao/ao.h usability
configure:16278: x86_64-linux-gnu-g++ -c -g -O2  conftest.cpp >&5
configure:16278: $? = 0
configure:16278: result: yes
configure:16278: checking ao/ao.h presence
configure:16278: x86_64-linux-gnu-g++ -E  conftest.cpp
configure:16278: $? = 0
configure:16278: result: yes
configure:16278: checking for ao/ao.h
configure:16278: result: yes
configure:16288: checking for main in -lao
configure:16307: x86_64-linux-gnu-g++ -o conftest -g -O2   conftest.cpp -lao  -lblas -ldl -lpng -lm -lmpfi -lmpfr -lgmp  >&5
configure:16307: $? = 0
configure:16316: result: yes
configure:16351: checking for tgetent
configure:16351: x86_64-linux-gnu-g++ -o conftest -g -O2   conftest.cpp -lao -lblas -ldl -lpng -lm -lmpfi -lmpfr -lgmp  >&5
/tmp/ccCNXxai.o: In function `main':
/home/parisse/giac-1.2.3/conftest.cpp:82: undefined reference to `tgetent'
collect2: ld returned 1 exit status
configure:16351: $? = 1
configure: failed program was:
| /* confdefs.h */
| #define PACKAGE_NAME "giac"
| #define PACKAGE_TARNAME "giac"
| #define PACKAGE_VERSION "1.2.3"
| #define PACKAGE_STRING "giac 1.2.3"
| #define PACKAGE_BUGREPORT ""
| #define PACKAGE_URL ""
| #define PACKAGE "giac"
| #define VERSION "1.2.3"
| #define STDC_HEADERS 1
| #define HAVE_SYS_TYPES_H 1
| #define HAVE_SYS_STAT_H 1
| #define HAVE_STDLIB_H 1
| #define HAVE_STRING_H 1
| #define HAVE_MEMORY_H 1
| #define HAVE_STRINGS_H 1
| #define HAVE_INTTYPES_H 1
| #define HAVE_STDINT_H 1
| #define HAVE_UNISTD_H 1
| #define HAVE_DLFCN_H 1
| #define LT_OBJDIR ".libs/"
| #define HAVE_GMP_H 1
| #define HAVE_LIBGMP 1
| #define HAVE_MPFR_H 1
| #define HAVE_LIBMPFR 1
| #define HAVE_MPFI_H 1
| #define HAVE_LIBMPFI 1
| #define DEBUG_SUPPORT /**/
| #define HAVE_LIBM 1
| #define HAVE_PNG_H 1
| #define HAVE_LIBPNG 1
| #define HAVE_LIBDL 1
| #define SIZEOF_INT 4
| #define SIZEOF_LONG 8
| #define SIZEOF_LONG_LONG 8
| #define HAVE_GSL_GSL_BLAS_H 1
| #define HAVE_GSL_GSL_EIGEN_H 1
| #define HAVE_LIBGSLCBLAS 1
| #define HAVE_LIBGSL 1
| #define HAVE_LIBBLAS 1
| #define HAVE_PARI_PARI_H 1
| #define HAVE_LIBPARI 1
| #define HAVE_LIBNTL 1
| #define HAVE_GMPXX_H 1
| #define HAVE_LIBGMPXX 1
| #define HAVE_LIBAO 1
| /* end confdefs.h.  */
| /* Define tgetent to an innocuous variant, in case <limits.h> declares tgetent.
|    For example, HP-UX 11i <limits.h> declares gettimeofday.  */
| #define tgetent innocuous_tgetent
| 
| /* System header to define __stub macros and hopefully few prototypes,
|     which can conflict with char tgetent (); below.
|     Prefer <limits.h> to <assert.h> if __STDC__ is defined, since
|     <limits.h> exists even on freestanding compilers.  */
| 
| #ifdef __STDC__
| # include <limits.h>
| #else
| # include <assert.h>
| #endif
| 
| #undef tgetent
| 
| /* Override any GCC internal prototype to avoid an error.
|    Use char because int might match the return type of a GCC
|    builtin and then its argument prototype would still apply.  */
| #ifdef __cplusplus
| extern "C"
| #endif
| char tgetent ();
| /* The GNU C library defines this for functions which it implements
|     to always fail with ENOSYS.  Some functions are actually named
|     something starting with __ and the normal name is an alias.  */
| #if defined __stub_tgetent || defined __stub___tgetent
| choke me
| #endif
| 
| int
| main ()
| {
| return tgetent ();
|   ;
|   return 0;
| }
configure:16351: result: no
configure:16363: checking for tgetent in -lncurses
configure:16388: x86_64-linux-gnu-g++ -o conftest -g -O2   conftest.cpp -lncurses  -lao -lblas -ldl -lpng -lm -lmpfi -lmpfr -lgmp  >&5
configure:16388: $? = 0
configure:16397: result: yes
configure:16456: checking readline/readline.h usability
configure:16456: x86_64-linux-gnu-g++ -c -g -O2  conftest.cpp >&5
configure:16456: $? = 0
configure:16456: result: yes
configure:16456: checking readline/readline.h presence
configure:16456: x86_64-linux-gnu-g++ -E  conftest.cpp
configure:16456: $? = 0
configure:16456: result: yes
configure:16456: checking for readline/readline.h
configure:16456: result: yes
configure:16456: checking readline/history.h usability
configure:16456: x86_64-linux-gnu-g++ -c -g -O2  conftest.cpp >&5
configure:16456: $? = 0
configure:16456: result: yes
configure:16456: checking readline/history.h presence
configure:16456: x86_64-linux-gnu-g++ -E  conftest.cpp
configure:16456: $? = 0
configure:16456: result: yes
configure:16456: checking for readline/history.h
configure:16456: result: yes
configure:16470: checking for version of libreadline
configure:16493: x86_64-linux-gnu-g++ -c -g -O2  conftest.cpp >&5
configure:16493: $? = 0
configure:16498: result: yes
configure:16506: checking for readline in -lreadline
configure:16531: x86_64-linux-gnu-g++ -o conftest -g -O2   conftest.cpp -lreadline  -lncurses -lao -lblas -ldl -lpng -lm -lmpfi -lmpfr -lgmp  >&5
configure:16531: $? = 0
configure:16540: result: yes
configure:16903: checking for X
configure:17011: x86_64-linux-gnu-g++ -E  conftest.cpp
configure:17011: $? = 0
configure:17042: x86_64-linux-gnu-g++ -o conftest -g -O2   conftest.cpp -lX11 -lao -lblas -ldl -lpng -lm -lmpfi -lmpfr -lgmp  >&5
configure:17042: $? = 0
configure:17092: result: libraries , headers 
configure:17191: x86_64-linux-gnu-g++ -o conftest -g -O2   conftest.cpp -lao -lblas -ldl -lpng -lm -lmpfi -lmpfr -lgmp   -lX11 >&5
configure:17191: $? = 0
configure:17289: checking for gethostbyname
configure:17289: x86_64-linux-gnu-g++ -o conftest -g -O2   conftest.cpp -lao -lblas -ldl -lpng -lm -lmpfi -lmpfr -lgmp  >&5
configure:17289: $? = 0
configure:17289: result: yes
configure:17386: checking for connect
configure:17386: x86_64-linux-gnu-g++ -o conftest -g -O2   conftest.cpp -lao -lblas -ldl -lpng -lm -lmpfi -lmpfr -lgmp  >&5
configure:17386: $? = 0
configure:17386: result: yes
configure:17435: checking for remove
configure:17435: x86_64-linux-gnu-g++ -o conftest -g -O2   conftest.cpp -lao -lblas -ldl -lpng -lm -lmpfi -lmpfr -lgmp  >&5
configure:17435: $? = 0
configure:17435: result: yes
configure:17484: checking for shmat
configure:17484: x86_64-linux-gnu-g++ -o conftest -g -O2   conftest.cpp -lao -lblas -ldl -lpng -lm -lmpfi -lmpfr -lgmp  >&5
configure:17484: $? = 0
configure:17484: result: yes
configure:17542: checking for IceConnectionNumber in -lICE
configure:17567: x86_64-linux-gnu-g++ -o conftest -g -O2   conftest.cpp -lICE  -lao -lblas -ldl -lpng -lm -lmpfi -lmpfr -lgmp  >&5
configure:17567: $? = 0
configure:17576: result: yes
configure:17586: checking for main in -lGL
configure:17605: x86_64-linux-gnu-g++ -o conftest -g -O2   conftest.cpp -lGL  -lao -lblas -ldl -lpng -lm -lmpfi -lmpfr -lgmp  >&5
configure:17605: $? = 0
configure:17614: result: yes
configure:17627: checking for main in -lX11
configure:17646: x86_64-linux-gnu-g++ -o conftest -g -O2   conftest.cpp -lX11  -lGL -lao -lblas -ldl -lpng -lm -lmpfi -lmpfr -lgmp  >&5
configure:17646: $? = 0
configure:17655: result: yes
configure:17666: checking for main in -lXinerama
configure:17685: x86_64-linux-gnu-g++ -o conftest -g -O2   conftest.cpp -lXinerama  -lX11 -lGL -lao -lblas -ldl -lpng -lm -lmpfi -lmpfr -lgmp  >&5
/usr/bin/ld: cannot find -lXinerama
collect2: ld returned 1 exit status
configure:17685: $? = 1
configure: failed program was:
| /* confdefs.h */
| #define PACKAGE_NAME "giac"
| #define PACKAGE_TARNAME "giac"
| #define PACKAGE_VERSION "1.2.3"
| #define PACKAGE_STRING "giac 1.2.3"
| #define PACKAGE_BUGREPORT ""
| #define PACKAGE_URL ""
| #define PACKAGE "giac"
| #define VERSION "1.2.3"
| #define STDC_HEADERS 1
| #define HAVE_SYS_TYPES_H 1
| #define HAVE_SYS_STAT_H 1
| #define HAVE_STDLIB_H 1
| #define HAVE_STRING_H 1
| #define HAVE_MEMORY_H 1
| #define HAVE_STRINGS_H 1
| #define HAVE_INTTYPES_H 1
| #define HAVE_STDINT_H 1
| #define HAVE_UNISTD_H 1
| #define HAVE_DLFCN_H 1
| #define LT_OBJDIR ".libs/"
| #define HAVE_GMP_H 1
| #define HAVE_LIBGMP 1
| #define HAVE_MPFR_H 1
| #define HAVE_LIBMPFR 1
| #define HAVE_MPFI_H 1
| #define HAVE_LIBMPFI 1
| #define DEBUG_SUPPORT /**/
| #define HAVE_LIBM 1
| #define HAVE_PNG_H 1
| #define HAVE_LIBPNG 1
| #define HAVE_LIBDL 1
| #define SIZEOF_INT 4
| #define SIZEOF_LONG 8
| #define SIZEOF_LONG_LONG 8
| #define HAVE_GSL_GSL_BLAS_H 1
| #define HAVE_GSL_GSL_EIGEN_H 1
| #define HAVE_LIBGSLCBLAS 1
| #define HAVE_LIBGSL 1
| #define HAVE_LIBBLAS 1
| #define HAVE_PARI_PARI_H 1
| #define HAVE_LIBPARI 1
| #define HAVE_LIBNTL 1
| #define HAVE_GMPXX_H 1
| #define HAVE_LIBGMPXX 1
| #define HAVE_LIBAO 1
| #define HAVE_READLINE_READLINE_H 1
| #define HAVE_READLINE_HISTORY_H 1
| #define HAVE_LIBREADLINE 1
| #define HAVE_LIBGL 1
| #define HAVE_LIBX11 1
| /* end confdefs.h.  */
| 
| 
| int
| main ()
| {
| return main ();
|   ;
|   return 0;
| }
configure:17694: result: no
configure:17705: checking for main in -lfontconfig
configure:17724: x86_64-linux-gnu-g++ -o conftest -g -O2   conftest.cpp -lfontconfig  -lX11 -lGL -lao -lblas -ldl -lpng -lm -lmpfi -lmpfr -lgmp  >&5
configure:17724: $? = 0
configure:17733: result: yes
configure:17744: checking for main in -lXft
configure:17763: x86_64-linux-gnu-g++ -o conftest -g -O2   conftest.cpp -lXft  -lfontconfig -lX11 -lGL -lao -lblas -ldl -lpng -lm -lmpfi -lmpfr -lgmp  >&5
configure:17763: $? = 0
configure:17772: result: yes
configure:17783: checking for main in -lXext
configure:17802: x86_64-linux-gnu-g++ -o conftest -g -O2   conftest.cpp -lXext  -lXft -lfontconfig -lX11 -lGL -lao -lblas -ldl -lpng -lm -lmpfi -lmpfr -lgmp  >&5
configure:17802: $? = 0
configure:17811: result: yes
configure:17822: checking for main in -lfltk_gl
configure:17841: x86_64-linux-gnu-g++ -o conftest -g -O2   conftest.cpp -lfltk_gl  -lXext -lXft -lfontconfig -lX11 -lGL -lao -lblas -ldl -lpng -lm -lmpfi -lmpfr -lgmp  >&5
configure:17841: $? = 0
configure:17850: result: yes
configure:17861: checking for main in -lfltk
configure:17880: x86_64-linux-gnu-g++ -o conftest -g -O2   conftest.cpp -lfltk  -lfltk_gl -lXext -lXft -lfontconfig -lX11 -lGL -lao -lblas -ldl -lpng -lm -lmpfi -lmpfr -lgmp  >&5
configure:17880: $? = 0
configure:17889: result: yes
configure:17905: checking for main in -lz
configure:17924: x86_64-linux-gnu-g++ -o conftest -g -O2   conftest.cpp -lz  -lfltk -lfltk_gl -lXext -lXft -lfontconfig -lX11 -lGL -lao -lblas -ldl -lpng -lm -lmpfi -lmpfr -lgmp  >&5
configure:17924: $? = 0
configure:17933: result: yes
configure:17946: checking for png.h
configure:17946: result: yes
configure:17951: checking for main in -lpng
configure:17979: result: yes
configure:17994: checking for main in -ljpeg
configure:18013: x86_64-linux-gnu-g++ -o conftest -g -O2   conftest.cpp -ljpeg  -lpng -lz -lfltk -lfltk_gl -lXext -lXft -lfontconfig -lX11 -lGL -lao -lblas -ldl -lpng -lm -lmpfi -lmpfr -lgmp  >&5
configure:18013: $? = 0
configure:18022: result: yes
configure:18033: checking for main in -lfltk_images
configure:18052: x86_64-linux-gnu-g++ -o conftest -g -O2   conftest.cpp -lfltk_images  -ljpeg -lpng -lz -lfltk -lfltk_gl -lXext -lXft -lfontconfig -lX11 -lGL -lao -lblas -ldl -lpng -lm -lmpfi -lmpfr -lgmp  >&5
configure:18052: $? = 0
configure:18061: result: yes
configure:18077: checking for main in -lpthread
configure:18096: x86_64-linux-gnu-g++ -o conftest -g -O2   conftest.cpp -lpthread  -lao -lblas -ldl -lpng -lm -lmpfi -lmpfr -lgmp  >&5
configure:18096: $? = 0
configure:18105: result: yes
configure:18118: checking pthread.h usability
configure:18118: x86_64-linux-gnu-g++ -c -g -O2  conftest.cpp >&5
configure:18118: $? = 0
configure:18118: result: yes
configure:18118: checking pthread.h presence
configure:18118: x86_64-linux-gnu-g++ -E  conftest.cpp
configure:18118: $? = 0
configure:18118: result: yes
configure:18118: checking for pthread.h
configure:18118: result: yes
configure:18130: checking malloc.h usability
configure:18130: x86_64-linux-gnu-g++ -c -g -O2  conftest.cpp >&5
configure:18130: $? = 0
configure:18130: result: yes
configure:18130: checking malloc.h presence
configure:18130: x86_64-linux-gnu-g++ -E  conftest.cpp
configure:18130: $? = 0
configure:18130: result: yes
configure:18130: checking for malloc.h
configure:18130: result: yes
configure:18142: checking for sysconf
configure:18142: x86_64-linux-gnu-g++ -o conftest -g -O2   conftest.cpp -lpthread -lao -lblas -ldl -lpng -lm -lmpfi -lmpfr -lgmp  >&5

## ---------------- ##
## Cache variables. ##
## ---------------- ##

ac_cv_build=x86_64-pc-linux-gnu
ac_cv_c_compiler_gnu=yes
ac_cv_cxx_compiler_gnu=yes
ac_cv_env_CCC_set=
ac_cv_env_CCC_value=
ac_cv_env_CC_set=
ac_cv_env_CC_value=
ac_cv_env_CFLAGS_set=
ac_cv_env_CFLAGS_value=
ac_cv_env_CPPFLAGS_set=
ac_cv_env_CPPFLAGS_value=
ac_cv_env_CPP_set=
ac_cv_env_CPP_value=
ac_cv_env_CXXCPP_set=
ac_cv_env_CXXCPP_value=
ac_cv_env_CXXFLAGS_set=
ac_cv_env_CXXFLAGS_value=
ac_cv_env_CXX_set=
ac_cv_env_CXX_value=
ac_cv_env_LDFLAGS_set=
ac_cv_env_LDFLAGS_value=
ac_cv_env_LIBS_set=
ac_cv_env_LIBS_value=
ac_cv_env_XMKMF_set=
ac_cv_env_XMKMF_value=
ac_cv_env_YACC_set=
ac_cv_env_YACC_value=
ac_cv_env_YFLAGS_set=
ac_cv_env_YFLAGS_value=
ac_cv_env_build_alias_set=set
ac_cv_env_build_alias_value=x86_64-linux-gnu
ac_cv_env_host_alias_set=set
ac_cv_env_host_alias_value=x86_64-linux-gnu
ac_cv_env_target_alias_set=
ac_cv_env_target_alias_value=
ac_cv_func_connect=yes
ac_cv_func_gethostbyname=yes
ac_cv_func_mpfr_set_str_raw=no
ac_cv_func_remove=yes
ac_cv_func_shmat=yes
ac_cv_func_tgetent=no
ac_cv_have_x='have_x=yes	ac_x_includes='\'''\''	ac_x_libraries='\'''\'''
ac_cv_header_CoCoA_io_H=no
ac_cv_header_NTL_ZZ_h=yes
ac_cv_header_ao_ao_h=yes
ac_cv_header_dlfcn_h=yes
ac_cv_header_gmp_h=yes
ac_cv_header_gmpxx_h=yes
ac_cv_header_gsl_gsl_blas_h=yes
ac_cv_header_gsl_gsl_eigen_h=yes
ac_cv_header_inttypes_h=yes
ac_cv_header_malloc_h=yes
ac_cv_header_memory_h=yes
ac_cv_header_mpfi_h=yes
ac_cv_header_mpfr_h=yes
ac_cv_header_pari_pari_h=yes
ac_cv_header_png_h=yes
ac_cv_header_pthread_h=yes
ac_cv_header_readline_history_h=yes
ac_cv_header_readline_readline_h=yes
ac_cv_header_stdc=yes
ac_cv_header_stdint_h=yes
ac_cv_header_stdlib_h=yes
ac_cv_header_string_h=yes
ac_cv_header_strings_h=yes
ac_cv_header_sys_stat_h=yes
ac_cv_header_sys_types_h=yes
ac_cv_header_unistd_h=yes
ac_cv_host=x86_64-pc-linux-gnu
ac_cv_lib_GL_main=yes
ac_cv_lib_ICE_IceConnectionNumber=yes
ac_cv_lib_X11_main=yes
ac_cv_lib_Xext_main=yes
ac_cv_lib_Xft_main=yes
ac_cv_lib_Xinerama_main=no
ac_cv_lib_ao_main=yes
ac_cv_lib_blas_main=yes
ac_cv_lib_dl_dlopen=yes
ac_cv_lib_fltk_gl_main=yes
ac_cv_lib_fltk_images_main=yes
ac_cv_lib_fltk_main=yes
ac_cv_lib_fontconfig_main=yes
ac_cv_lib_gfortran_main=no
ac_cv_lib_gmp_main=yes
ac_cv_lib_gmpxx_main=yes
ac_cv_lib_gsl_gsl_sf_gamma=yes
ac_cv_lib_gslcblas_main=yes
ac_cv_lib_jpeg_main=yes
ac_cv_lib_lapack_main=no
ac_cv_lib_m_main=yes
ac_cv_lib_mpfi_main=yes
ac_cv_lib_mpfr_main=yes
ac_cv_lib_ncurses_tgetent=yes
ac_cv_lib_ntl_main=yes
ac_cv_lib_pari_main=yes
ac_cv_lib_png_main=yes
ac_cv_lib_pthread_main=yes
ac_cv_lib_readline_readline=yes
ac_cv_lib_z_main=yes
ac_cv_objext=o
ac_cv_path_EGREP='/bin/grep -E'
ac_cv_path_FGREP='/bin/grep -F'
ac_cv_path_GREP=/bin/grep
ac_cv_path_SED=/bin/sed
ac_cv_path_install='/usr/bin/install -c'
ac_cv_path_mkdir=/bin/mkdir
ac_cv_prog_AWK=mawk
ac_cv_prog_CC=x86_64-linux-gnu-gcc
ac_cv_prog_CPP='x86_64-linux-gnu-gcc -E'
ac_cv_prog_CXX=x86_64-linux-gnu-g++
ac_cv_prog_CXXCPP='x86_64-linux-gnu-g++ -E'
ac_cv_prog_ac_ct_AR=ar
ac_cv_prog_ac_ct_RANLIB=ranlib
ac_cv_prog_ac_ct_STRIP=strip
ac_cv_prog_cc_c89=
ac_cv_prog_cc_g=yes
ac_cv_prog_cxx_g=yes
ac_cv_prog_make_make_set=yes
ac_cv_sizeof_int=4
ac_cv_sizeof_long=8
ac_cv_sizeof_long_long=8
am_cv_CC_dependencies_compiler_type=gcc3
am_cv_CXX_dependencies_compiler_type=gcc3
ginac_cv_rl_supported=yes
ginac_cv_std_cxx_headers=yes
lt_cv_deplibs_check_method=pass_all
lt_cv_file_magic_cmd='$MAGIC_CMD'
lt_cv_file_magic_test_file=
lt_cv_ld_reload_flag=-r
lt_cv_nm_interface='BSD nm'
lt_cv_objdir=.libs
lt_cv_path_LD=/usr/bin/ld
lt_cv_path_LDCXX='/usr/bin/ld -m elf_x86_64'
lt_cv_path_NM='/usr/bin/nm -B'
lt_cv_prog_compiler_c_o=yes
lt_cv_prog_compiler_c_o_CXX=yes
lt_cv_prog_compiler_pic_works=yes
lt_cv_prog_compiler_pic_works_CXX=yes
lt_cv_prog_compiler_rtti_exceptions=no
lt_cv_prog_compiler_static_works=yes
lt_cv_prog_compiler_static_works_CXX=yes
lt_cv_prog_gnu_ld=yes
lt_cv_prog_gnu_ldcxx=yes
lt_cv_sys_global_symbol_pipe='sed -n -e '\''s/^.*[	 ]\([ABCDGIRSTW][ABCDGIRSTW]*\)[	 ][	 ]*\([_A-Za-z][_A-Za-z0-9]*\)$/\1 \2 \2/p'\'''
lt_cv_sys_global_symbol_to_c_name_address='sed -n -e '\''s/^: \([^ ]*\) $/  {\"\1\", (void *) 0},/p'\'' -e '\''s/^[ABCDGIRSTW]* \([^ ]*\) \([^ ]*\)$/  {"\2", (void *) \&\2},/p'\'''
lt_cv_sys_global_symbol_to_c_name_address_lib_prefix='sed -n -e '\''s/^: \([^ ]*\) $/  {\"\1\", (void *) 0},/p'\'' -e '\''s/^[ABCDGIRSTW]* \([^ ]*\) \(lib[^ ]*\)$/  {"\2", (void *) \&\2},/p'\'' -e '\''s/^[ABCDGIRSTW]* \([^ ]*\) \([^ ]*\)$/  {"lib\2", (void *) \&\2},/p'\'''
lt_cv_sys_global_symbol_to_cdecl='sed -n -e '\''s/^T .* \(.*\)$/extern int \1();/p'\'' -e '\''s/^[ABCDGIRSTW]* .* \(.*\)$/extern char \1;/p'\'''
lt_cv_sys_max_cmd_len=3458764513820540925

## ----------------- ##
## Output variables. ##
## ----------------- ##

ACLOCAL='${SHELL} /home/parisse/giac-1.2.3/config/missing --run aclocal-1.11'
ALLOCA=''
AMDEPBACKSLASH='\'
AMDEP_FALSE='#'
AMDEP_TRUE=''
AMTAR='$${TAR-tar}'
AO_LIBS=''
AR='ar'
AUTOCONF='${SHELL} /home/parisse/giac-1.2.3/config/missing --run autoconf'
AUTOHEADER='${SHELL} /home/parisse/giac-1.2.3/config/missing --run autoheader'
AUTOMAKE='${SHELL} /home/parisse/giac-1.2.3/config/missing --run automake-1.11'
AWK='mawk'
BUILD_INCLUDED_LIBINTL=''
CATOBJEXT=''
CC='x86_64-linux-gnu-gcc'
CCDEPMODE='depmode=gcc3'
CFLAGS='-g -O2'
COCOA_LIBS=''
CONFIG_AO='yes'
CONFIG_AO_FALSE='#'
CONFIG_AO_TRUE=''
CONFIG_COCOA='no'
CONFIG_COCOA_FALSE=''
CONFIG_COCOA_TRUE='#'
CONFIG_DOC_PROGS=''
CONFIG_GMPXX='yes'
CONFIG_GMPXX_FALSE='#'
CONFIG_GMPXX_TRUE=''
CONFIG_GSL='yes'
CONFIG_GSL_FALSE='#'
CONFIG_GSL_TRUE=''
CONFIG_NTL='yes'
CONFIG_NTL_FALSE='#'
CONFIG_NTL_TRUE=''
CONFIG_PARI='yes'
CONFIG_PARI_FALSE='#'
CONFIG_PARI_TRUE=''
CPP='x86_64-linux-gnu-gcc -E'
CPPFLAGS=''
CXX='x86_64-linux-gnu-g++'
CXXCPP='x86_64-linux-gnu-g++ -E'
CXXDEPMODE='depmode=gcc3'
CXXFLAGS='-g -O2'
CYGPATH_W='echo'
DATADIRNAME=''
DEFS=''
DEPDIR='.deps'
DOC_PROGS_FALSE=''
DOC_PROGS_TRUE=''
DSYMUTIL=''
DUMPBIN=''
DVIPS=''
ECHO_C=''
ECHO_N='-n'
ECHO_T=''
EGREP='/bin/grep -E'
EXEEXT=''
FGREP='/bin/grep -F'
GENCAT=''
GINSH_LIBS='-lreadline -lncurses -lao -lblas -ldl -lpng -lm -lmpfi -lmpfr -lgmp '
GLIBC21=''
GLIBC2=''
GMPXX_LIBS='-lgmpxx'
GMSGFMT=''
GREP='/bin/grep'
GSL_LIBS='-lgsl -lgslcblas'
GUI_LIBS='-lfltk_images -ljpeg -lpng -lz -lfltk -lfltk_gl -lXext -lXft -lfontconfig -lX11 -lGL -lao -lblas -ldl -lpng -lm -lmpfi -lmpfr -lgmp  '
HAVE_ASPRINTF=''
HAVE_POSIX_PRINTF=''
HAVE_SNPRINTF=''
HAVE_WPRINTF=''
INSTALL_DATA='${INSTALL} -m 644'
INSTALL_PROGRAM='${INSTALL}'
INSTALL_SCRIPT='${INSTALL}'
INSTALL_STRIP_PROGRAM='$(install_sh) -c -s'
INSTOBJEXT=''
INTLBISON=''
INTLLIBS=''
INTLOBJS=''
INTL_LIBTOOL_SUFFIX_PREFIX=''
INTL_MACOSX_LIBS=''
LATEX=''
LD='/usr/bin/ld -m elf_x86_64'
LDFLAGS=''
LEX='${SHELL} /home/parisse/giac-1.2.3/config/missing --run flex'
LEXLIB=''
LEX_OUTPUT_ROOT=''
LIBICONV=''
LIBINTL=''
LIBOBJS=''
LIBS='-lpthread -lao -lblas -ldl -lpng -lm -lmpfi -lmpfr -lgmp '
LIBTERMCAP='-lncurses'
LIBTOOL='$(SHELL) $(top_builddir)/libtool'
LIPO=''
LN_S='ln -s'
LTLIBICONV=''
LTLIBINTL=''
LTLIBOBJS=''
MAKEINDEX=''
MAKEINFO='${SHELL} /home/parisse/giac-1.2.3/config/missing --run makeinfo'
MKDIR_P='/bin/mkdir -p'
MKINSTALLDIRS=''
MSGFMT=''
MSGMERGE=''
NM='/usr/bin/nm -B'
NMEDIT=''
NTL_LIBS='-lntl'
OBJEXT='o'
OTOOL64=''
OTOOL=''
PACKAGE='giac'
PACKAGE_BUGREPORT=''
PACKAGE_NAME='giac'
PACKAGE_STRING='giac 1.2.3'
PACKAGE_TARNAME='giac'
PACKAGE_URL=''
PACKAGE_VERSION='1.2.3'
PARI_LIBS='-lpari'
PATH_SEPARATOR=':'
PDFLATEX=''
POSUB=''
RANLIB='ranlib'
SED='/bin/sed'
SET_MAKE=''
SHELL='/bin/bash'
STRIP='strip'
USE_INCLUDED_LIBINTL=''
USE_NLS=''
VERSION='1.2.3'
XGETTEXT=''
XMKMF=''
X_CFLAGS=''
X_EXTRA_LIBS=''
X_LIBS=''
X_PRE_LIBS=' -lSM -lICE'
YACC='yacc'
YFLAGS=''
ac_ct_CC=''
ac_ct_CXX=''
ac_ct_DUMPBIN=''
am__EXEEXT_FALSE=''
am__EXEEXT_TRUE=''
am__fastdepCC_FALSE='#'
am__fastdepCC_TRUE=''
am__fastdepCXX_FALSE='#'
am__fastdepCXX_TRUE=''
am__include='include'
am__isrc=''
am__leading_dot='.'
am__nodep='_no'
am__quote=''
am__tar='$${TAR-tar} chof - "$$tardir"'
am__untar='$${TAR-tar} xf -'
bindir='${exec_prefix}/bin'
build='x86_64-pc-linux-gnu'
build_alias='x86_64-linux-gnu'
build_cpu='x86_64'
build_os='linux-gnu'
build_vendor='pc'
datadir='${datarootdir}'
datarootdir='${prefix}/share'
docdir='${datarootdir}/doc/${PACKAGE_TARNAME}'
dvidir='${docdir}'
exec_prefix='NONE'
host='x86_64-pc-linux-gnu'
host_alias='x86_64-linux-gnu'
host_cpu='x86_64'
host_os='linux-gnu'
host_vendor='pc'
htmldir='${docdir}'
includedir='${prefix}/include'
infodir='${prefix}/share/info'
install_sh='${SHELL} /home/parisse/giac-1.2.3/config/install-sh'
libdir='${exec_prefix}/lib'
libexecdir='${exec_prefix}/libexec'
localedir='${datarootdir}/locale'
localstatedir='${prefix}/var'
lt_ECHO='echo'
mandir='${prefix}/share/man'
mkdir_p='/bin/mkdir -p'
oldincludedir='/usr/include'
pdfdir='${docdir}'
prefix='/usr'
program_transform_name='s,x,x,'
psdir='${docdir}'
sbindir='${exec_prefix}/sbin'
sharedstatedir='${prefix}/com'
sysconfdir='${prefix}/etc'
target_alias=''

## ----------- ##
## confdefs.h. ##
## ----------- ##

/* confdefs.h */
#define PACKAGE_NAME "giac"
#define PACKAGE_TARNAME "giac"
#define PACKAGE_VERSION "1.2.3"
#define PACKAGE_STRING "giac 1.2.3"
#define PACKAGE_BUGREPORT ""
#define PACKAGE_URL ""
#define PACKAGE "giac"
#define VERSION "1.2.3"
#define STDC_HEADERS 1
#define HAVE_SYS_TYPES_H 1
#define HAVE_SYS_STAT_H 1
#define HAVE_STDLIB_H 1
#define HAVE_STRING_H 1
#define HAVE_MEMORY_H 1
#define HAVE_STRINGS_H 1
#define HAVE_INTTYPES_H 1
#define HAVE_STDINT_H 1
#define HAVE_UNISTD_H 1
#define HAVE_DLFCN_H 1
#define LT_OBJDIR ".libs/"
#define HAVE_GMP_H 1
#define HAVE_LIBGMP 1
#define HAVE_MPFR_H 1
#define HAVE_LIBMPFR 1
#define HAVE_MPFI_H 1
#define HAVE_LIBMPFI 1
#define DEBUG_SUPPORT /**/
#define HAVE_LIBM 1
#define HAVE_PNG_H 1
#define HAVE_LIBPNG 1
#define HAVE_LIBDL 1
#define SIZEOF_INT 4
#define SIZEOF_LONG 8
#define SIZEOF_LONG_LONG 8
#define HAVE_GSL_GSL_BLAS_H 1
#define HAVE_GSL_GSL_EIGEN_H 1
#define HAVE_LIBGSLCBLAS 1
#define HAVE_LIBGSL 1
#define HAVE_LIBBLAS 1
#define HAVE_PARI_PARI_H 1
#define HAVE_LIBPARI 1
#define HAVE_LIBNTL 1
#define HAVE_GMPXX_H 1
#define HAVE_LIBGMPXX 1
#define HAVE_LIBAO 1
#define HAVE_READLINE_READLINE_H 1
#define HAVE_READLINE_HISTORY_H 1
#define HAVE_LIBREADLINE 1
#define HAVE_LIBGL 1
#define HAVE_LIBX11 1
#define HAVE_LIBFONTCONFIG 1
#define HAVE_LIBXFT 1
#define HAVE_LIBXEXT 1
#define HAVE_LIBFLTK_GL 1
#define HAVE_LIBFLTK 1
#define HAVE_LIBZ 1
#define HAVE_PNG_H 1
#define HAVE_LIBPNG 1
#define HAVE_LIBJPEG 1
#define HAVE_LIBFLTK_IMAGES 1
#define HAVE_LIBPTHREAD 1
#define HAVE_PTHREAD_H 1
#define HAVE_MALLOC_H 1

configure: caught signal 2
configure: exit 1
