This is pdfTeX, Version 3.1415926-2.4-1.40.13 (TeX Live 2012/Debian) (format=latex 2015.4.3)  5 MAY 2017 10:33
entering extended mode
 restricted \write18 enabled.
 %&-line parsing enabled.
**cas_el.tex
(./cas_el.tex
LaTeX2e <2011/06/27>
Babel <v3.8m> and hyphenation patterns for english, dumylang, nohyphenation, lo
aded.
(/usr/share/texlive/texmf-dist/tex/latex/base/article.cls
Document Class: article 2007/10/19 v1.4h Standard LaTeX document class
(/usr/share/texlive/texmf-dist/tex/latex/base/size10.clo
File: size10.clo 2007/10/19 v1.4h Standard LaTeX file (size option)
)
\c@part=\count79
\c@section=\count80
\c@subsection=\count81
\c@subsubsection=\count82
\c@paragraph=\count83
\c@subparagraph=\count84
\c@figure=\count85
\c@table=\count86
\abovecaptionskip=\skip41
\belowcaptionskip=\skip42
\bibindent=\dimen102
) (./cas_el.aux)
\openout1 = `cas_el.aux'.

LaTeX Font Info:    Checking defaults for OML/cmm/m/it on input line 2.
LaTeX Font Info:    ... okay on input line 2.
LaTeX Font Info:    Checking defaults for T1/cmr/m/n on input line 2.
LaTeX Font Info:    ... okay on input line 2.
LaTeX Font Info:    Checking defaults for OT1/cmr/m/n on input line 2.
LaTeX Font Info:    ... okay on input line 2.
LaTeX Font Info:    Checking defaults for OMS/cmsy/m/n on input line 2.
LaTeX Font Info:    ... okay on input line 2.
LaTeX Font Info:    Checking defaults for OMX/cmex/m/n on input line 2.
LaTeX Font Info:    ... okay on input line 2.
LaTeX Font Info:    Checking defaults for U/cmr/m/n on input line 2.
LaTeX Font Info:    ... okay on input line 2.

[1

]
Overfull \hbox (0.38774pt too wide) in paragraph at lines 74--78
[]\OT1/cmr/m/n/10 funciones tran-scen-den-tales : \OT1/cmtt/m/n/10 acos\OT1/cmr
/m/n/10 , \OT1/cmtt/m/n/10 acosh\OT1/cmr/m/n/10 , \OT1/cmtt/m/n/10 alog\OT1/cmr
/m/n/10 , \OT1/cmtt/m/n/10 asin\OT1/cmr/m/n/10 , \OT1/cmtt/m/n/10 asinh\OT1/cmr
/m/n/10 , \OT1/cmtt/m/n/10 atan\OT1/cmr/m/n/10 , \OT1/cmtt/m/n/10 atanh\OT1/cmr
/m/n/10 ,
 []

LaTeX Font Info:    External font `cmex10' loaded for size
(Font)              <7> on input line 83.
LaTeX Font Info:    External font `cmex10' loaded for size
(Font)              <5> on input line 83.
[2]
LaTeX Font Info:    Try loading font information for OMS+cmr on input line 95.
 (/usr/share/texlive/texmf-dist/tex/latex/base/omscmr.fd
File: omscmr.fd 1999/05/25 v2.5h Standard LaTeX font definitions
)
LaTeX Font Info:    Font shape `OMS/cmr/m/n' in size <10> not available
(Font)              Font shape `OMS/cmsy/m/n' tried instead on input line 95.
LaTeX Font Info:    Try loading font information for OMS+cmtt on input line 100
.
LaTeX Font Info:    No file OMScmtt.fd. on input line 100.


LaTeX Font Warning: Font shape `OMS/cmtt/m/n' undefined
(Font)              using `OMS/cmsy/m/n' instead
(Font)              for symbol `textbraceleft' on input line 100.

[3]
Overfull \hbox (5.8612pt too wide) in paragraph at lines 141--144
\OT1/cmr/m/n/10 en el di-rec-to-rio ac-tual, salvo cuando se ac-ti-van las vari
-ables de en-torno []\OT1/cmtt/m/n/10 SHOW_TIME\OT1/cmr/m/n/10 .
 []


Overfull \hbox (7.05487pt too wide) in paragraph at lines 174--175
\OT1/cmr/m/n/10 N^^Sotese que puedes usar []\OT1/cmtt/m/n/10 #include <giac/gia
c.h> \OT1/cmr/m/n/10 para in-cluir to-das las cabeceras
 []

[4]
Overfull \hbox (14.07219pt too wide) in paragraph at lines 182--183
[][]\OT1/cmtt/m/n/10 derive.cc intg.cc lin.cc series.cc subst.cc/.h\OT1/cmr/m/n
/10 : C^^Salculo. Derivaci^^Son
 []


Overfull \hbox (6.91652pt too wide) in paragraph at lines 198--205
[]\OT1/cmr/m/n/10 L^^See \OT1/cmtt/m/n/10 giac.texinfo \OT1/cmr/m/n/10 para obt
ener una corta de-scripci^^Son de las clases disponibles.
 []


Overfull \hbox (22.80463pt too wide) in paragraph at lines 198--205
\OT1/cmr/m/n/10 Al-gunos ejem-p-los de pro-gra-mas est^^San in-clu-i-dos: \OT1/
cmtt/m/n/10 src/factor.cc\OT1/cmr/m/n/10 , \OT1/cmtt/m/n/10 src/normalize.cc\OT
1/cmr/m/n/10 ,
 []

[5] (./cas_el.aux)

LaTeX Font Warning: Some font shapes were not available, defaults substituted.

 ) 
Here is how much of TeX's memory you used:
 245 strings out of 495060
 2732 string characters out of 3182054
 50977 words of memory out of 3000000
 3505 multiletter control sequences out of 15000+200000
 5533 words of font info for 21 fonts, out of 3000000 for 9000
 14 hyphenation exceptions out of 8191
 23i,4n,19p,452b,239s stack positions out of 5000i,500n,10000p,200000b,50000s

Output written on cas_el.dvi (5 pages, 15472 bytes).
