This file contains any messages produced by compilers while
running configure, to aid debugging if configure makes a mistake.

It was created by configure, which was
generated by GNU Autoconf 2.69.  Invocation command line was

  $ ./configure --disable-shared

## --------- ##
## Platform. ##
## --------- ##

hostname = parisse-VirtualBox
uname -m = x86_64
uname -r = 5.15.0-73-generic
uname -s = Linux
uname -v = #80~20.04.1-Ubuntu SMP Wed May 17 14:58:14 UTC 2023

/usr/bin/uname -p = x86_64
/bin/uname -X     = unknown

/bin/arch              = x86_64
/usr/bin/arch -k       = unknown
/usr/convex/getsysinfo = unknown
/usr/bin/hostinfo      = unknown
/bin/machine           = unknown
/usr/bin/oslevel       = unknown
/bin/universe          = unknown

PATH: /home/parisse/.local/bin
PATH: /usr/local/sbin
PATH: /usr/local/bin
PATH: /usr/sbin
PATH: /usr/bin
PATH: /sbin
PATH: /bin
PATH: /usr/games
PATH: /usr/local/games
PATH: /snap/bin
PATH: /home/parisse/Ndless-r2015/ndless-sdk/bin
PATH: /home/parisse/Ndless-r2015/ndless-sdk/toolchain/install/bin
PATH: /home/parisse/emsdk
PATH: /home/parisse/emsdk/upstream/emscripten
PATH: /home/parisse/emsdk/node/15.14.0_64bit/bin
PATH: /home/parisse/.local/bin


## ----------- ##
## Core tests. ##
## ----------- ##

configure:2508: checking build system type
configure:2522: result: x86_64-pc-linux-gnu
configure:2542: checking host system type
configure:2555: result: x86_64-pc-linux-gnu
configure:2632: checking for gcc
configure:2659: result: /usr/bin/gcc
configure:2888: checking for C compiler version
configure:2897: /usr/bin/gcc --version >&5
gcc (Ubuntu 9.4.0-1ubuntu1~20.04.2) 9.4.0
Copyright (C) 2019 Free Software Foundation, Inc.
This is free software; see the source for copying conditions.  There is NO
warranty; not even for MERCHANTABILITY or FITNESS FOR A PARTICULAR PURPOSE.

configure:2908: $? = 0
configure:2897: /usr/bin/gcc -v >&5
Using built-in specs.
COLLECT_GCC=/usr/bin/gcc
COLLECT_LTO_WRAPPER=/usr/lib/gcc/x86_64-linux-gnu/9/lto-wrapper
OFFLOAD_TARGET_NAMES=nvptx-none:hsa
OFFLOAD_TARGET_DEFAULT=1
Target: x86_64-linux-gnu
Configured with: ../src/configure -v --with-pkgversion='Ubuntu 9.4.0-1ubuntu1~20.04.2' --with-bugurl=file:///usr/share/doc/gcc-9/README.Bugs --enable-languages=c,ada,c++,go,brig,d,fortran,objc,obj-c++,gm2 --prefix=/usr --with-gcc-major-version-only --program-suffix=-9 --program-prefix=x86_64-linux-gnu- --enable-shared --enable-linker-build-id --libexecdir=/usr/lib --without-included-gettext --enable-threads=posix --libdir=/usr/lib --enable-nls --enable-clocale=gnu --enable-libstdcxx-debug --enable-libstdcxx-time=yes --with-default-libstdcxx-abi=new --enable-gnu-unique-object --disable-vtable-verify --enable-plugin --enable-default-pie --with-system-zlib --with-target-system-zlib=auto --enable-objc-gc=auto --enable-multiarch --disable-werror --with-arch-32=i686 --with-abi=m64 --with-multilib-list=m32,m64,mx32 --enable-multilib --with-tune=generic --enable-offload-targets=nvptx-none=/build/gcc-9-9QDOt0/gcc-9-9.4.0/debian/tmp-nvptx/usr,hsa --without-cuda-driver --enable-checking=release --build=x86_64-linux-gnu --host=x86_64-linux-gnu --target=x86_64-linux-gnu
Thread model: posix
gcc version 9.4.0 (Ubuntu 9.4.0-1ubuntu1~20.04.2) 
configure:2908: $? = 0
configure:2897: /usr/bin/gcc -V >&5
gcc: error: unrecognized command line option '-V'
gcc: fatal error: no input files
compilation terminated.
configure:2908: $? = 1
configure:2897: /usr/bin/gcc -qversion >&5
gcc: error: unrecognized command line option '-qversion'; did you mean '--version'?
gcc: fatal error: no input files
compilation terminated.
configure:2908: $? = 1
configure:2928: checking whether the C compiler works
configure:2950: /usr/bin/gcc    conftest.c  >&5
configure:2954: $? = 0
configure:3002: result: yes
configure:3005: checking for C compiler default output file name
configure:3007: result: a.out
configure:3013: checking for suffix of executables
configure:3020: /usr/bin/gcc -o conftest    conftest.c  >&5
configure:3024: $? = 0
configure:3046: result: 
configure:3068: checking whether we are cross compiling
configure:3076: /usr/bin/gcc -o conftest    conftest.c  >&5
configure:3080: $? = 0
configure:3087: ./conftest
configure:3091: $? = 0
configure:3079: result: no
configure:3084: checking for suffix of object files
configure:3106: /usr/bin/gcc -c   conftest.c >&5
configure:3110: $? = 0
configure:3131: result: o
configure:3135: checking whether we are using the GNU C compiler
configure:3154: /usr/bin/gcc -c   conftest.c >&5
configure:3154: $? = 0
configure:3163: result: yes
configure:3172: checking whether /usr/bin/gcc accepts -g
configure:3192: /usr/bin/gcc -c -g  conftest.c >&5
configure:3192: $? = 0
configure:3233: result: yes
configure:3250: checking for /usr/bin/gcc option to accept ISO C89
configure:3313: /usr/bin/gcc  -c   conftest.c >&5
configure:3313: $? = 0
configure:3326: result: none needed
configure:3458: checking for C++ compiler version
configure:3467: /usr/bin/g++ --version >&5
g++ (Ubuntu 9.4.0-1ubuntu1~20.04.2) 9.4.0
Copyright (C) 2019 Free Software Foundation, Inc.
This is free software; see the source for copying conditions.  There is NO
warranty; not even for MERCHANTABILITY or FITNESS FOR A PARTICULAR PURPOSE.

configure:3478: $? = 0
configure:3467: /usr/bin/g++ -v >&5
Using built-in specs.
COLLECT_GCC=/usr/bin/g++
COLLECT_LTO_WRAPPER=/usr/lib/gcc/x86_64-linux-gnu/9/lto-wrapper
OFFLOAD_TARGET_NAMES=nvptx-none:hsa
OFFLOAD_TARGET_DEFAULT=1
Target: x86_64-linux-gnu
Configured with: ../src/configure -v --with-pkgversion='Ubuntu 9.4.0-1ubuntu1~20.04.2' --with-bugurl=file:///usr/share/doc/gcc-9/README.Bugs --enable-languages=c,ada,c++,go,brig,d,fortran,objc,obj-c++,gm2 --prefix=/usr --with-gcc-major-version-only --program-suffix=-9 --program-prefix=x86_64-linux-gnu- --enable-shared --enable-linker-build-id --libexecdir=/usr/lib --without-included-gettext --enable-threads=posix --libdir=/usr/lib --enable-nls --enable-clocale=gnu --enable-libstdcxx-debug --enable-libstdcxx-time=yes --with-default-libstdcxx-abi=new --enable-gnu-unique-object --disable-vtable-verify --enable-plugin --enable-default-pie --with-system-zlib --with-target-system-zlib=auto --enable-objc-gc=auto --enable-multiarch --disable-werror --with-arch-32=i686 --with-abi=m64 --with-multilib-list=m32,m64,mx32 --enable-multilib --with-tune=generic --enable-offload-targets=nvptx-none=/build/gcc-9-9QDOt0/gcc-9-9.4.0/debian/tmp-nvptx/usr,hsa --without-cuda-driver --enable-checking=release --build=x86_64-linux-gnu --host=x86_64-linux-gnu --target=x86_64-linux-gnu
Thread model: posix
gcc version 9.4.0 (Ubuntu 9.4.0-1ubuntu1~20.04.2) 
configure:3478: $? = 0
configure:3467: /usr/bin/g++ -V >&5
g++: error: unrecognized command line option '-V'
g++: fatal error: no input files
compilation terminated.
configure:3478: $? = 1
configure:3467: /usr/bin/g++ -qversion >&5
g++: error: unrecognized command line option '-qversion'; did you mean '--version'?
g++: fatal error: no input files
compilation terminated.
configure:3478: $? = 1
configure:3482: checking whether we are using the GNU C++ compiler
configure:3501: /usr/bin/g++ -c   conftest.cpp >&5
configure:3501: $? = 0
configure:3510: result: yes
configure:3519: checking whether /usr/bin/g++ accepts -g
configure:3539: /usr/bin/g++ -c -g  conftest.cpp >&5
configure:3539: $? = 0
configure:3580: result: yes
configure:4090: checking for a BSD-compatible install
configure:4158: result: /usr/bin/install -c
configure:4180: checking for nroff
configure:4198: found /usr/bin/nroff
configure:4210: result: /usr/bin/nroff
configure:4268: checking for doxygen
configure:4301: result: no
configure:4350: checking for ranlib
configure:4366: found /usr/bin/ranlib
configure:4377: result: ranlib
configure:4445: checking for ar
configure:4463: found /usr/bin/ar
configure:4475: result: /usr/bin/ar
configure:4556: checking for windres
configure:4589: result: no
configure:4615: checking how to run the C preprocessor
configure:4646: /usr/bin/gcc -E  conftest.c
configure:4646: $? = 0
configure:4660: /usr/bin/gcc -E  conftest.c
conftest.c:9:10: fatal error: ac_nonexistent.h: No such file or directory
    9 | #include <ac_nonexistent.h>
      |          ^~~~~~~~~~~~~~~~~~
compilation terminated.
configure:4660: $? = 1
configure: failed program was:
| /* confdefs.h */
| #define PACKAGE_NAME ""
| #define PACKAGE_TARNAME ""
| #define PACKAGE_VERSION ""
| #define PACKAGE_STRING ""
| #define PACKAGE_BUGREPORT ""
| #define PACKAGE_URL ""
| /* end confdefs.h.  */
| #include <ac_nonexistent.h>
configure:4685: result: /usr/bin/gcc -E
configure:4705: /usr/bin/gcc -E  conftest.c
configure:4705: $? = 0
configure:4719: /usr/bin/gcc -E  conftest.c
conftest.c:9:10: fatal error: ac_nonexistent.h: No such file or directory
    9 | #include <ac_nonexistent.h>
      |          ^~~~~~~~~~~~~~~~~~
compilation terminated.
configure:4719: $? = 1
configure: failed program was:
| /* confdefs.h */
| #define PACKAGE_NAME ""
| #define PACKAGE_TARNAME ""
| #define PACKAGE_VERSION ""
| #define PACKAGE_STRING ""
| #define PACKAGE_BUGREPORT ""
| #define PACKAGE_URL ""
| /* end confdefs.h.  */
| #include <ac_nonexistent.h>
configure:4748: checking for grep that handles long lines and -e
configure:4806: result: /usr/bin/grep
configure:4811: checking for egrep
configure:4873: result: /usr/bin/grep -E
configure:4878: checking for ANSI C header files
configure:4898: /usr/bin/gcc -c   conftest.c >&5
configure:4898: $? = 0
configure:4971: /usr/bin/gcc -o conftest    conftest.c  >&5
configure:4971: $? = 0
configure:4971: ./conftest
configure:4971: $? = 0
configure:4982: result: yes
configure:4995: checking for sys/types.h
configure:4995: /usr/bin/gcc -c   conftest.c >&5
configure:4995: $? = 0
configure:4995: result: yes
configure:4995: checking for sys/stat.h
configure:4995: /usr/bin/gcc -c   conftest.c >&5
configure:4995: $? = 0
configure:4995: result: yes
configure:4995: checking for stdlib.h
configure:4995: /usr/bin/gcc -c   conftest.c >&5
configure:4995: $? = 0
configure:4995: result: yes
configure:4995: checking for string.h
configure:4995: /usr/bin/gcc -c   conftest.c >&5
configure:4995: $? = 0
configure:4995: result: yes
configure:4995: checking for memory.h
configure:4995: /usr/bin/gcc -c   conftest.c >&5
configure:4995: $? = 0
configure:4995: result: yes
configure:4995: checking for strings.h
configure:4995: /usr/bin/gcc -c   conftest.c >&5
configure:4995: $? = 0
configure:4995: result: yes
configure:4995: checking for inttypes.h
configure:4995: /usr/bin/gcc -c   conftest.c >&5
configure:4995: $? = 0
configure:4995: result: yes
configure:4995: checking for stdint.h
configure:4995: /usr/bin/gcc -c   conftest.c >&5
configure:4995: $? = 0
configure:4995: result: yes
configure:4995: checking for unistd.h
configure:4995: /usr/bin/gcc -c   conftest.c >&5
configure:4995: $? = 0
configure:4995: result: yes
configure:5011: checking size of short
configure:5016: /usr/bin/gcc -o conftest    conftest.c  >&5
configure:5016: $? = 0
configure:5016: ./conftest
configure:5016: $? = 0
configure:5030: result: 2
configure:5044: checking size of int
configure:5049: /usr/bin/gcc -o conftest    conftest.c  >&5
configure:5049: $? = 0
configure:5049: ./conftest
configure:5049: $? = 0
configure:5063: result: 4
configure:5077: checking size of long
configure:5082: /usr/bin/gcc -o conftest    conftest.c  >&5
configure:5082: $? = 0
configure:5082: ./conftest
configure:5082: $? = 0
configure:5096: result: 8
configure:5123: checking whether byte ordering is bigendian
configure:5138: /usr/bin/gcc -c   conftest.c >&5
conftest.c:25:9: error: unknown type name 'not'
   25 |         not a universal capable compiler
      |         ^~~
conftest.c:25:15: error: expected '=', ',', ';', 'asm' or '__attribute__' before 'universal'
   25 |         not a universal capable compiler
      |               ^~~~~~~~~
conftest.c:25:15: error: unknown type name 'universal'
configure:5138: $? = 1
configure: failed program was:
| /* confdefs.h */
| #define PACKAGE_NAME ""
| #define PACKAGE_TARNAME ""
| #define PACKAGE_VERSION ""
| #define PACKAGE_STRING ""
| #define PACKAGE_BUGREPORT ""
| #define PACKAGE_URL ""
| #define STDC_HEADERS 1
| #define HAVE_SYS_TYPES_H 1
| #define HAVE_SYS_STAT_H 1
| #define HAVE_STDLIB_H 1
| #define HAVE_STRING_H 1
| #define HAVE_MEMORY_H 1
| #define HAVE_STRINGS_H 1
| #define HAVE_INTTYPES_H 1
| #define HAVE_STDINT_H 1
| #define HAVE_UNISTD_H 1
| #define SIZEOF_SHORT 2
| #define SIZEOF_INT 4
| #define SIZEOF_LONG 8
| #define U16 unsigned short
| #define U32 unsigned
| /* end confdefs.h.  */
| #ifndef __APPLE_CC__
| 	       not a universal capable compiler
| 	     #endif
| 	     typedef int dummy;
| 
configure:5183: /usr/bin/gcc -c   conftest.c >&5
configure:5183: $? = 0
configure:5201: /usr/bin/gcc -c   conftest.c >&5
conftest.c: In function 'main':
conftest.c:31:4: error: unknown type name 'not'; did you mean 'ino_t'?
   31 |    not big endian
      |    ^~~
      |    ino_t
conftest.c:31:12: error: expected '=', ',', ';', 'asm' or '__attribute__' before 'endian'
   31 |    not big endian
      |            ^~~~~~
configure:5201: $? = 1
configure: failed program was:
| /* confdefs.h */
| #define PACKAGE_NAME ""
| #define PACKAGE_TARNAME ""
| #define PACKAGE_VERSION ""
| #define PACKAGE_STRING ""
| #define PACKAGE_BUGREPORT ""
| #define PACKAGE_URL ""
| #define STDC_HEADERS 1
| #define HAVE_SYS_TYPES_H 1
| #define HAVE_SYS_STAT_H 1
| #define HAVE_STDLIB_H 1
| #define HAVE_STRING_H 1
| #define HAVE_MEMORY_H 1
| #define HAVE_STRINGS_H 1
| #define HAVE_INTTYPES_H 1
| #define HAVE_STDINT_H 1
| #define HAVE_UNISTD_H 1
| #define SIZEOF_SHORT 2
| #define SIZEOF_INT 4
| #define SIZEOF_LONG 8
| #define U16 unsigned short
| #define U32 unsigned
| /* end confdefs.h.  */
| #include <sys/types.h>
| 		#include <sys/param.h>
| 
| int
| main ()
| {
| #if BYTE_ORDER != BIG_ENDIAN
| 		 not big endian
| 		#endif
| 
|   ;
|   return 0;
| }
configure:5329: result: no
configure:5360: checking whether the compiler recognizes bool as a built-in type
configure:5390: /usr/bin/g++ -c   conftest.cpp >&5
configure:5390: $? = 0
configure:5404: result: yes
configure:5414: checking for dirent.h that defines DIR
configure:5433: /usr/bin/gcc -c   conftest.c >&5
configure:5433: $? = 0
configure:5441: result: yes
configure:5454: checking for library containing opendir
configure:5485: /usr/bin/gcc -o conftest    conftest.c  >&5
configure:5485: $? = 0
configure:5502: result: none required
configure:5572: checking sys/select.h usability
configure:5572: /usr/bin/gcc -c   conftest.c >&5
configure:5572: $? = 0
configure:5572: result: yes
configure:5572: checking sys/select.h presence
configure:5572: /usr/bin/gcc -E  conftest.c
configure:5572: $? = 0
configure:5572: result: yes
configure:5572: checking for sys/select.h
configure:5572: result: yes
configure:5572: checking sys/stdtypes.h usability
configure:5572: /usr/bin/gcc -c   conftest.c >&5
conftest.c:60:10: fatal error: sys/stdtypes.h: No such file or directory
   60 | #include <sys/stdtypes.h>
      |          ^~~~~~~~~~~~~~~~
compilation terminated.
configure:5572: $? = 1
configure: failed program was:
| /* confdefs.h */
| #define PACKAGE_NAME ""
| #define PACKAGE_TARNAME ""
| #define PACKAGE_VERSION ""
| #define PACKAGE_STRING ""
| #define PACKAGE_BUGREPORT ""
| #define PACKAGE_URL ""
| #define STDC_HEADERS 1
| #define HAVE_SYS_TYPES_H 1
| #define HAVE_SYS_STAT_H 1
| #define HAVE_STDLIB_H 1
| #define HAVE_STRING_H 1
| #define HAVE_MEMORY_H 1
| #define HAVE_STRINGS_H 1
| #define HAVE_INTTYPES_H 1
| #define HAVE_STDINT_H 1
| #define HAVE_UNISTD_H 1
| #define SIZEOF_SHORT 2
| #define SIZEOF_INT 4
| #define SIZEOF_LONG 8
| #define U16 unsigned short
| #define U32 unsigned
| #define U64 unsigned long
| #define HAVE_DIRENT_H 1
| #define HAVE_SYS_SELECT_H 1
| /* end confdefs.h.  */
| #include <stdio.h>
| #ifdef HAVE_SYS_TYPES_H
| # include <sys/types.h>
| #endif
| #ifdef HAVE_SYS_STAT_H
| # include <sys/stat.h>
| #endif
| #ifdef STDC_HEADERS
| # include <stdlib.h>
| # include <stddef.h>
| #else
| # ifdef HAVE_STDLIB_H
| #  include <stdlib.h>
| # endif
| #endif
| #ifdef HAVE_STRING_H
| # if !defined STDC_HEADERS && defined HAVE_MEMORY_H
| #  include <memory.h>
| # endif
| # include <string.h>
| #endif
| #ifdef HAVE_STRINGS_H
| # include <strings.h>
| #endif
| #ifdef HAVE_INTTYPES_H
| # include <inttypes.h>
| #endif
| #ifdef HAVE_STDINT_H
| # include <stdint.h>
| #endif
| #ifdef HAVE_UNISTD_H
| # include <unistd.h>
| #endif
| #include <sys/stdtypes.h>
configure:5572: result: no
configure:5572: checking sys/stdtypes.h presence
configure:5572: /usr/bin/gcc -E  conftest.c
conftest.c:27:10: fatal error: sys/stdtypes.h: No such file or directory
   27 | #include <sys/stdtypes.h>
      |          ^~~~~~~~~~~~~~~~
compilation terminated.
configure:5572: $? = 1
configure: failed program was:
| /* confdefs.h */
| #define PACKAGE_NAME ""
| #define PACKAGE_TARNAME ""
| #define PACKAGE_VERSION ""
| #define PACKAGE_STRING ""
| #define PACKAGE_BUGREPORT ""
| #define PACKAGE_URL ""
| #define STDC_HEADERS 1
| #define HAVE_SYS_TYPES_H 1
| #define HAVE_SYS_STAT_H 1
| #define HAVE_STDLIB_H 1
| #define HAVE_STRING_H 1
| #define HAVE_MEMORY_H 1
| #define HAVE_STRINGS_H 1
| #define HAVE_INTTYPES_H 1
| #define HAVE_STDINT_H 1
| #define HAVE_UNISTD_H 1
| #define SIZEOF_SHORT 2
| #define SIZEOF_INT 4
| #define SIZEOF_LONG 8
| #define U16 unsigned short
| #define U32 unsigned
| #define U64 unsigned long
| #define HAVE_DIRENT_H 1
| #define HAVE_SYS_SELECT_H 1
| /* end confdefs.h.  */
| #include <sys/stdtypes.h>
configure:5572: result: no
configure:5572: checking for sys/stdtypes.h
configure:5572: result: no
configure:5583: checking whether we have the POSIX compatible scandir() prototype
configure:5612: /usr/bin/g++ -c   conftest.cpp >&5
configure:5612: $? = 0
configure:5626: result: yes
configure:5652: checking for vsnprintf
configure:5652: /usr/bin/gcc -o conftest    conftest.c  >&5
conftest.c:52:6: warning: conflicting types for built-in function 'vsnprintf'; expected 'int(char *, long unsigned int,  const char *, __va_list_tag *)' [-Wbuiltin-declaration-mismatch]
   52 | char vsnprintf ();
      |      ^~~~~~~~~
conftest.c:40:1: note: 'vsnprintf' is declared in header '<stdio.h>'
   39 | # include <limits.h>
   40 | #else
configure:5652: $? = 0
configure:5652: result: yes
configure:5671: checking for snprintf
configure:5671: /usr/bin/gcc -o conftest    conftest.c  >&5
conftest.c:53:6: warning: conflicting types for built-in function 'snprintf'; expected 'int(char *, long unsigned int,  const char *, ...)' [-Wbuiltin-declaration-mismatch]
   53 | char snprintf ();
      |      ^~~~~~~~
conftest.c:41:1: note: 'snprintf' is declared in header '<stdio.h>'
   40 | # include <limits.h>
   41 | #else
configure:5671: $? = 0
configure:5671: result: yes
configure:5692: checking for strings.h
configure:5692: result: yes
configure:5705: checking for strcasecmp
configure:5705: /usr/bin/gcc -o conftest    conftest.c  >&5
conftest.c:55:6: warning: conflicting types for built-in function 'strcasecmp'; expected 'int(const char *, const char *)' [-Wbuiltin-declaration-mismatch]
   55 | char strcasecmp ();
      |      ^~~~~~~~~~
configure:5705: $? = 0
configure:5705: result: yes
configure:5705: checking for strlcat
configure:5705: /usr/bin/gcc -o conftest    conftest.c  >&5
/usr/bin/ld: /tmp/ccCXzFe8.o: in function `main':
conftest.c:(.text+0xe): undefined reference to `strlcat'
collect2: error: ld returned 1 exit status
configure:5705: $? = 1
configure: failed program was:
| /* confdefs.h */
| #define PACKAGE_NAME ""
| #define PACKAGE_TARNAME ""
| #define PACKAGE_VERSION ""
| #define PACKAGE_STRING ""
| #define PACKAGE_BUGREPORT ""
| #define PACKAGE_URL ""
| #define STDC_HEADERS 1
| #define HAVE_SYS_TYPES_H 1
| #define HAVE_SYS_STAT_H 1
| #define HAVE_STDLIB_H 1
| #define HAVE_STRING_H 1
| #define HAVE_MEMORY_H 1
| #define HAVE_STRINGS_H 1
| #define HAVE_INTTYPES_H 1
| #define HAVE_STDINT_H 1
| #define HAVE_UNISTD_H 1
| #define SIZEOF_SHORT 2
| #define SIZEOF_INT 4
| #define SIZEOF_LONG 8
| #define U16 unsigned short
| #define U32 unsigned
| #define U64 unsigned long
| #define HAVE_DIRENT_H 1
| #define HAVE_SYS_SELECT_H 1
| #define HAVE_SCANDIR 1
| #define HAVE_SCANDIR_POSIX 1
| #define HAVE_VSNPRINTF 1
| #define HAVE_SNPRINTF 1
| #define HAVE_STRINGS_H 1
| #define HAVE_STRCASECMP 1
| /* end confdefs.h.  */
| /* Define strlcat to an innocuous variant, in case <limits.h> declares strlcat.
|    For example, HP-UX 11i <limits.h> declares gettimeofday.  */
| #define strlcat innocuous_strlcat
| 
| /* System header to define __stub macros and hopefully few prototypes,
|     which can conflict with char strlcat (); below.
|     Prefer <limits.h> to <assert.h> if __STDC__ is defined, since
|     <limits.h> exists even on freestanding compilers.  */
| 
| #ifdef __STDC__
| # include <limits.h>
| #else
| # include <assert.h>
| #endif
| 
| #undef strlcat
| 
| /* Override any GCC internal prototype to avoid an error.
|    Use char because int might match the return type of a GCC
|    builtin and then its argument prototype would still apply.  */
| #ifdef __cplusplus
| extern "C"
| #endif
| char strlcat ();
| /* The GNU C library defines this for functions which it implements
|     to always fail with ENOSYS.  Some functions are actually named
|     something starting with __ and the normal name is an alias.  */
| #if defined __stub_strlcat || defined __stub___strlcat
| choke me
| #endif
| 
| int
| main ()
| {
| return strlcat ();
|   ;
|   return 0;
| }
configure:5705: result: no
configure:5705: checking for strlcpy
configure:5705: /usr/bin/gcc -o conftest    conftest.c  >&5
/usr/bin/ld: /tmp/cc25Egdw.o: in function `main':
conftest.c:(.text+0xe): undefined reference to `strlcpy'
collect2: error: ld returned 1 exit status
configure:5705: $? = 1
configure: failed program was:
| /* confdefs.h */
| #define PACKAGE_NAME ""
| #define PACKAGE_TARNAME ""
| #define PACKAGE_VERSION ""
| #define PACKAGE_STRING ""
| #define PACKAGE_BUGREPORT ""
| #define PACKAGE_URL ""
| #define STDC_HEADERS 1
| #define HAVE_SYS_TYPES_H 1
| #define HAVE_SYS_STAT_H 1
| #define HAVE_STDLIB_H 1
| #define HAVE_STRING_H 1
| #define HAVE_MEMORY_H 1
| #define HAVE_STRINGS_H 1
| #define HAVE_INTTYPES_H 1
| #define HAVE_STDINT_H 1
| #define HAVE_UNISTD_H 1
| #define SIZEOF_SHORT 2
| #define SIZEOF_INT 4
| #define SIZEOF_LONG 8
| #define U16 unsigned short
| #define U32 unsigned
| #define U64 unsigned long
| #define HAVE_DIRENT_H 1
| #define HAVE_SYS_SELECT_H 1
| #define HAVE_SCANDIR 1
| #define HAVE_SCANDIR_POSIX 1
| #define HAVE_VSNPRINTF 1
| #define HAVE_SNPRINTF 1
| #define HAVE_STRINGS_H 1
| #define HAVE_STRCASECMP 1
| /* end confdefs.h.  */
| /* Define strlcpy to an innocuous variant, in case <limits.h> declares strlcpy.
|    For example, HP-UX 11i <limits.h> declares gettimeofday.  */
| #define strlcpy innocuous_strlcpy
| 
| /* System header to define __stub macros and hopefully few prototypes,
|     which can conflict with char strlcpy (); below.
|     Prefer <limits.h> to <assert.h> if __STDC__ is defined, since
|     <limits.h> exists even on freestanding compilers.  */
| 
| #ifdef __STDC__
| # include <limits.h>
| #else
| # include <assert.h>
| #endif
| 
| #undef strlcpy
| 
| /* Override any GCC internal prototype to avoid an error.
|    Use char because int might match the return type of a GCC
|    builtin and then its argument prototype would still apply.  */
| #ifdef __cplusplus
| extern "C"
| #endif
| char strlcpy ();
| /* The GNU C library defines this for functions which it implements
|     to always fail with ENOSYS.  Some functions are actually named
|     something starting with __ and the normal name is an alias.  */
| #if defined __stub_strlcpy || defined __stub___strlcpy
| choke me
| #endif
| 
| int
| main ()
| {
| return strlcpy ();
|   ;
|   return 0;
| }
configure:5705: result: no
configure:5717: checking locale.h usability
configure:5717: /usr/bin/gcc -c   conftest.c >&5
configure:5717: $? = 0
configure:5717: result: yes
configure:5717: checking locale.h presence
configure:5717: /usr/bin/gcc -E  conftest.c
configure:5717: $? = 0
configure:5717: result: yes
configure:5717: checking for locale.h
configure:5717: result: yes
configure:5729: checking for localeconv
configure:5729: /usr/bin/gcc -o conftest    conftest.c  >&5
configure:5729: $? = 0
configure:5729: result: yes
configure:5739: checking for library containing pow
configure:5770: /usr/bin/gcc -o conftest    conftest.c  >&5
conftest.c:42:6: warning: conflicting types for built-in function 'pow'; expected 'double(double,  double)' [-Wbuiltin-declaration-mismatch]
   42 | char pow ();
      |      ^~~
conftest.c:1:1: note: 'pow' is declared in header '<math.h>'
    1 | /* confdefs.h */
/usr/bin/ld: /tmp/cc3Zxbqn.o: in function `main':
conftest.c:(.text+0xe): undefined reference to `pow'
collect2: error: ld returned 1 exit status
configure:5770: $? = 1
configure: failed program was:
| /* confdefs.h */
| #define PACKAGE_NAME ""
| #define PACKAGE_TARNAME ""
| #define PACKAGE_VERSION ""
| #define PACKAGE_STRING ""
| #define PACKAGE_BUGREPORT ""
| #define PACKAGE_URL ""
| #define STDC_HEADERS 1
| #define HAVE_SYS_TYPES_H 1
| #define HAVE_SYS_STAT_H 1
| #define HAVE_STDLIB_H 1
| #define HAVE_STRING_H 1
| #define HAVE_MEMORY_H 1
| #define HAVE_STRINGS_H 1
| #define HAVE_INTTYPES_H 1
| #define HAVE_STDINT_H 1
| #define HAVE_UNISTD_H 1
| #define SIZEOF_SHORT 2
| #define SIZEOF_INT 4
| #define SIZEOF_LONG 8
| #define U16 unsigned short
| #define U32 unsigned
| #define U64 unsigned long
| #define HAVE_DIRENT_H 1
| #define HAVE_SYS_SELECT_H 1
| #define HAVE_SCANDIR 1
| #define HAVE_SCANDIR_POSIX 1
| #define HAVE_VSNPRINTF 1
| #define HAVE_SNPRINTF 1
| #define HAVE_STRINGS_H 1
| #define HAVE_STRCASECMP 1
| #define HAVE_LOCALE_H 1
| #define HAVE_LOCALECONV 1
| /* end confdefs.h.  */
| 
| /* Override any GCC internal prototype to avoid an error.
|    Use char because int might match the return type of a GCC
|    builtin and then its argument prototype would still apply.  */
| #ifdef __cplusplus
| extern "C"
| #endif
| char pow ();
| int
| main ()
| {
| return pow ();
|   ;
|   return 0;
| }
configure:5770: /usr/bin/gcc -o conftest    conftest.c -lm   >&5
conftest.c:42:6: warning: conflicting types for built-in function 'pow'; expected 'double(double,  double)' [-Wbuiltin-declaration-mismatch]
   42 | char pow ();
      |      ^~~
conftest.c:1:1: note: 'pow' is declared in header '<math.h>'
    1 | /* confdefs.h */
configure:5770: $? = 0
configure:5787: result: -lm
configure:5803: checking for special C compiler options needed for large files
configure:5848: result: no
configure:5854: checking for _FILE_OFFSET_BITS value needed for large files
configure:5879: /usr/bin/gcc -c   conftest.c >&5
configure:5879: $? = 0
configure:5911: result: no
configure:6011: checking for long long int
configure:6038: result: yes
configure:6046: checking for library containing dlsym
configure:6077: /usr/bin/gcc -o conftest    conftest.c -lm  >&5
/usr/bin/ld: /tmp/cccXiPoV.o: in function `main':
conftest.c:(.text+0xe): undefined reference to `dlsym'
collect2: error: ld returned 1 exit status
configure:6077: $? = 1
configure: failed program was:
| /* confdefs.h */
| #define PACKAGE_NAME ""
| #define PACKAGE_TARNAME ""
| #define PACKAGE_VERSION ""
| #define PACKAGE_STRING ""
| #define PACKAGE_BUGREPORT ""
| #define PACKAGE_URL ""
| #define STDC_HEADERS 1
| #define HAVE_SYS_TYPES_H 1
| #define HAVE_SYS_STAT_H 1
| #define HAVE_STDLIB_H 1
| #define HAVE_STRING_H 1
| #define HAVE_MEMORY_H 1
| #define HAVE_STRINGS_H 1
| #define HAVE_INTTYPES_H 1
| #define HAVE_STDINT_H 1
| #define HAVE_UNISTD_H 1
| #define SIZEOF_SHORT 2
| #define SIZEOF_INT 4
| #define SIZEOF_LONG 8
| #define U16 unsigned short
| #define U32 unsigned
| #define U64 unsigned long
| #define HAVE_DIRENT_H 1
| #define HAVE_SYS_SELECT_H 1
| #define HAVE_SCANDIR 1
| #define HAVE_SCANDIR_POSIX 1
| #define HAVE_VSNPRINTF 1
| #define HAVE_SNPRINTF 1
| #define HAVE_STRINGS_H 1
| #define HAVE_STRCASECMP 1
| #define HAVE_LOCALE_H 1
| #define HAVE_LOCALECONV 1
| #define HAVE_LONG_LONG 1
| /* end confdefs.h.  */
| 
| /* Override any GCC internal prototype to avoid an error.
|    Use char because int might match the return type of a GCC
|    builtin and then its argument prototype would still apply.  */
| #ifdef __cplusplus
| extern "C"
| #endif
| char dlsym ();
| int
| main ()
| {
| return dlsym ();
|   ;
|   return 0;
| }
configure:6077: /usr/bin/gcc -o conftest    conftest.c -ldl  -lm  >&5
configure:6077: $? = 0
configure:6094: result: -ldl
configure:6103: checking dlfcn.h usability
configure:6103: /usr/bin/gcc -c   conftest.c >&5
configure:6103: $? = 0
configure:6103: result: yes
configure:6103: checking dlfcn.h presence
configure:6103: /usr/bin/gcc -E  conftest.c
configure:6103: $? = 0
configure:6103: result: yes
configure:6103: checking for dlfcn.h
configure:6103: result: yes
configure:6123: checking alsa/asoundlib.h usability
configure:6123: /usr/bin/gcc -c   conftest.c >&5
configure:6123: $? = 0
configure:6123: result: yes
configure:6123: checking alsa/asoundlib.h presence
configure:6123: /usr/bin/gcc -E  conftest.c
configure:6123: $? = 0
configure:6123: result: yes
configure:6123: checking for alsa/asoundlib.h
configure:6123: result: yes
configure:6155: checking for jpeg_CreateCompress in -ljpeg
configure:6180: /usr/bin/gcc -o conftest    conftest.c -ljpeg  -ldl -lm  >&5
configure:6180: $? = 0
configure:6189: result: yes
configure:6192: checking jpeglib.h usability
configure:6192: /usr/bin/gcc -c   conftest.c >&5
configure:6192: $? = 0
configure:6192: result: yes
configure:6192: checking jpeglib.h presence
configure:6192: /usr/bin/gcc -E  conftest.c
configure:6192: $? = 0
configure:6192: result: yes
configure:6192: checking for jpeglib.h
configure:6192: result: yes
configure:6239: checking for gzgets in -lz
configure:6264: /usr/bin/gcc -o conftest    conftest.c -lz  -ldl -lm  >&5
configure:6264: $? = 0
configure:6273: result: yes
configure:6276: checking zlib.h usability
configure:6276: /usr/bin/gcc -c   conftest.c >&5
configure:6276: $? = 0
configure:6276: result: yes
configure:6276: checking zlib.h presence
configure:6276: /usr/bin/gcc -E  conftest.c
configure:6276: $? = 0
configure:6276: result: yes
configure:6276: checking for zlib.h
configure:6276: result: yes
configure:6327: checking for png_read_info in -lpng
configure:6352: /usr/bin/gcc -o conftest    conftest.c -lpng  -lz -ldl -lm  >&5
configure:6352: $? = 0
configure:6361: result: yes
configure:6364: checking png.h usability
configure:6364: /usr/bin/gcc -c   conftest.c >&5
configure:6364: $? = 0
configure:6364: result: yes
configure:6364: checking png.h presence
configure:6364: /usr/bin/gcc -E  conftest.c
configure:6364: $? = 0
configure:6364: result: yes
configure:6364: checking for png.h
configure:6364: result: yes
configure:6372: checking libpng/png.h usability
configure:6372: /usr/bin/gcc -c   conftest.c >&5
configure:6372: $? = 0
configure:6372: result: yes
configure:6372: checking libpng/png.h presence
configure:6372: /usr/bin/gcc -E  conftest.c
configure:6372: $? = 0
configure:6372: result: yes
configure:6372: checking for libpng/png.h
configure:6372: result: yes
configure:6413: checking for png_get_valid in -lpng
configure:6438: /usr/bin/gcc -o conftest    conftest.c -lpng  -lz -ldl -lm  >&5
configure:6438: $? = 0
configure:6447: result: yes
configure:6454: checking for png_set_tRNS_to_alpha in -lpng
configure:6479: /usr/bin/gcc -o conftest    conftest.c -lpng  -lz -ldl -lm  >&5
configure:6479: $? = 0
configure:6488: result: yes
configure:6528: checking pthread.h usability
configure:6528: /usr/bin/gcc -c   conftest.c >&5
configure:6528: $? = 0
configure:6528: result: yes
configure:6528: checking pthread.h presence
configure:6528: /usr/bin/gcc -E  conftest.c
configure:6528: $? = 0
configure:6528: result: yes
configure:6528: checking for pthread.h
configure:6528: result: yes
configure:6541: checking for pthread_create using -lpthreads
configure:6556: /usr/bin/gcc -o conftest    conftest.c -lpthreads -ldl -lm  >&5
conftest.c: In function 'main':
conftest.c:51:1: warning: null argument where non-null required (argument 1) [-Wnonnull]
   51 | pthread_create(0, 0, 0, 0);
      | ^~~~~~~~~~~~~~
conftest.c:51:1: warning: null argument where non-null required (argument 3) [-Wnonnull]
/usr/bin/ld: cannot find -lpthreads
collect2: error: ld returned 1 exit status
configure:6556: $? = 1
configure: failed program was:
| /* confdefs.h */
| #define PACKAGE_NAME ""
| #define PACKAGE_TARNAME ""
| #define PACKAGE_VERSION ""
| #define PACKAGE_STRING ""
| #define PACKAGE_BUGREPORT ""
| #define PACKAGE_URL ""
| #define STDC_HEADERS 1
| #define HAVE_SYS_TYPES_H 1
| #define HAVE_SYS_STAT_H 1
| #define HAVE_STDLIB_H 1
| #define HAVE_STRING_H 1
| #define HAVE_MEMORY_H 1
| #define HAVE_STRINGS_H 1
| #define HAVE_INTTYPES_H 1
| #define HAVE_STDINT_H 1
| #define HAVE_UNISTD_H 1
| #define SIZEOF_SHORT 2
| #define SIZEOF_INT 4
| #define SIZEOF_LONG 8
| #define U16 unsigned short
| #define U32 unsigned
| #define U64 unsigned long
| #define HAVE_DIRENT_H 1
| #define HAVE_SYS_SELECT_H 1
| #define HAVE_SCANDIR 1
| #define HAVE_SCANDIR_POSIX 1
| #define HAVE_VSNPRINTF 1
| #define HAVE_SNPRINTF 1
| #define HAVE_STRINGS_H 1
| #define HAVE_STRCASECMP 1
| #define HAVE_LOCALE_H 1
| #define HAVE_LOCALECONV 1
| #define HAVE_LONG_LONG 1
| #define HAVE_DLSYM 1
| #define HAVE_DLFCN_H 1
| #define HAVE_ALSA_ASOUNDLIB_H 1
| #define HAVE_LIBJPEG 1
| #define HAVE_LIBZ 1
| #define HAVE_PNG_H 1
| #define HAVE_LIBPNG_PNG_H 1
| #define HAVE_LIBPNG 1
| #define HAVE_PNG_GET_VALID 1
| #define HAVE_PNG_SET_TRNS_TO_ALPHA 1
| #define HAVE_PTHREAD_H 1
| /* end confdefs.h.  */
| #include <pthread.h>
| int
| main ()
| {
| pthread_create(0, 0, 0, 0);
|   ;
|   return 0;
| }
configure:6563: result: no
configure:6541: checking for pthread_create using -lpthread
configure:6556: /usr/bin/gcc -o conftest    conftest.c -lpthread -ldl -lm  >&5
conftest.c: In function 'main':
conftest.c:51:1: warning: null argument where non-null required (argument 1) [-Wnonnull]
   51 | pthread_create(0, 0, 0, 0);
      | ^~~~~~~~~~~~~~
conftest.c:51:1: warning: null argument where non-null required (argument 3) [-Wnonnull]
configure:6556: $? = 0
configure:6563: result: yes
configure:6705: checking for X
configure:6813: /usr/bin/gcc -E  conftest.c
configure:6813: $? = 0
configure:6844: /usr/bin/gcc -o conftest    conftest.c -lX11 -lpthread -ldl -lm  >&5
configure:6844: $? = 0
configure:6894: result: libraries , headers 
configure:6993: /usr/bin/gcc -o conftest    conftest.c -lpthread -ldl -lm   -lX11 >&5
configure:6993: $? = 0
configure:7091: checking for gethostbyname
configure:7091: /usr/bin/gcc -o conftest    conftest.c -lpthread -ldl -lm  >&5
configure:7091: $? = 0
configure:7091: result: yes
configure:7188: checking for connect
configure:7188: /usr/bin/gcc -o conftest    conftest.c -lpthread -ldl -lm  >&5
configure:7188: $? = 0
configure:7188: result: yes
configure:7237: checking for remove
configure:7237: /usr/bin/gcc -o conftest    conftest.c -lpthread -ldl -lm  >&5
configure:7237: $? = 0
configure:7237: result: yes
configure:7286: checking for shmat
configure:7286: /usr/bin/gcc -o conftest    conftest.c -lpthread -ldl -lm  >&5
configure:7286: $? = 0
configure:7286: result: yes
configure:7344: checking for IceConnectionNumber in -lICE
configure:7369: /usr/bin/gcc -o conftest    conftest.c -lICE  -lpthread -ldl -lm  >&5
configure:7369: $? = 0
configure:7378: result: yes
configure:7394: WARNING: Ignoring libraries " -lSM -lICE" requested by configure.
configure:7412: checking for library containing dlopen
configure:7443: /usr/bin/gcc -o conftest      conftest.c -lpthread -ldl -lm  -lX11  >&5
configure:7443: $? = 0
configure:7460: result: none required
configure:7468: checking GL/gl.h usability
configure:7468: /usr/bin/gcc -c    conftest.c >&5
configure:7468: $? = 0
configure:7468: result: yes
configure:7468: checking GL/gl.h presence
configure:7468: /usr/bin/gcc -E  conftest.c
configure:7468: $? = 0
configure:7468: result: yes
configure:7468: checking for GL/gl.h
configure:7468: result: yes
configure:7470: checking for glXMakeCurrent in -lGL
configure:7495: /usr/bin/gcc -o conftest      conftest.c -lGL -lm -lpthread -ldl -lm  -lX11  >&5
configure:7495: $? = 0
configure:7504: result: yes
configure:7555: checking for glXGetProcAddressARB in -lGL
configure:7580: /usr/bin/gcc -o conftest      conftest.c -lGL -lm -lpthread -ldl -lm  -lX11  >&5
configure:7580: $? = 0
configure:7589: result: yes
configure:7600: checking GL/glu.h usability
configure:7600: /usr/bin/gcc -c    conftest.c >&5
configure:7600: $? = 0
configure:7600: result: yes
configure:7600: checking GL/glu.h presence
configure:7600: /usr/bin/gcc -E  conftest.c
configure:7600: $? = 0
configure:7600: result: yes
configure:7600: checking for GL/glu.h
configure:7600: result: yes
configure:7636: checking for XineramaIsActive in -lXinerama
configure:7661: /usr/bin/gcc -o conftest      conftest.c -lXinerama  -lpthread -ldl -lm  -lX11  >&5
configure:7661: $? = 0
configure:7670: result: yes
configure:7692: checking for pkg-config
configure:7710: found /usr/bin/pkg-config
configure:7722: result: /usr/bin/pkg-config
configure:7792: checking for FcPatternCreate in -lfontconfig
configure:7817: /usr/bin/gcc -o conftest -I/usr/include/uuid -I/usr/include/freetype2 -I/usr/include/libpng16   -I/usr/include/uuid -I/usr/include/freetype2 -I/usr/include/libpng16    conftest.c -lfontconfig  -lXinerama -lpthread -ldl -lm  -lX11  >&5
configure:7817: $? = 0
configure:7826: result: yes
configure:7837: checking X11/Xft/Xft.h usability
configure:7837: /usr/bin/gcc -c -I/usr/include/uuid -I/usr/include/freetype2 -I/usr/include/libpng16   -I/usr/include/uuid -I/usr/include/freetype2 -I/usr/include/libpng16  conftest.c >&5
configure:7837: $? = 0
configure:7837: result: yes
configure:7837: checking X11/Xft/Xft.h presence
configure:7837: /usr/bin/gcc -E -I/usr/include/uuid -I/usr/include/freetype2 -I/usr/include/libpng16  conftest.c
configure:7837: $? = 0
configure:7837: result: yes
configure:7837: checking for X11/Xft/Xft.h
configure:7837: result: yes
configure:7839: checking for XftDrawCreate in -lXft
configure:7864: /usr/bin/gcc -o conftest -I/usr/include/uuid -I/usr/include/freetype2 -I/usr/include/libpng16   -I/usr/include/uuid -I/usr/include/freetype2 -I/usr/include/libpng16    conftest.c -lXft  -lfontconfig -lXinerama -lpthread -ldl -lm  -lX11  >&5
configure:7864: $? = 0
configure:7873: result: yes
configure:7905: checking for X11/extensions/Xdbe.h
configure:7905: /usr/bin/gcc -c -I/usr/include/uuid -I/usr/include/freetype2 -I/usr/include/libpng16   -I/usr/include/uuid -I/usr/include/freetype2 -I/usr/include/libpng16  conftest.c >&5
configure:7905: $? = 0
configure:7905: result: yes
configure:7908: checking for XdbeQueryExtension in -lXext
configure:7933: /usr/bin/gcc -o conftest -I/usr/include/uuid -I/usr/include/freetype2 -I/usr/include/libpng16   -I/usr/include/uuid -I/usr/include/freetype2 -I/usr/include/libpng16    conftest.c -lXext  -lXft -lfontconfig -lXinerama -lpthread -ldl -lm  -lX11  >&5
configure:7933: $? = 0
configure:7942: result: yes
configure:7964: checking for X11/extensions/Xfixes.h
configure:7964: /usr/bin/gcc -c -I/usr/include/uuid -I/usr/include/freetype2 -I/usr/include/libpng16   -I/usr/include/uuid -I/usr/include/freetype2 -I/usr/include/libpng16  conftest.c >&5
configure:7964: $? = 0
configure:7964: result: yes
configure:7967: checking for XFixesQueryExtension in -lXfixes
configure:7992: /usr/bin/gcc -o conftest -I/usr/include/uuid -I/usr/include/freetype2 -I/usr/include/libpng16   -I/usr/include/uuid -I/usr/include/freetype2 -I/usr/include/libpng16    conftest.c -lXfixes  -lXext -lXft -lfontconfig -lXinerama -lpthread -ldl -lm  -lX11  >&5
configure:7992: $? = 0
configure:8001: result: yes
configure:8023: checking for X11/Xcursor/Xcursor.h
configure:8023: /usr/bin/gcc -c -I/usr/include/uuid -I/usr/include/freetype2 -I/usr/include/libpng16   -I/usr/include/uuid -I/usr/include/freetype2 -I/usr/include/libpng16  conftest.c >&5
configure:8023: $? = 0
configure:8023: result: yes
configure:8026: checking for XcursorImageCreate in -lXcursor
configure:8051: /usr/bin/gcc -o conftest -I/usr/include/uuid -I/usr/include/freetype2 -I/usr/include/libpng16   -I/usr/include/uuid -I/usr/include/freetype2 -I/usr/include/libpng16    conftest.c -lXcursor  -lXfixes -lXext -lXft -lfontconfig -lXinerama -lpthread -ldl -lm  -lX11  >&5
configure:8051: $? = 0
configure:8060: result: yes
configure:8082: checking for X11/extensions/Xrender.h
configure:8082: /usr/bin/gcc -c -I/usr/include/uuid -I/usr/include/freetype2 -I/usr/include/libpng16   -I/usr/include/uuid -I/usr/include/freetype2 -I/usr/include/libpng16  conftest.c >&5
configure:8082: $? = 0
configure:8082: result: yes
configure:8085: checking for XRenderQueryVersion in -lXrender
configure:8110: /usr/bin/gcc -o conftest -I/usr/include/uuid -I/usr/include/freetype2 -I/usr/include/libpng16   -I/usr/include/uuid -I/usr/include/freetype2 -I/usr/include/libpng16    conftest.c -lXrender  -lXcursor -lXfixes -lXext -lXft -lfontconfig -lXinerama -lpthread -ldl -lm  -lX11  >&5
configure:8110: $? = 0
configure:8119: result: yes
configure:8133: checking for X11/Xregion.h
configure:8133: /usr/bin/gcc -c -I/usr/include/uuid -I/usr/include/freetype2 -I/usr/include/libpng16   -I/usr/include/uuid -I/usr/include/freetype2 -I/usr/include/libpng16  conftest.c >&5
configure:8133: $? = 0
configure:8133: result: yes
configure:8144: checking for xprop
configure:8162: found /usr/bin/xprop
configure:8174: result: /usr/bin/xprop
configure:8182: checking for X overlay visuals
configure:8197: result: no
configure:8344: checking if GCC supports -fno-exceptions
configure:8359: /usr/bin/gcc -c -I/usr/include/uuid -I/usr/include/freetype2 -I/usr/include/libpng16   -fno-exceptions -I/usr/include/uuid -I/usr/include/freetype2 -I/usr/include/libpng16  conftest.c >&5
configure:8359: $? = 0
configure:8361: result: yes
configure:8371: checking if GCC supports -fno-strict-aliasing
configure:8386: /usr/bin/gcc -c -I/usr/include/uuid -I/usr/include/freetype2 -I/usr/include/libpng16   -fno-strict-aliasing -I/usr/include/uuid -I/usr/include/freetype2 -I/usr/include/libpng16  conftest.c >&5
configure:8386: $? = 0
configure:8388: result: yes
configure:8398: checking if ld supports -no-undefined
configure:8413: /usr/bin/gcc -o conftest -I/usr/include/uuid -I/usr/include/freetype2 -I/usr/include/libpng16   -I/usr/include/uuid -I/usr/include/freetype2 -I/usr/include/libpng16    -Wl,-no-undefined conftest.c -lXrender -lXcursor -lXfixes -lXext -lXft -lfontconfig -lXinerama -lpthread -ldl -lm  -lX11  >&5
configure:8413: $? = 0
configure:8415: result: yes
configure:8426: checking if ld supports -Bsymbolic-functions
configure:8441: /usr/bin/gcc -o conftest -I/usr/include/uuid -I/usr/include/freetype2 -I/usr/include/libpng16   -I/usr/include/uuid -I/usr/include/freetype2 -I/usr/include/libpng16    -Wl,-Bsymbolic-functions conftest.c -lXrender -lXcursor -lXfixes -lXext -lXft -lfontconfig -lXinerama -lpthread -ldl -lm  -lX11  >&5
configure:8441: $? = 0
configure:8443: result: yes
configure:8454: checking if toolchain supports sections
configure:8471: /usr/bin/gcc -o conftest -I/usr/include/uuid -I/usr/include/freetype2 -I/usr/include/libpng16   -ffunction-sections -fdata-sections -I/usr/include/uuid -I/usr/include/freetype2 -I/usr/include/libpng16    -Wl,-gc-sections conftest.c -lXrender -lXcursor -lXfixes -lXext -lXft -lfontconfig -lXinerama -lpthread -ldl -lm  -lX11  >&5
configure:8471: $? = 0
configure:8474: result: yes
configure:8870: creating ./config.status

## ---------------------- ##
## Running config.status. ##
## ---------------------- ##

This file was extended by config.status, which was
generated by GNU Autoconf 2.69.  Invocation command line was

  CONFIG_FILES    = 
  CONFIG_HEADERS  = 
  CONFIG_LINKS    = 
  CONFIG_COMMANDS = 
  $ ./config.status 

on parisse-VirtualBox

config.status:937: creating makeinclude
config.status:937: creating fltk.list
config.status:937: creating fltk-config
config.status:937: creating fltk.spec
config.status:937: creating FL/Makefile
config.status:937: creating config.h
config.status:937: creating FL/abi-version.h
config.status:1112: FL/abi-version.h is unchanged

## ---------------- ##
## Cache variables. ##
## ---------------- ##

ac_cv_build=x86_64-pc-linux-gnu
ac_cv_c_bigendian=no
ac_cv_c_compiler_gnu=yes
ac_cv_c_long_long=yes
ac_cv_cxx_bool=yes
ac_cv_cxx_compiler_gnu=yes
ac_cv_cxx_scandir_posix=yes
ac_cv_env_CCC_set=
ac_cv_env_CCC_value=
ac_cv_env_CC_set=set
ac_cv_env_CC_value=/usr/bin/gcc
ac_cv_env_CFLAGS_set=
ac_cv_env_CFLAGS_value=
ac_cv_env_CPPFLAGS_set=
ac_cv_env_CPPFLAGS_value=
ac_cv_env_CPP_set=
ac_cv_env_CPP_value=
ac_cv_env_CXXFLAGS_set=
ac_cv_env_CXXFLAGS_value=
ac_cv_env_CXX_set=set
ac_cv_env_CXX_value=/usr/bin/g++
ac_cv_env_LDFLAGS_set=
ac_cv_env_LDFLAGS_value=
ac_cv_env_LIBS_set=
ac_cv_env_LIBS_value=
ac_cv_env_XMKMF_set=
ac_cv_env_XMKMF_value=
ac_cv_env_build_alias_set=
ac_cv_env_build_alias_value=
ac_cv_env_host_alias_set=
ac_cv_env_host_alias_value=
ac_cv_env_target_alias_set=
ac_cv_env_target_alias_value=
ac_cv_func_connect=yes
ac_cv_func_gethostbyname=yes
ac_cv_func_localeconv=yes
ac_cv_func_remove=yes
ac_cv_func_shmat=yes
ac_cv_func_snprintf=yes
ac_cv_func_strcasecmp=yes
ac_cv_func_strlcat=no
ac_cv_func_strlcpy=no
ac_cv_func_vsnprintf=yes
ac_cv_have_overlay=no
ac_cv_have_x='have_x=yes	ac_x_includes='\'''\''	ac_x_libraries='\'''\'''
ac_cv_header_GL_gl_h=yes
ac_cv_header_GL_glu_h=yes
ac_cv_header_X11_Xcursor_Xcursor_h=yes
ac_cv_header_X11_Xft_Xft_h=yes
ac_cv_header_X11_Xregion_h=yes
ac_cv_header_X11_extensions_Xdbe_h=yes
ac_cv_header_X11_extensions_Xfixes_h=yes
ac_cv_header_X11_extensions_Xrender_h=yes
ac_cv_header_alsa_asoundlib_h=yes
ac_cv_header_dirent_dirent_h=yes
ac_cv_header_dlfcn_h=yes
ac_cv_header_inttypes_h=yes
ac_cv_header_jpeglib_h=yes
ac_cv_header_libpng_png_h=yes
ac_cv_header_locale_h=yes
ac_cv_header_memory_h=yes
ac_cv_header_png_h=yes
ac_cv_header_pthread_h=yes
ac_cv_header_stdc=yes
ac_cv_header_stdint_h=yes
ac_cv_header_stdlib_h=yes
ac_cv_header_string_h=yes
ac_cv_header_strings_h=yes
ac_cv_header_sys_select_h=yes
ac_cv_header_sys_stat_h=yes
ac_cv_header_sys_stdtypes_h=no
ac_cv_header_sys_types_h=yes
ac_cv_header_unistd_h=yes
ac_cv_header_zlib_h=yes
ac_cv_host=x86_64-pc-linux-gnu
ac_cv_lib_GL_glXGetProcAddressARB=yes
ac_cv_lib_GL_glXMakeCurrent=yes
ac_cv_lib_ICE_IceConnectionNumber=yes
ac_cv_lib_Xcursor_XcursorImageCreate=yes
ac_cv_lib_Xext_XdbeQueryExtension=yes
ac_cv_lib_Xfixes_XFixesQueryExtension=yes
ac_cv_lib_Xft_XftDrawCreate=yes
ac_cv_lib_Xinerama_XineramaIsActive=yes
ac_cv_lib_Xrender_XRenderQueryVersion=yes
ac_cv_lib_fontconfig_FcPatternCreate=yes
ac_cv_lib_jpeg_jpeg_CreateCompress=yes
ac_cv_lib_png_png_get_valid=yes
ac_cv_lib_png_png_read_info=yes
ac_cv_lib_png_png_set_tRNS_to_alpha=yes
ac_cv_lib_z_gzgets=yes
ac_cv_objext=o
ac_cv_path_EGREP='/usr/bin/grep -E'
ac_cv_path_GREP=/usr/bin/grep
ac_cv_path_NROFF=/usr/bin/nroff
ac_cv_path_PKGCONFIG=/usr/bin/pkg-config
ac_cv_path_XPROP=/usr/bin/xprop
ac_cv_path_ac_pt_AR=/usr/bin/ar
ac_cv_path_install='/usr/bin/install -c'
ac_cv_prog_CPP='/usr/bin/gcc -E'
ac_cv_prog_ac_ct_CC=/usr/bin/gcc
ac_cv_prog_ac_ct_RANLIB=ranlib
ac_cv_prog_cc_c89=
ac_cv_prog_cc_g=yes
ac_cv_prog_cxx_g=yes
ac_cv_search_dlopen='none required'
ac_cv_search_dlsym=-ldl
ac_cv_search_opendir='none required'
ac_cv_search_pow=-lm
ac_cv_sizeof_int=4
ac_cv_sizeof_long=8
ac_cv_sizeof_short=2
ac_cv_sys_file_offset_bits=no
ac_cv_sys_largefile_CC=no

## ----------------- ##
## Output variables. ##
## ----------------- ##

AR='/usr/bin/ar'
ARCHFLAGS=''
AUDIOLIBS='-lasound'
BINARY_DIR=''
CAIRODIR=''
CAIRODSONAME=''
CAIROFLAGS=''
CAIROLIBBASENAME='libfltk_cairo.a'
CAIROLIBNAME='../lib/libfltk_cairo.a'
CAIROLIBS=''
CAT1EXT='1'
CAT3EXT='3'
CAT6EXT='6'
CC='/usr/bin/gcc'
CFLAGS='-I/usr/include/uuid -I/usr/include/freetype2 -I/usr/include/libpng16  '
CPP='/usr/bin/gcc -E'
CPPFLAGS='-I/usr/include/uuid -I/usr/include/freetype2 -I/usr/include/libpng16 '
CXX='/usr/bin/g++'
CXXFLAGS='-I/usr/include/uuid -I/usr/include/freetype2 -I/usr/include/libpng16  '
DEFS='-DHAVE_CONFIG_H'
DOXYDOC=''
DSOCOMMAND='echo'
DSOFLAGS='  -Wl,-no-undefined -Wl,-Bsymbolic-functions -Wl,-gc-sections'
DSOLINK=''
DSONAME=''
ECHO_C=''
ECHO_N='-n'
ECHO_T=''
EGREP='/usr/bin/grep -E'
EXEEXT=''
FLDSONAME=''
FLLIBBASENAME='libfltk_forms.a'
FLLIBNAME='../lib/libfltk_forms.a'
FLTKCAIROOPTION=''
FLTK_VERSION='1.3.8'
FLTK_VERSION_MAJOR='1'
FLTK_VERSION_MINOR='3'
FLTK_VERSION_PATCH='8'
FLUID='fluid'
FLUID_BUILD='../fluid/fluid'
FL_ABI_VERSION='1.3.0'
FL_DSO_VERSION='1.3'
FTCONFIG=''
GLDEMOS='gldemos'
GLDSONAME=''
GLLIBBASENAME='libfltk_gl.a'
GLLIBNAME='../lib/libfltk_gl.a'
GLLIBS='-lGLU -lGL'
GREP='/usr/bin/grep'
GROFF=''
HLINKS='#'
IMAGELIBS='-lpng -lz -ljpeg '
IMGDSONAME=''
IMGLIBBASENAME='libfltk_images.a'
IMGLIBNAME='../lib/libfltk_images.a'
INSTALL_DATA='${INSTALL} -m 644'
INSTALL_DESKTOP='install-linux'
INSTALL_PROGRAM='${INSTALL}'
INSTALL_SCRIPT='${INSTALL}'
JPEG=''
JPEGINC=''
LARGEFILE='-D_LARGEFILE_SOURCE -D_LARGEFILE64_SOURCE'
LDFLAGS=' '
LIBBASENAME='libfltk.a'
LIBCOMMAND='/usr/bin/ar cr'
LIBEXT='.a'
LIBNAME='../lib/libfltk.a'
LIBOBJS=''
LIBS='-lXrender -lXcursor -lXfixes -lXext -lXft -lfontconfig -lXinerama -lpthread -ldl -lm  -lX11 '
LINKFLTK='../lib/libfltk.a'
LINKFLTKCAIRO=''
LINKFLTKFORMS='../lib/libfltk_forms.a'
LINKFLTKGL='../lib/libfltk_gl.a'
LINKFLTKIMG='../lib/libfltk_images.a'
LINKSHARED=' ../lib/libfltk_images.a ../lib/libfltk_forms.a ../lib/libfltk.a'
LTLIBOBJS=''
MAKEDEPEND='$(CXX) -M'
NROFF='/usr/bin/nroff'
OBJEXT='o'
OPTIM=' -Os -Wall -Wunused -Wno-format-y2k  -fno-exceptions -fno-strict-aliasing -ffunction-sections -fdata-sections'
OSX_ONLY=':'
PACKAGE_BUGREPORT=''
PACKAGE_NAME=''
PACKAGE_STRING=''
PACKAGE_TARNAME=''
PACKAGE_URL=''
PACKAGE_VERSION=''
PATH_SEPARATOR=':'
PKGCONFIG='/usr/bin/pkg-config'
PNG=''
PNGINC=''
PTHREAD_FLAGS='-D_THREAD_SAFE -D_REENTRANT'
RANLIB='ranlib'
RC=''
SHAREDSUFFIX=''
SHELL='/bin/bash'
STATICIMAGELIBS='-lpng -lz -ljpeg '
THREADS='threads'
UNINSTALL_DESKTOP='uninstall-linux'
USEMMFILES='No'
XMKMF=''
XPROP='/usr/bin/xprop'
X_CFLAGS=''
X_EXTRA_LIBS=''
X_LIBS=''
X_PRE_LIBS=' -lSM -lICE'
ZLIB=''
ZLIBINC=''
ac_ct_CC='/usr/bin/gcc'
ac_ct_CXX=''
bindir='${exec_prefix}/bin'
build='x86_64-pc-linux-gnu'
build_alias=''
build_cpu='x86_64'
build_os='linux-gnu'
build_vendor='pc'
datadir='${datarootdir}'
datarootdir='${prefix}/share'
docdir='${datarootdir}/doc/${PACKAGE}'
dvidir='${docdir}'
exec_prefix='${prefix}'
host='x86_64-pc-linux-gnu'
host_alias=''
host_cpu='x86_64'
host_os='linux-gnu'
host_vendor='pc'
htmldir='${docdir}'
includedir='${prefix}/include'
infodir='${datarootdir}/info'
libdir='${exec_prefix}/lib'
libexecdir='${exec_prefix}/libexec'
localedir='${datarootdir}/locale'
localstatedir='${prefix}/var'
mandir='${datarootdir}/man'
oldincludedir='/usr/include'
pdfdir='${docdir}'
prefix='/usr/local'
program_transform_name='s,x,x,'
psdir='${docdir}'
runstatedir='${localstatedir}/run'
sbindir='${exec_prefix}/sbin'
sharedstatedir='${prefix}/com'
sysconfdir='${prefix}/etc'
target_alias=''

## ----------- ##
## confdefs.h. ##
## ----------- ##

/* confdefs.h */
#define PACKAGE_NAME ""
#define PACKAGE_TARNAME ""
#define PACKAGE_VERSION ""
#define PACKAGE_STRING ""
#define PACKAGE_BUGREPORT ""
#define PACKAGE_URL ""
#define STDC_HEADERS 1
#define HAVE_SYS_TYPES_H 1
#define HAVE_SYS_STAT_H 1
#define HAVE_STDLIB_H 1
#define HAVE_STRING_H 1
#define HAVE_MEMORY_H 1
#define HAVE_STRINGS_H 1
#define HAVE_INTTYPES_H 1
#define HAVE_STDINT_H 1
#define HAVE_UNISTD_H 1
#define SIZEOF_SHORT 2
#define SIZEOF_INT 4
#define SIZEOF_LONG 8
#define U16 unsigned short
#define U32 unsigned
#define U64 unsigned long
#define HAVE_DIRENT_H 1
#define HAVE_SYS_SELECT_H 1
#define HAVE_SCANDIR 1
#define HAVE_SCANDIR_POSIX 1
#define HAVE_VSNPRINTF 1
#define HAVE_SNPRINTF 1
#define HAVE_STRINGS_H 1
#define HAVE_STRCASECMP 1
#define HAVE_LOCALE_H 1
#define HAVE_LOCALECONV 1
#define HAVE_LONG_LONG 1
#define HAVE_DLSYM 1
#define HAVE_DLFCN_H 1
#define HAVE_ALSA_ASOUNDLIB_H 1
#define HAVE_LIBJPEG 1
#define HAVE_LIBZ 1
#define HAVE_PNG_H 1
#define HAVE_LIBPNG_PNG_H 1
#define HAVE_LIBPNG 1
#define HAVE_PNG_GET_VALID 1
#define HAVE_PNG_SET_TRNS_TO_ALPHA 1
#define HAVE_PTHREAD_H 1
#define HAVE_PTHREAD 1
#define HAVE_PTHREAD 1
#define USE_X11 1
#define HAVE_GL 1
#define HAVE_GLXGETPROCADDRESSARB 1
#define HAVE_GL_GLU_H 1
#define HAVE_XINERAMA 1
#define HAVE_LIBFONTCONFIG 1
#define USE_XFT 1
#define HAVE_XDBE 1
#define HAVE_XFIXES 1
#define HAVE_XCURSOR 1
#define HAVE_XRENDER 1
#define HAVE_X11_XREGION_H 1
#define FLTK_DOCDIR "/usr/local/share/doc/fltk"
#define FLTK_DATADIR "/usr/local/share/fltk"

configure: exit 0
